2025-07-23 09:11:54,395 264555 INFO ? odoo: Odoo version 17.0 
2025-07-23 09:11:54,395 264555 INFO ? odoo: Using configuration file at /home/deachawat/dev/projects/Odoo/Odoo17/odoo-dev.conf 
2025-07-23 09:11:54,395 264555 INFO ? odoo: addons paths: ['/home/deachawat/dev/projects/Odoo/Odoo17/odoo/addons', '/home/deachawat/dev/projects/Odoo/Odoo17/data/addons/17.0', '/home/deachawat/dev/projects/Odoo/Odoo17/addons', '/home/deachawat/dev/projects/Odoo/Odoo17/custom_addons'] 
2025-07-23 09:11:54,396 264555 INFO ? odoo: database: odoo_prod@localhost:5432 
2025-07-23 09:11:55,078 264555 INFO ? odoo.addons.base.models.ir_actions_report: You need Wkhtmltopdf to print a pdf version of the reports. 
2025-07-23 09:11:55,982 264555 WARNING ? py.warnings: /home/deachawat/dev/projects/Odoo/Odoo17/odoo_env/lib/python3.12/site-packages/vobject/base.py:736: SyntaxWarning: invalid escape sequence '\-'
  File "/home/deachawat/dev/projects/Odoo/Odoo17/odoo-bin", line 8, in <module>
    odoo.cli.main()
  File "/home/deachawat/dev/projects/Odoo/Odoo17/odoo/cli/command.py", line 66, in main
    o.run(args)
  File "/home/deachawat/dev/projects/Odoo/Odoo17/odoo/cli/server.py", line 186, in run
    main(args)
  File "/home/deachawat/dev/projects/Odoo/Odoo17/odoo/cli/server.py", line 179, in main
    rc = odoo.service.server.start(preload=preload, stop=stop)
  File "/home/deachawat/dev/projects/Odoo/Odoo17/odoo/service/server.py", line 1375, in start
    load_server_wide_modules()
  File "/home/deachawat/dev/projects/Odoo/Odoo17/odoo/service/server.py", line 1277, in load_server_wide_modules
    odoo.modules.module.load_openerp_module(m)
  File "/home/deachawat/dev/projects/Odoo/Odoo17/odoo/modules/module.py", line 395, in load_openerp_module
    __import__(qualname)
  File "/home/deachawat/dev/projects/Odoo/Odoo17/addons/web/__init__.py", line 5, in <module>
    from . import models
  File "/home/deachawat/dev/projects/Odoo/Odoo17/addons/web/models/__init__.py", line 11, in <module>
    from . import res_partner
  File "/home/deachawat/dev/projects/Odoo/Odoo17/addons/web/models/res_partner.py", line 12, in <module>
    import vobject
  File "/home/deachawat/dev/projects/Odoo/Odoo17/odoo_env/lib/python3.12/site-packages/vobject/__init__.py", line 79, in <module>
    from .base import newFromBehavior, readOne, readComponents
  File "/usr/lib/python3.12/warnings.py", line 110, in _showwarnmsg
    sw(msg.message, msg.category, msg.filename, msg.lineno,
  File "/home/deachawat/dev/projects/Odoo/Odoo17/odoo/netsvc.py", line 318, in showwarning_with_traceback
    for frame in traceback.extract_stack():
 
2025-07-23 09:11:55,985 264555 WARNING ? py.warnings: /home/deachawat/dev/projects/Odoo/Odoo17/odoo_env/lib/python3.12/site-packages/vobject/base.py:1219: SyntaxWarning: invalid escape sequence '\;'
  File "/home/deachawat/dev/projects/Odoo/Odoo17/odoo-bin", line 8, in <module>
    odoo.cli.main()
  File "/home/deachawat/dev/projects/Odoo/Odoo17/odoo/cli/command.py", line 66, in main
    o.run(args)
  File "/home/deachawat/dev/projects/Odoo/Odoo17/odoo/cli/server.py", line 186, in run
    main(args)
  File "/home/deachawat/dev/projects/Odoo/Odoo17/odoo/cli/server.py", line 179, in main
    rc = odoo.service.server.start(preload=preload, stop=stop)
  File "/home/deachawat/dev/projects/Odoo/Odoo17/odoo/service/server.py", line 1375, in start
    load_server_wide_modules()
  File "/home/deachawat/dev/projects/Odoo/Odoo17/odoo/service/server.py", line 1277, in load_server_wide_modules
    odoo.modules.module.load_openerp_module(m)
  File "/home/deachawat/dev/projects/Odoo/Odoo17/odoo/modules/module.py", line 395, in load_openerp_module
    __import__(qualname)
  File "/home/deachawat/dev/projects/Odoo/Odoo17/addons/web/__init__.py", line 5, in <module>
    from . import models
  File "/home/deachawat/dev/projects/Odoo/Odoo17/addons/web/models/__init__.py", line 11, in <module>
    from . import res_partner
  File "/home/deachawat/dev/projects/Odoo/Odoo17/addons/web/models/res_partner.py", line 12, in <module>
    import vobject
  File "/home/deachawat/dev/projects/Odoo/Odoo17/odoo_env/lib/python3.12/site-packages/vobject/__init__.py", line 79, in <module>
    from .base import newFromBehavior, readOne, readComponents
  File "/usr/lib/python3.12/warnings.py", line 110, in _showwarnmsg
    sw(msg.message, msg.category, msg.filename, msg.lineno,
  File "/home/deachawat/dev/projects/Odoo/Odoo17/odoo/netsvc.py", line 318, in showwarning_with_traceback
    for frame in traceback.extract_stack():
 
2025-07-23 09:11:55,985 264555 WARNING ? py.warnings: /home/deachawat/dev/projects/Odoo/Odoo17/odoo_env/lib/python3.12/site-packages/vobject/base.py:1219: SyntaxWarning: invalid escape sequence '\,'
  File "/home/deachawat/dev/projects/Odoo/Odoo17/odoo-bin", line 8, in <module>
    odoo.cli.main()
  File "/home/deachawat/dev/projects/Odoo/Odoo17/odoo/cli/command.py", line 66, in main
    o.run(args)
  File "/home/deachawat/dev/projects/Odoo/Odoo17/odoo/cli/server.py", line 186, in run
    main(args)
  File "/home/deachawat/dev/projects/Odoo/Odoo17/odoo/cli/server.py", line 179, in main
    rc = odoo.service.server.start(preload=preload, stop=stop)
  File "/home/deachawat/dev/projects/Odoo/Odoo17/odoo/service/server.py", line 1375, in start
    load_server_wide_modules()
  File "/home/deachawat/dev/projects/Odoo/Odoo17/odoo/service/server.py", line 1277, in load_server_wide_modules
    odoo.modules.module.load_openerp_module(m)
  File "/home/deachawat/dev/projects/Odoo/Odoo17/odoo/modules/module.py", line 395, in load_openerp_module
    __import__(qualname)
  File "/home/deachawat/dev/projects/Odoo/Odoo17/addons/web/__init__.py", line 5, in <module>
    from . import models
  File "/home/deachawat/dev/projects/Odoo/Odoo17/addons/web/models/__init__.py", line 11, in <module>
    from . import res_partner
  File "/home/deachawat/dev/projects/Odoo/Odoo17/addons/web/models/res_partner.py", line 12, in <module>
    import vobject
  File "/home/deachawat/dev/projects/Odoo/Odoo17/odoo_env/lib/python3.12/site-packages/vobject/__init__.py", line 79, in <module>
    from .base import newFromBehavior, readOne, readComponents
  File "/usr/lib/python3.12/warnings.py", line 110, in _showwarnmsg
    sw(msg.message, msg.category, msg.filename, msg.lineno,
  File "/home/deachawat/dev/projects/Odoo/Odoo17/odoo/netsvc.py", line 318, in showwarning_with_traceback
    for frame in traceback.extract_stack():
 
2025-07-23 09:11:56,037 264555 INFO ? odoo.service.server: HTTP service (werkzeug) running on NB-DEACHAWAT.NWFTH.COM:8069 
2025-07-23 09:11:56,068 264555 INFO ? odoo.sql_db: Connection to the database failed 
2025-07-23 09:11:56,101 264555 INFO ? odoo.sql_db: Connection to the database failed 
2025-07-23 09:11:57,622 264555 INFO ? odoo.service.server: Initiating shutdown 
2025-07-23 09:11:57,623 264555 INFO ? odoo.service.server: Hit CTRL-C again or send a second signal to force the shutdown. 
2025-07-23 09:14:42,033 269531 INFO ? odoo: Odoo version 17.0 
2025-07-23 09:14:42,033 269531 INFO ? odoo: Using configuration file at /home/deachawat/dev/projects/Odoo/Odoo17/odoo-dev.conf 
2025-07-23 09:14:42,033 269531 INFO ? odoo: addons paths: ['/home/deachawat/dev/projects/Odoo/Odoo17/odoo/addons', '/home/deachawat/dev/projects/Odoo/Odoo17/data/addons/17.0', '/home/deachawat/dev/projects/Odoo/Odoo17/addons', '/home/deachawat/dev/projects/Odoo/Odoo17/custom_addons'] 
2025-07-23 09:14:42,033 269531 INFO ? odoo: database: deachawat@localhost:5432 
2025-07-23 09:14:42,187 269531 INFO ? odoo.addons.base.models.ir_actions_report: You need Wkhtmltopdf to print a pdf version of the reports. 
2025-07-23 09:14:42,467 269531 INFO ? odoo.service.server: HTTP service (werkzeug) running on NB-DEACHAWAT.NWFTH.COM:8069 
2025-07-23 09:14:42,473 269531 INFO ? odoo.sql_db: Connection to the database failed 
2025-07-23 09:14:42,480 269531 INFO ? odoo.sql_db: Connection to the database failed 
2025-07-23 09:15:29,750 269531 INFO ? odoo.sql_db: Connection to the database failed 
2025-07-23 09:15:29,758 269531 INFO ? werkzeug: 127.0.0.1 - - [23/Jul/2025 09:15:29] "GET / HTTP/1.1" 303 - 0 0.000 0.016
2025-07-23 09:15:29,782 269531 INFO ? odoo.sql_db: Connection to the database failed 
2025-07-23 09:15:29,789 269531 INFO ? odoo.sql_db: Connection to the database failed 
2025-07-23 09:15:29,790 269531 INFO ? werkzeug: 127.0.0.1 - - [23/Jul/2025 09:15:29] "GET /web HTTP/1.1" 303 - 0 0.000 0.015
2025-07-23 09:15:30,013 269531 INFO ? odoo.sql_db: Connection to the database failed 
2025-07-23 09:15:30,342 269531 INFO ? odoo.sql_db: Connection to the database failed 
2025-07-23 09:15:30,381 269531 INFO ? werkzeug: 127.0.0.1 - - [23/Jul/2025 09:15:30] "GET /web/database/selector HTTP/1.1" 200 - 0 0.000 0.375
2025-07-23 09:15:30,724 269531 INFO ? odoo.sql_db: Connection to the database failed 
2025-07-23 09:15:30,726 269531 INFO ? werkzeug: 127.0.0.1 - - [23/Jul/2025 09:15:30] "GET /web/static/src/libs/fontawesome/css/font-awesome.css HTTP/1.1" 200 - 0 0.000 0.010
2025-07-23 09:15:30,737 269531 INFO ? odoo.sql_db: Connection to the database failed 
2025-07-23 09:15:30,739 269531 INFO ? werkzeug: 127.0.0.1 - - [23/Jul/2025 09:15:30] "GET /web/static/lib/bootstrap/dist/css/bootstrap.css HTTP/1.1" 200 - 0 0.000 0.012
2025-07-23 09:15:30,746 269531 INFO ? odoo.sql_db: Connection to the database failed 
2025-07-23 09:15:30,748 269531 INFO ? werkzeug: 127.0.0.1 - - [23/Jul/2025 09:15:30] "GET /web/static/lib/bootstrap/js/dist/dom/data.js HTTP/1.1" 200 - 0 0.000 0.019
2025-07-23 09:15:30,754 269531 INFO ? odoo.sql_db: Connection to the database failed 
2025-07-23 09:15:30,756 269531 INFO ? werkzeug: 127.0.0.1 - - [23/Jul/2025 09:15:30] "GET /web/static/lib/bootstrap/js/dist/dom/event-handler.js HTTP/1.1" 200 - 0 0.000 0.024
2025-07-23 09:15:30,761 269531 INFO ? odoo.sql_db: Connection to the database failed 
2025-07-23 09:15:30,763 269531 INFO ? werkzeug: 127.0.0.1 - - [23/Jul/2025 09:15:30] "GET /web/static/lib/bootstrap/js/dist/dom/manipulator.js HTTP/1.1" 200 - 0 0.000 0.030
2025-07-23 09:15:30,767 269531 INFO ? odoo.sql_db: Connection to the database failed 
2025-07-23 09:15:30,768 269531 INFO ? werkzeug: 127.0.0.1 - - [23/Jul/2025 09:15:30] "GET /web/static/lib/bootstrap/js/dist/dom/selector-engine.js HTTP/1.1" 200 - 0 0.000 0.034
2025-07-23 09:15:31,047 269531 INFO ? odoo.sql_db: Connection to the database failed 
2025-07-23 09:15:31,048 269531 INFO ? werkzeug: 127.0.0.1 - - [23/Jul/2025 09:15:31] "GET /web/static/lib/bootstrap/js/dist/base-component.js HTTP/1.1" 200 - 0 0.000 0.009
2025-07-23 09:15:31,060 269531 INFO ? odoo.sql_db: Connection to the database failed 
2025-07-23 09:15:31,062 269531 INFO ? werkzeug: 127.0.0.1 - - [23/Jul/2025 09:15:31] "GET /web/static/lib/bootstrap/js/dist/modal.js HTTP/1.1" 200 - 0 0.000 0.010
2025-07-23 09:15:31,068 269531 INFO ? odoo.sql_db: Connection to the database failed 
2025-07-23 09:15:31,070 269531 INFO ? werkzeug: 127.0.0.1 - - [23/Jul/2025 09:15:31] "GET /web/static/src/public/database_manager.js HTTP/1.1" 200 - 0 0.000 0.015
2025-07-23 09:15:31,075 269531 INFO ? odoo.sql_db: Connection to the database failed 
2025-07-23 09:15:31,078 269531 INFO ? werkzeug: 127.0.0.1 - - [23/Jul/2025 09:15:31] "GET /web/static/img/logo2.png HTTP/1.1" 200 - 0 0.000 0.010
2025-07-23 09:15:31,417 269531 INFO ? odoo.sql_db: Connection to the database failed 
2025-07-23 09:15:31,418 269531 INFO ? werkzeug: 127.0.0.1 - - [23/Jul/2025 09:15:31] "GET /web/static/src/libs/fontawesome/fonts/fontawesome-webfont.woff2?v=4.7.0 HTTP/1.1" 200 - 0 0.000 0.009
2025-07-23 09:15:31,666 269531 INFO ? odoo.sql_db: Connection to the database failed 
2025-07-23 09:15:31,667 269531 INFO ? werkzeug: 127.0.0.1 - - [23/Jul/2025 09:15:31] "GET /web/static/img/favicon.ico HTTP/1.1" 200 - 0 0.000 0.010
2025-07-23 09:15:32,980 269531 INFO ? odoo.sql_db: Connection to the database failed 
2025-07-23 09:15:32,981 269531 INFO ? werkzeug: 127.0.0.1 - - [23/Jul/2025 09:15:32] "GET /web/service-worker.js HTTP/1.1" 404 - 0 0.000 0.007
2025-07-23 09:16:02,800 269531 INFO ? odoo.sql_db: Connection to the database failed 
2025-07-23 09:16:02,802 269531 INFO ? werkzeug: 127.0.0.1 - - [23/Jul/2025 09:16:02] "GET /web/service-worker.js HTTP/1.1" 404 - 0 0.000 0.013
2025-07-23 09:17:08,101 269531 INFO ? odoo.sql_db: Connection to the database failed 
2025-07-23 09:17:08,191 269531 INFO ? odoo.sql_db: Connection to the database failed 
2025-07-23 09:17:08,223 269531 INFO ? werkzeug: 127.0.0.1 - - [23/Jul/2025 09:17:08] "POST /web/database/restore HTTP/1.1" 200 - 0 0.000 0.130
2025-07-23 09:17:09,877 269531 INFO ? odoo.sql_db: Connection to the database failed 
2025-07-23 09:17:09,878 269531 INFO ? werkzeug: 127.0.0.1 - - [23/Jul/2025 09:17:09] "GET /web/service-worker.js HTTP/1.1" 404 - 0 0.000 0.007
2025-07-23 09:17:13,602 269531 INFO ? odoo.service.server: Initiating shutdown 
2025-07-23 09:17:13,603 269531 INFO ? odoo.service.server: Hit CTRL-C again or send a second signal to force the shutdown. 
2025-07-23 09:18:02,865 273112 INFO ? odoo: Odoo version 17.0 
2025-07-23 09:18:02,866 273112 INFO ? odoo: Using configuration file at /home/deachawat/dev/projects/Odoo/Odoo17/odoo-dev.conf 
2025-07-23 09:18:02,866 273112 INFO ? odoo: addons paths: ['/home/deachawat/dev/projects/Odoo/Odoo17/odoo/addons', '/home/deachawat/dev/projects/Odoo/Odoo17/data/addons/17.0', '/home/deachawat/dev/projects/Odoo/Odoo17/addons', '/home/deachawat/dev/projects/Odoo/Odoo17/custom_addons'] 
2025-07-23 09:18:02,866 273112 INFO ? odoo: database: admin@localhost:5432 
2025-07-23 09:18:03,015 273112 INFO ? odoo.addons.base.models.ir_actions_report: You need Wkhtmltopdf to print a pdf version of the reports. 
2025-07-23 09:18:03,160 273112 INFO ? odoo.service.server: HTTP service (werkzeug) running on NB-DEACHAWAT.NWFTH.COM:8069 
2025-07-23 09:18:06,834 273112 INFO ? odoo.service.server: Initiating shutdown 
2025-07-23 09:18:06,834 273112 INFO ? odoo.service.server: Hit CTRL-C again or send a second signal to force the shutdown. 
2025-07-23 09:18:07,167 273112 INFO ? odoo.sql_db: ConnectionPool(used=0/count=0/max=32): Closed 2 connections  
2025-07-23 09:18:17,741 273423 INFO ? odoo: Odoo version 17.0 
2025-07-23 09:18:17,742 273423 INFO ? odoo: Using configuration file at /home/deachawat/dev/projects/Odoo/Odoo17/odoo-dev.conf 
2025-07-23 09:18:17,742 273423 INFO ? odoo: addons paths: ['/home/deachawat/dev/projects/Odoo/Odoo17/odoo/addons', '/home/deachawat/dev/projects/Odoo/Odoo17/data/addons/17.0', '/home/deachawat/dev/projects/Odoo/Odoo17/addons', '/home/deachawat/dev/projects/Odoo/Odoo17/custom_addons'] 
2025-07-23 09:18:17,742 273423 INFO ? odoo: database: admin@localhost:5432 
2025-07-23 09:18:18,023 273423 INFO ? odoo.addons.base.models.ir_actions_report: You need Wkhtmltopdf to print a pdf version of the reports. 
2025-07-23 09:18:18,248 273423 INFO ? odoo.service.server: HTTP service (werkzeug) running on NB-DEACHAWAT.NWFTH.COM:8069 
2025-07-23 09:18:26,122 273423 ERROR ? odoo.modules.loading: Database odoo_admin not initialized, you can force it with `-i base` 
2025-07-23 09:18:26,123 273423 INFO ? odoo.modules.registry: Registry loaded in 0.026s 
2025-07-23 09:18:26,124 273423 ERROR odoo_admin odoo.http: Exception during request handling. 
Traceback (most recent call last):
  File "/home/deachawat/dev/projects/Odoo/Odoo17/odoo/http.py", line 1788, in _serve_db
    return service_model.retrying(self._serve_ir_http, self.env)
           ^^^^^^^^^^^^^^^^^^^^^^^^^^^^^^^^^^^^^^^^^^^^^^^^^^^^^
  File "/home/deachawat/dev/projects/Odoo/Odoo17/odoo/service/model.py", line 152, in retrying
    result = func()
             ^^^^^^
  File "/home/deachawat/dev/projects/Odoo/Odoo17/odoo/http.py", line 1801, in _serve_ir_http
    ir_http = self.registry['ir.http']
              ~~~~~~~~~~~~~^^^^^^^^^^^
  File "/home/deachawat/dev/projects/Odoo/Odoo17/odoo/modules/registry.py", line 209, in __getitem__
    return self.models[model_name]
           ~~~~~~~~~~~^^^^^^^^^^^^
KeyError: 'ir.http'

During handling of the above exception, another exception occurred:

Traceback (most recent call last):
  File "/home/deachawat/dev/projects/Odoo/Odoo17/odoo/http.py", line 2213, in __call__
    response = request._serve_db()
               ^^^^^^^^^^^^^^^^^^^
  File "/home/deachawat/dev/projects/Odoo/Odoo17/odoo/http.py", line 1793, in _serve_db
    exc.error_response = self.registry['ir.http']._handle_error(exc)
                         ~~~~~~~~~~~~~^^^^^^^^^^^
  File "/home/deachawat/dev/projects/Odoo/Odoo17/odoo/modules/registry.py", line 209, in __getitem__
    return self.models[model_name]
           ~~~~~~~~~~~^^^^^^^^^^^^
KeyError: 'ir.http'
2025-07-23 09:18:26,127 273423 INFO odoo_admin werkzeug: 127.0.0.1 - - [23/Jul/2025 09:18:26] "GET / HTTP/1.1" 500 - 18 0.029 0.030
2025-07-23 09:19:18,328 273423 ERROR odoo_admin odoo.sql_db: bad query: 
            SELECT latest_version
            FROM ir_module_module
             WHERE name='base'
        
ERROR: relation "ir_module_module" does not exist
LINE 3:             FROM ir_module_module
                         ^
 
2025-07-23 09:19:18,329 273423 WARNING odoo_admin odoo.addons.base.models.ir_cron: Tried to poll an undefined table on database odoo_admin. 
2025-07-23 09:19:19,342 273423 ERROR odoo_admin odoo.sql_db: bad query: 
            SELECT latest_version
            FROM ir_module_module
             WHERE name='base'
        
ERROR: relation "ir_module_module" does not exist
LINE 3:             FROM ir_module_module
                         ^
 
2025-07-23 09:19:19,343 273423 WARNING odoo_admin odoo.addons.base.models.ir_cron: Tried to poll an undefined table on database odoo_admin. 
2025-07-23 09:20:18,390 273423 ERROR odoo_admin odoo.sql_db: bad query: 
            SELECT latest_version
            FROM ir_module_module
             WHERE name='base'
        
ERROR: relation "ir_module_module" does not exist
LINE 3:             FROM ir_module_module
                         ^
 
2025-07-23 09:20:18,391 273423 WARNING odoo_admin odoo.addons.base.models.ir_cron: Tried to poll an undefined table on database odoo_admin. 
2025-07-23 09:20:20,416 273423 ERROR odoo_admin odoo.sql_db: bad query: 
            SELECT latest_version
            FROM ir_module_module
             WHERE name='base'
        
ERROR: relation "ir_module_module" does not exist
LINE 3:             FROM ir_module_module
                         ^
 
2025-07-23 09:20:20,417 273423 WARNING odoo_admin odoo.addons.base.models.ir_cron: Tried to poll an undefined table on database odoo_admin. 
2025-07-23 09:21:13,268 273423 INFO ? odoo.service.server: Initiating shutdown 
2025-07-23 09:21:13,269 273423 INFO ? odoo.service.server: Hit CTRL-C again or send a second signal to force the shutdown. 
2025-07-23 09:21:13,281 273423 INFO ? odoo.sql_db: ConnectionPool(used=0/count=0/max=32): Closed 3 connections  
2025-07-23 09:21:17,445 277532 INFO ? odoo: Odoo version 17.0 
2025-07-23 09:21:17,445 277532 INFO ? odoo: Using configuration file at /home/deachawat/dev/projects/Odoo/Odoo17/odoo-dev.conf 
2025-07-23 09:21:17,445 277532 INFO ? odoo: addons paths: ['/home/deachawat/dev/projects/Odoo/Odoo17/odoo/addons', '/home/deachawat/dev/projects/Odoo/Odoo17/data/addons/17.0', '/home/deachawat/dev/projects/Odoo/Odoo17/addons', '/home/deachawat/dev/projects/Odoo/Odoo17/custom_addons'] 
2025-07-23 09:21:17,445 277532 INFO ? odoo: database: admin@localhost:5432 
2025-07-23 09:21:17,653 277532 INFO ? odoo.addons.base.models.ir_actions_report: You need Wkhtmltopdf to print a pdf version of the reports. 
2025-07-23 09:21:17,914 277532 INFO ? odoo.service.server: HTTP service (werkzeug) running on NB-DEACHAWAT.NWFTH.COM:8069 
2025-07-23 09:22:01,085 277532 ERROR ? odoo.modules.loading: Database odoo_admin not initialized, you can force it with `-i base` 
2025-07-23 09:22:01,086 277532 INFO ? odoo.modules.registry: Registry loaded in 0.018s 
2025-07-23 09:22:01,087 277532 ERROR odoo_admin odoo.http: Exception during request handling. 
Traceback (most recent call last):
  File "/home/deachawat/dev/projects/Odoo/Odoo17/odoo/http.py", line 1788, in _serve_db
    return service_model.retrying(self._serve_ir_http, self.env)
           ^^^^^^^^^^^^^^^^^^^^^^^^^^^^^^^^^^^^^^^^^^^^^^^^^^^^^
  File "/home/deachawat/dev/projects/Odoo/Odoo17/odoo/service/model.py", line 152, in retrying
    result = func()
             ^^^^^^
  File "/home/deachawat/dev/projects/Odoo/Odoo17/odoo/http.py", line 1801, in _serve_ir_http
    ir_http = self.registry['ir.http']
              ~~~~~~~~~~~~~^^^^^^^^^^^
  File "/home/deachawat/dev/projects/Odoo/Odoo17/odoo/modules/registry.py", line 209, in __getitem__
    return self.models[model_name]
           ~~~~~~~~~~~^^^^^^^^^^^^
KeyError: 'ir.http'

During handling of the above exception, another exception occurred:

Traceback (most recent call last):
  File "/home/deachawat/dev/projects/Odoo/Odoo17/odoo/http.py", line 2213, in __call__
    response = request._serve_db()
               ^^^^^^^^^^^^^^^^^^^
  File "/home/deachawat/dev/projects/Odoo/Odoo17/odoo/http.py", line 1793, in _serve_db
    exc.error_response = self.registry['ir.http']._handle_error(exc)
                         ~~~~~~~~~~~~~^^^^^^^^^^^
  File "/home/deachawat/dev/projects/Odoo/Odoo17/odoo/modules/registry.py", line 209, in __getitem__
    return self.models[model_name]
           ~~~~~~~~~~~^^^^^^^^^^^^
KeyError: 'ir.http'
2025-07-23 09:22:01,089 277532 INFO odoo_admin werkzeug: 127.0.0.1 - - [23/Jul/2025 09:22:01] "POST /web/database/restore HTTP/1.1" 500 - 8 0.008 0.163
2025-07-23 09:22:01,199 277532 ERROR odoo_admin odoo.http: Exception during request handling. 
Traceback (most recent call last):
  File "/home/deachawat/dev/projects/Odoo/Odoo17/odoo/http.py", line 1788, in _serve_db
    return service_model.retrying(self._serve_ir_http, self.env)
           ^^^^^^^^^^^^^^^^^^^^^^^^^^^^^^^^^^^^^^^^^^^^^^^^^^^^^
  File "/home/deachawat/dev/projects/Odoo/Odoo17/odoo/service/model.py", line 152, in retrying
    result = func()
             ^^^^^^
  File "/home/deachawat/dev/projects/Odoo/Odoo17/odoo/http.py", line 1801, in _serve_ir_http
    ir_http = self.registry['ir.http']
              ~~~~~~~~~~~~~^^^^^^^^^^^
  File "/home/deachawat/dev/projects/Odoo/Odoo17/odoo/modules/registry.py", line 209, in __getitem__
    return self.models[model_name]
           ~~~~~~~~~~~^^^^^^^^^^^^
KeyError: 'ir.http'

During handling of the above exception, another exception occurred:

Traceback (most recent call last):
  File "/home/deachawat/dev/projects/Odoo/Odoo17/odoo/http.py", line 2213, in __call__
    response = request._serve_db()
               ^^^^^^^^^^^^^^^^^^^
  File "/home/deachawat/dev/projects/Odoo/Odoo17/odoo/http.py", line 1793, in _serve_db
    exc.error_response = self.registry['ir.http']._handle_error(exc)
                         ~~~~~~~~~~~~~^^^^^^^^^^^
  File "/home/deachawat/dev/projects/Odoo/Odoo17/odoo/modules/registry.py", line 209, in __getitem__
    return self.models[model_name]
           ~~~~~~~~~~~^^^^^^^^^^^^
KeyError: 'ir.http'
2025-07-23 09:22:01,201 277532 INFO odoo_admin werkzeug: 127.0.0.1 - - [23/Jul/2025 09:22:01] "GET /favicon.ico HTTP/1.1" 500 - 2 0.004 0.018
2025-07-23 09:22:02,716 277532 ERROR odoo_admin odoo.http: Exception during request handling. 
Traceback (most recent call last):
  File "/home/deachawat/dev/projects/Odoo/Odoo17/odoo/http.py", line 1788, in _serve_db
    return service_model.retrying(self._serve_ir_http, self.env)
           ^^^^^^^^^^^^^^^^^^^^^^^^^^^^^^^^^^^^^^^^^^^^^^^^^^^^^
  File "/home/deachawat/dev/projects/Odoo/Odoo17/odoo/service/model.py", line 152, in retrying
    result = func()
             ^^^^^^
  File "/home/deachawat/dev/projects/Odoo/Odoo17/odoo/http.py", line 1801, in _serve_ir_http
    ir_http = self.registry['ir.http']
              ~~~~~~~~~~~~~^^^^^^^^^^^
  File "/home/deachawat/dev/projects/Odoo/Odoo17/odoo/modules/registry.py", line 209, in __getitem__
    return self.models[model_name]
           ~~~~~~~~~~~^^^^^^^^^^^^
KeyError: 'ir.http'

During handling of the above exception, another exception occurred:

Traceback (most recent call last):
  File "/home/deachawat/dev/projects/Odoo/Odoo17/odoo/http.py", line 2213, in __call__
    response = request._serve_db()
               ^^^^^^^^^^^^^^^^^^^
  File "/home/deachawat/dev/projects/Odoo/Odoo17/odoo/http.py", line 1793, in _serve_db
    exc.error_response = self.registry['ir.http']._handle_error(exc)
                         ~~~~~~~~~~~~~^^^^^^^^^^^
  File "/home/deachawat/dev/projects/Odoo/Odoo17/odoo/modules/registry.py", line 209, in __getitem__
    return self.models[model_name]
           ~~~~~~~~~~~^^^^^^^^^^^^
KeyError: 'ir.http'
2025-07-23 09:22:02,717 277532 INFO odoo_admin werkzeug: 127.0.0.1 - - [23/Jul/2025 09:22:02] "GET /web/service-worker.js HTTP/1.1" 500 - 2 0.002 0.014
2025-07-23 09:22:17,967 277532 ERROR odoo_admin odoo.sql_db: bad query: 
            SELECT latest_version
            FROM ir_module_module
             WHERE name='base'
        
ERROR: relation "ir_module_module" does not exist
LINE 3:             FROM ir_module_module
                         ^
 
2025-07-23 09:22:17,968 277532 WARNING odoo_admin odoo.addons.base.models.ir_cron: Tried to poll an undefined table on database odoo_admin. 
2025-07-23 09:22:19,001 277532 ERROR odoo_admin odoo.sql_db: bad query: 
            SELECT latest_version
            FROM ir_module_module
             WHERE name='base'
        
ERROR: relation "ir_module_module" does not exist
LINE 3:             FROM ir_module_module
                         ^
 
2025-07-23 09:22:19,002 277532 WARNING odoo_admin odoo.addons.base.models.ir_cron: Tried to poll an undefined table on database odoo_admin. 
2025-07-23 09:22:32,529 277532 ERROR odoo_admin odoo.http: Exception during request handling. 
Traceback (most recent call last):
  File "/home/deachawat/dev/projects/Odoo/Odoo17/odoo/http.py", line 1788, in _serve_db
    return service_model.retrying(self._serve_ir_http, self.env)
           ^^^^^^^^^^^^^^^^^^^^^^^^^^^^^^^^^^^^^^^^^^^^^^^^^^^^^
  File "/home/deachawat/dev/projects/Odoo/Odoo17/odoo/service/model.py", line 152, in retrying
    result = func()
             ^^^^^^
  File "/home/deachawat/dev/projects/Odoo/Odoo17/odoo/http.py", line 1801, in _serve_ir_http
    ir_http = self.registry['ir.http']
              ~~~~~~~~~~~~~^^^^^^^^^^^
  File "/home/deachawat/dev/projects/Odoo/Odoo17/odoo/modules/registry.py", line 209, in __getitem__
    return self.models[model_name]
           ~~~~~~~~~~~^^^^^^^^^^^^
KeyError: 'ir.http'

During handling of the above exception, another exception occurred:

Traceback (most recent call last):
  File "/home/deachawat/dev/projects/Odoo/Odoo17/odoo/http.py", line 2213, in __call__
    response = request._serve_db()
               ^^^^^^^^^^^^^^^^^^^
  File "/home/deachawat/dev/projects/Odoo/Odoo17/odoo/http.py", line 1793, in _serve_db
    exc.error_response = self.registry['ir.http']._handle_error(exc)
                         ~~~~~~~~~~~~~^^^^^^^^^^^
  File "/home/deachawat/dev/projects/Odoo/Odoo17/odoo/modules/registry.py", line 209, in __getitem__
    return self.models[model_name]
           ~~~~~~~~~~~^^^^^^^^^^^^
KeyError: 'ir.http'
2025-07-23 09:22:32,530 277532 INFO odoo_admin werkzeug: 127.0.0.1 - - [23/Jul/2025 09:22:32] "GET /web/service-worker.js HTTP/1.1" 500 - 2 0.002 0.014
2025-07-23 09:23:18,025 277532 ERROR odoo_admin odoo.sql_db: bad query: 
            SELECT latest_version
            FROM ir_module_module
             WHERE name='base'
        
ERROR: relation "ir_module_module" does not exist
LINE 3:             FROM ir_module_module
                         ^
 
2025-07-23 09:23:18,025 277532 WARNING odoo_admin odoo.addons.base.models.ir_cron: Tried to poll an undefined table on database odoo_admin. 
2025-07-23 09:23:20,075 277532 ERROR odoo_admin odoo.sql_db: bad query: 
            SELECT latest_version
            FROM ir_module_module
             WHERE name='base'
        
ERROR: relation "ir_module_module" does not exist
LINE 3:             FROM ir_module_module
                         ^
 
2025-07-23 09:23:20,075 277532 WARNING odoo_admin odoo.addons.base.models.ir_cron: Tried to poll an undefined table on database odoo_admin. 
2025-07-23 09:23:59,033 277532 INFO ? odoo.service.server: Initiating shutdown 
2025-07-23 09:23:59,033 277532 INFO ? odoo.service.server: Hit CTRL-C again or send a second signal to force the shutdown. 
2025-07-23 09:24:00,074 277532 INFO ? odoo.sql_db: ConnectionPool(used=0/count=0/max=32): Closed 3 connections  
2025-07-23 09:24:03,027 282397 INFO ? odoo: Odoo version 17.0 
2025-07-23 09:24:03,027 282397 INFO ? odoo: Using configuration file at /home/deachawat/dev/projects/Odoo/Odoo17/odoo-dev.conf 
2025-07-23 09:24:03,027 282397 INFO ? odoo: addons paths: ['/home/deachawat/dev/projects/Odoo/Odoo17/odoo/addons', '/home/deachawat/dev/projects/Odoo/Odoo17/data/addons/17.0', '/home/deachawat/dev/projects/Odoo/Odoo17/addons', '/home/deachawat/dev/projects/Odoo/Odoo17/custom_addons'] 
2025-07-23 09:24:03,027 282397 INFO ? odoo: database: admin@localhost:5432 
2025-07-23 09:24:03,205 282397 INFO ? odoo.addons.base.models.ir_actions_report: You need Wkhtmltopdf to print a pdf version of the reports. 
2025-07-23 09:24:03,360 282397 INFO ? odoo.service.server: HTTP service (werkzeug) running on NB-DEACHAWAT.NWFTH.COM:8069 
2025-07-23 09:24:03,380 282397 ERROR odoo_admin odoo.modules.loading: Database odoo_admin not initialized, you can force it with `-i base` 
2025-07-23 09:24:03,381 282397 INFO odoo_admin odoo.modules.registry: Registry loaded in 0.021s 
2025-07-23 09:24:09,012 282397 INFO odoo_admin odoo.service.server: Initiating shutdown 
2025-07-23 09:24:09,012 282397 INFO odoo_admin odoo.service.server: Hit CTRL-C again or send a second signal to force the shutdown. 
2025-07-23 09:24:09,369 282397 INFO odoo_admin odoo.sql_db: ConnectionPool(used=0/count=0/max=32): Closed 3 connections  
2025-07-23 09:24:19,085 282876 INFO ? odoo: Odoo version 17.0 
2025-07-23 09:24:19,086 282876 INFO ? odoo: Using configuration file at /home/deachawat/dev/projects/Odoo/Odoo17/odoo-dev.conf 
2025-07-23 09:24:19,086 282876 INFO ? odoo: addons paths: ['/home/deachawat/dev/projects/Odoo/Odoo17/odoo/addons', '/home/deachawat/dev/projects/Odoo/Odoo17/data/addons/17.0', '/home/deachawat/dev/projects/Odoo/Odoo17/addons', '/home/deachawat/dev/projects/Odoo/Odoo17/custom_addons'] 
2025-07-23 09:24:19,086 282876 INFO ? odoo: database: admin@localhost:5432 
2025-07-23 09:24:19,222 282876 INFO ? odoo.addons.base.models.ir_actions_report: You need Wkhtmltopdf to print a pdf version of the reports. 
2025-07-23 09:24:19,338 282876 INFO ? odoo.service.server: HTTP service (werkzeug) running on NB-DEACHAWAT.NWFTH.COM:8069 
2025-07-23 09:24:19,351 282876 ERROR odoo_admin odoo.modules.loading: Database odoo_admin not initialized, you can force it with `-i base` 
2025-07-23 09:24:19,352 282876 INFO odoo_admin odoo.modules.registry: Registry loaded in 0.014s 
2025-07-23 09:24:33,218 282876 ERROR odoo_admin odoo.http: Exception during request handling. 
Traceback (most recent call last):
  File "/home/deachawat/dev/projects/Odoo/Odoo17/odoo/http.py", line 1788, in _serve_db
    return service_model.retrying(self._serve_ir_http, self.env)
           ^^^^^^^^^^^^^^^^^^^^^^^^^^^^^^^^^^^^^^^^^^^^^^^^^^^^^
  File "/home/deachawat/dev/projects/Odoo/Odoo17/odoo/service/model.py", line 152, in retrying
    result = func()
             ^^^^^^
  File "/home/deachawat/dev/projects/Odoo/Odoo17/odoo/http.py", line 1801, in _serve_ir_http
    ir_http = self.registry['ir.http']
              ~~~~~~~~~~~~~^^^^^^^^^^^
  File "/home/deachawat/dev/projects/Odoo/Odoo17/odoo/modules/registry.py", line 209, in __getitem__
    return self.models[model_name]
           ~~~~~~~~~~~^^^^^^^^^^^^
KeyError: 'ir.http'

During handling of the above exception, another exception occurred:

Traceback (most recent call last):
  File "/home/deachawat/dev/projects/Odoo/Odoo17/odoo/http.py", line 2213, in __call__
    response = request._serve_db()
               ^^^^^^^^^^^^^^^^^^^
  File "/home/deachawat/dev/projects/Odoo/Odoo17/odoo/http.py", line 1793, in _serve_db
    exc.error_response = self.registry['ir.http']._handle_error(exc)
                         ~~~~~~~~~~~~~^^^^^^^^^^^
  File "/home/deachawat/dev/projects/Odoo/Odoo17/odoo/modules/registry.py", line 209, in __getitem__
    return self.models[model_name]
           ~~~~~~~~~~~^^^^^^^^^^^^
KeyError: 'ir.http'
2025-07-23 09:24:33,219 282876 INFO odoo_admin werkzeug: 127.0.0.1 - - [23/Jul/2025 09:24:33] "GET / HTTP/1.1" 500 - 1 0.000 0.003
2025-07-23 09:24:41,450 282876 ERROR odoo_admin odoo.http: Exception during request handling. 
Traceback (most recent call last):
  File "/home/deachawat/dev/projects/Odoo/Odoo17/odoo/http.py", line 1788, in _serve_db
    return service_model.retrying(self._serve_ir_http, self.env)
           ^^^^^^^^^^^^^^^^^^^^^^^^^^^^^^^^^^^^^^^^^^^^^^^^^^^^^
  File "/home/deachawat/dev/projects/Odoo/Odoo17/odoo/service/model.py", line 152, in retrying
    result = func()
             ^^^^^^
  File "/home/deachawat/dev/projects/Odoo/Odoo17/odoo/http.py", line 1801, in _serve_ir_http
    ir_http = self.registry['ir.http']
              ~~~~~~~~~~~~~^^^^^^^^^^^
  File "/home/deachawat/dev/projects/Odoo/Odoo17/odoo/modules/registry.py", line 209, in __getitem__
    return self.models[model_name]
           ~~~~~~~~~~~^^^^^^^^^^^^
KeyError: 'ir.http'

During handling of the above exception, another exception occurred:

Traceback (most recent call last):
  File "/home/deachawat/dev/projects/Odoo/Odoo17/odoo/http.py", line 2213, in __call__
    response = request._serve_db()
               ^^^^^^^^^^^^^^^^^^^
  File "/home/deachawat/dev/projects/Odoo/Odoo17/odoo/http.py", line 1793, in _serve_db
    exc.error_response = self.registry['ir.http']._handle_error(exc)
                         ~~~~~~~~~~~~~^^^^^^^^^^^
  File "/home/deachawat/dev/projects/Odoo/Odoo17/odoo/modules/registry.py", line 209, in __getitem__
    return self.models[model_name]
           ~~~~~~~~~~~^^^^^^^^^^^^
KeyError: 'ir.http'
2025-07-23 09:24:41,451 282876 INFO odoo_admin werkzeug: 127.0.0.1 - - [23/Jul/2025 09:24:41] "POST /web/database/restore HTTP/1.1" 500 - 1 0.001 0.260
2025-07-23 09:24:41,539 282876 ERROR odoo_admin odoo.http: Exception during request handling. 
Traceback (most recent call last):
  File "/home/deachawat/dev/projects/Odoo/Odoo17/odoo/http.py", line 1788, in _serve_db
    return service_model.retrying(self._serve_ir_http, self.env)
           ^^^^^^^^^^^^^^^^^^^^^^^^^^^^^^^^^^^^^^^^^^^^^^^^^^^^^
  File "/home/deachawat/dev/projects/Odoo/Odoo17/odoo/service/model.py", line 152, in retrying
    result = func()
             ^^^^^^
  File "/home/deachawat/dev/projects/Odoo/Odoo17/odoo/http.py", line 1801, in _serve_ir_http
    ir_http = self.registry['ir.http']
              ~~~~~~~~~~~~~^^^^^^^^^^^
  File "/home/deachawat/dev/projects/Odoo/Odoo17/odoo/modules/registry.py", line 209, in __getitem__
    return self.models[model_name]
           ~~~~~~~~~~~^^^^^^^^^^^^
KeyError: 'ir.http'

During handling of the above exception, another exception occurred:

Traceback (most recent call last):
  File "/home/deachawat/dev/projects/Odoo/Odoo17/odoo/http.py", line 2213, in __call__
    response = request._serve_db()
               ^^^^^^^^^^^^^^^^^^^
  File "/home/deachawat/dev/projects/Odoo/Odoo17/odoo/http.py", line 1793, in _serve_db
    exc.error_response = self.registry['ir.http']._handle_error(exc)
                         ~~~~~~~~~~~~~^^^^^^^^^^^
  File "/home/deachawat/dev/projects/Odoo/Odoo17/odoo/modules/registry.py", line 209, in __getitem__
    return self.models[model_name]
           ~~~~~~~~~~~^^^^^^^^^^^^
KeyError: 'ir.http'
2025-07-23 09:24:41,541 282876 INFO odoo_admin werkzeug: 127.0.0.1 - - [23/Jul/2025 09:24:41] "GET /favicon.ico HTTP/1.1" 500 - 1 0.001 0.006
2025-07-23 09:24:42,161 282876 ERROR odoo_admin odoo.http: Exception during request handling. 
Traceback (most recent call last):
  File "/home/deachawat/dev/projects/Odoo/Odoo17/odoo/http.py", line 1788, in _serve_db
    return service_model.retrying(self._serve_ir_http, self.env)
           ^^^^^^^^^^^^^^^^^^^^^^^^^^^^^^^^^^^^^^^^^^^^^^^^^^^^^
  File "/home/deachawat/dev/projects/Odoo/Odoo17/odoo/service/model.py", line 152, in retrying
    result = func()
             ^^^^^^
  File "/home/deachawat/dev/projects/Odoo/Odoo17/odoo/http.py", line 1801, in _serve_ir_http
    ir_http = self.registry['ir.http']
              ~~~~~~~~~~~~~^^^^^^^^^^^
  File "/home/deachawat/dev/projects/Odoo/Odoo17/odoo/modules/registry.py", line 209, in __getitem__
    return self.models[model_name]
           ~~~~~~~~~~~^^^^^^^^^^^^
KeyError: 'ir.http'

During handling of the above exception, another exception occurred:

Traceback (most recent call last):
  File "/home/deachawat/dev/projects/Odoo/Odoo17/odoo/http.py", line 2213, in __call__
    response = request._serve_db()
               ^^^^^^^^^^^^^^^^^^^
  File "/home/deachawat/dev/projects/Odoo/Odoo17/odoo/http.py", line 1793, in _serve_db
    exc.error_response = self.registry['ir.http']._handle_error(exc)
                         ~~~~~~~~~~~~~^^^^^^^^^^^
  File "/home/deachawat/dev/projects/Odoo/Odoo17/odoo/modules/registry.py", line 209, in __getitem__
    return self.models[model_name]
           ~~~~~~~~~~~^^^^^^^^^^^^
KeyError: 'ir.http'
2025-07-23 09:24:42,162 282876 INFO odoo_admin werkzeug: 127.0.0.1 - - [23/Jul/2025 09:24:42] "GET /web/database/manager HTTP/1.1" 500 - 1 0.001 0.003
2025-07-23 09:24:43,081 282876 ERROR odoo_admin odoo.http: Exception during request handling. 
Traceback (most recent call last):
  File "/home/deachawat/dev/projects/Odoo/Odoo17/odoo/http.py", line 1788, in _serve_db
    return service_model.retrying(self._serve_ir_http, self.env)
           ^^^^^^^^^^^^^^^^^^^^^^^^^^^^^^^^^^^^^^^^^^^^^^^^^^^^^
  File "/home/deachawat/dev/projects/Odoo/Odoo17/odoo/service/model.py", line 152, in retrying
    result = func()
             ^^^^^^
  File "/home/deachawat/dev/projects/Odoo/Odoo17/odoo/http.py", line 1801, in _serve_ir_http
    ir_http = self.registry['ir.http']
              ~~~~~~~~~~~~~^^^^^^^^^^^
  File "/home/deachawat/dev/projects/Odoo/Odoo17/odoo/modules/registry.py", line 209, in __getitem__
    return self.models[model_name]
           ~~~~~~~~~~~^^^^^^^^^^^^
KeyError: 'ir.http'

During handling of the above exception, another exception occurred:

Traceback (most recent call last):
  File "/home/deachawat/dev/projects/Odoo/Odoo17/odoo/http.py", line 2213, in __call__
    response = request._serve_db()
               ^^^^^^^^^^^^^^^^^^^
  File "/home/deachawat/dev/projects/Odoo/Odoo17/odoo/http.py", line 1793, in _serve_db
    exc.error_response = self.registry['ir.http']._handle_error(exc)
                         ~~~~~~~~~~~~~^^^^^^^^^^^
  File "/home/deachawat/dev/projects/Odoo/Odoo17/odoo/modules/registry.py", line 209, in __getitem__
    return self.models[model_name]
           ~~~~~~~~~~~^^^^^^^^^^^^
KeyError: 'ir.http'
2025-07-23 09:24:43,082 282876 INFO odoo_admin werkzeug: 127.0.0.1 - - [23/Jul/2025 09:24:43] "GET /web/service-worker.js HTTP/1.1" 500 - 1 0.001 0.004
2025-07-23 09:24:50,795 282876 INFO odoo_admin odoo.service.server: Initiating shutdown 
2025-07-23 09:24:50,796 282876 INFO odoo_admin odoo.service.server: Hit CTRL-C again or send a second signal to force the shutdown. 
2025-07-23 09:24:51,171 282876 INFO odoo_admin odoo.sql_db: ConnectionPool(used=0/count=0/max=32): Closed 3 connections  
2025-07-23 09:26:20,974 286290 INFO ? odoo: Odoo version 17.0 
2025-07-23 09:26:20,975 286290 INFO ? odoo: Using configuration file at /home/deachawat/dev/projects/Odoo/Odoo17/odoo-dev.conf 
2025-07-23 09:26:20,975 286290 INFO ? odoo: addons paths: ['/home/deachawat/dev/projects/Odoo/Odoo17/odoo/addons', '/home/deachawat/dev/projects/Odoo/Odoo17/data/addons/17.0', '/home/deachawat/dev/projects/Odoo/Odoo17/addons', '/home/deachawat/dev/projects/Odoo/Odoo17/custom_addons'] 
2025-07-23 09:26:20,975 286290 INFO ? odoo: database: admin@localhost:5432 
2025-07-23 09:26:21,207 286290 INFO ? odoo.addons.base.models.ir_actions_report: You need Wkhtmltopdf to print a pdf version of the reports. 
2025-07-23 09:26:21,396 286290 INFO ? odoo.service.server: HTTP service (werkzeug) running on NB-DEACHAWAT.NWFTH.COM:8069 
2025-07-23 09:26:21,415 286290 ERROR odoo_admin odoo.modules.loading: Database odoo_admin not initialized, you can force it with `-i base` 
2025-07-23 09:26:21,416 286290 INFO odoo_admin odoo.modules.registry: Registry loaded in 0.020s 
2025-07-23 09:26:30,672 286290 ERROR odoo_admin odoo.http: Exception during request handling. 
Traceback (most recent call last):
  File "/home/deachawat/dev/projects/Odoo/Odoo17/odoo/http.py", line 1788, in _serve_db
    return service_model.retrying(self._serve_ir_http, self.env)
           ^^^^^^^^^^^^^^^^^^^^^^^^^^^^^^^^^^^^^^^^^^^^^^^^^^^^^
  File "/home/deachawat/dev/projects/Odoo/Odoo17/odoo/service/model.py", line 152, in retrying
    result = func()
             ^^^^^^
  File "/home/deachawat/dev/projects/Odoo/Odoo17/odoo/http.py", line 1801, in _serve_ir_http
    ir_http = self.registry['ir.http']
              ~~~~~~~~~~~~~^^^^^^^^^^^
  File "/home/deachawat/dev/projects/Odoo/Odoo17/odoo/modules/registry.py", line 209, in __getitem__
    return self.models[model_name]
           ~~~~~~~~~~~^^^^^^^^^^^^
KeyError: 'ir.http'

During handling of the above exception, another exception occurred:

Traceback (most recent call last):
  File "/home/deachawat/dev/projects/Odoo/Odoo17/odoo/http.py", line 2213, in __call__
    response = request._serve_db()
               ^^^^^^^^^^^^^^^^^^^
  File "/home/deachawat/dev/projects/Odoo/Odoo17/odoo/http.py", line 1793, in _serve_db
    exc.error_response = self.registry['ir.http']._handle_error(exc)
                         ~~~~~~~~~~~~~^^^^^^^^^^^
  File "/home/deachawat/dev/projects/Odoo/Odoo17/odoo/modules/registry.py", line 209, in __getitem__
    return self.models[model_name]
           ~~~~~~~~~~~^^^^^^^^^^^^
KeyError: 'ir.http'
2025-07-23 09:26:30,675 286290 INFO odoo_admin werkzeug: 127.0.0.1 - - [23/Jul/2025 09:26:30] "POST /web/database/restore HTTP/1.1" 500 - 1 0.001 0.198
2025-07-23 09:26:30,756 286290 ERROR odoo_admin odoo.http: Exception during request handling. 
Traceback (most recent call last):
  File "/home/deachawat/dev/projects/Odoo/Odoo17/odoo/http.py", line 1788, in _serve_db
    return service_model.retrying(self._serve_ir_http, self.env)
           ^^^^^^^^^^^^^^^^^^^^^^^^^^^^^^^^^^^^^^^^^^^^^^^^^^^^^
  File "/home/deachawat/dev/projects/Odoo/Odoo17/odoo/service/model.py", line 152, in retrying
    result = func()
             ^^^^^^
  File "/home/deachawat/dev/projects/Odoo/Odoo17/odoo/http.py", line 1801, in _serve_ir_http
    ir_http = self.registry['ir.http']
              ~~~~~~~~~~~~~^^^^^^^^^^^
  File "/home/deachawat/dev/projects/Odoo/Odoo17/odoo/modules/registry.py", line 209, in __getitem__
    return self.models[model_name]
           ~~~~~~~~~~~^^^^^^^^^^^^
KeyError: 'ir.http'

During handling of the above exception, another exception occurred:

Traceback (most recent call last):
  File "/home/deachawat/dev/projects/Odoo/Odoo17/odoo/http.py", line 2213, in __call__
    response = request._serve_db()
               ^^^^^^^^^^^^^^^^^^^
  File "/home/deachawat/dev/projects/Odoo/Odoo17/odoo/http.py", line 1793, in _serve_db
    exc.error_response = self.registry['ir.http']._handle_error(exc)
                         ~~~~~~~~~~~~~^^^^^^^^^^^
  File "/home/deachawat/dev/projects/Odoo/Odoo17/odoo/modules/registry.py", line 209, in __getitem__
    return self.models[model_name]
           ~~~~~~~~~~~^^^^^^^^^^^^
KeyError: 'ir.http'
2025-07-23 09:26:30,757 286290 INFO odoo_admin werkzeug: 127.0.0.1 - - [23/Jul/2025 09:26:30] "GET /favicon.ico HTTP/1.1" 500 - 1 0.001 0.004
2025-07-23 09:26:32,289 286290 ERROR odoo_admin odoo.http: Exception during request handling. 
Traceback (most recent call last):
  File "/home/deachawat/dev/projects/Odoo/Odoo17/odoo/http.py", line 1788, in _serve_db
    return service_model.retrying(self._serve_ir_http, self.env)
           ^^^^^^^^^^^^^^^^^^^^^^^^^^^^^^^^^^^^^^^^^^^^^^^^^^^^^
  File "/home/deachawat/dev/projects/Odoo/Odoo17/odoo/service/model.py", line 152, in retrying
    result = func()
             ^^^^^^
  File "/home/deachawat/dev/projects/Odoo/Odoo17/odoo/http.py", line 1801, in _serve_ir_http
    ir_http = self.registry['ir.http']
              ~~~~~~~~~~~~~^^^^^^^^^^^
  File "/home/deachawat/dev/projects/Odoo/Odoo17/odoo/modules/registry.py", line 209, in __getitem__
    return self.models[model_name]
           ~~~~~~~~~~~^^^^^^^^^^^^
KeyError: 'ir.http'

During handling of the above exception, another exception occurred:

Traceback (most recent call last):
  File "/home/deachawat/dev/projects/Odoo/Odoo17/odoo/http.py", line 2213, in __call__
    response = request._serve_db()
               ^^^^^^^^^^^^^^^^^^^
  File "/home/deachawat/dev/projects/Odoo/Odoo17/odoo/http.py", line 1793, in _serve_db
    exc.error_response = self.registry['ir.http']._handle_error(exc)
                         ~~~~~~~~~~~~~^^^^^^^^^^^
  File "/home/deachawat/dev/projects/Odoo/Odoo17/odoo/modules/registry.py", line 209, in __getitem__
    return self.models[model_name]
           ~~~~~~~~~~~^^^^^^^^^^^^
KeyError: 'ir.http'
2025-07-23 09:26:32,290 286290 INFO odoo_admin werkzeug: 127.0.0.1 - - [23/Jul/2025 09:26:32] "GET /web/service-worker.js HTTP/1.1" 500 - 1 0.000 0.003
2025-07-23 09:26:35,245 286290 ERROR odoo_admin odoo.http: Exception during request handling. 
Traceback (most recent call last):
  File "/home/deachawat/dev/projects/Odoo/Odoo17/odoo/http.py", line 1788, in _serve_db
    return service_model.retrying(self._serve_ir_http, self.env)
           ^^^^^^^^^^^^^^^^^^^^^^^^^^^^^^^^^^^^^^^^^^^^^^^^^^^^^
  File "/home/deachawat/dev/projects/Odoo/Odoo17/odoo/service/model.py", line 152, in retrying
    result = func()
             ^^^^^^
  File "/home/deachawat/dev/projects/Odoo/Odoo17/odoo/http.py", line 1801, in _serve_ir_http
    ir_http = self.registry['ir.http']
              ~~~~~~~~~~~~~^^^^^^^^^^^
  File "/home/deachawat/dev/projects/Odoo/Odoo17/odoo/modules/registry.py", line 209, in __getitem__
    return self.models[model_name]
           ~~~~~~~~~~~^^^^^^^^^^^^
KeyError: 'ir.http'

During handling of the above exception, another exception occurred:

Traceback (most recent call last):
  File "/home/deachawat/dev/projects/Odoo/Odoo17/odoo/http.py", line 2213, in __call__
    response = request._serve_db()
               ^^^^^^^^^^^^^^^^^^^
  File "/home/deachawat/dev/projects/Odoo/Odoo17/odoo/http.py", line 1793, in _serve_db
    exc.error_response = self.registry['ir.http']._handle_error(exc)
                         ~~~~~~~~~~~~~^^^^^^^^^^^
  File "/home/deachawat/dev/projects/Odoo/Odoo17/odoo/modules/registry.py", line 209, in __getitem__
    return self.models[model_name]
           ~~~~~~~~~~~^^^^^^^^^^^^
KeyError: 'ir.http'
2025-07-23 09:26:35,245 286290 INFO odoo_admin werkzeug: 127.0.0.1 - - [23/Jul/2025 09:26:35] "GET /web/database HTTP/1.1" 500 - 1 0.000 0.002
2025-07-23 09:26:35,297 286290 ERROR odoo_admin odoo.http: Exception during request handling. 
Traceback (most recent call last):
  File "/home/deachawat/dev/projects/Odoo/Odoo17/odoo/http.py", line 1788, in _serve_db
    return service_model.retrying(self._serve_ir_http, self.env)
           ^^^^^^^^^^^^^^^^^^^^^^^^^^^^^^^^^^^^^^^^^^^^^^^^^^^^^
  File "/home/deachawat/dev/projects/Odoo/Odoo17/odoo/service/model.py", line 152, in retrying
    result = func()
             ^^^^^^
  File "/home/deachawat/dev/projects/Odoo/Odoo17/odoo/http.py", line 1801, in _serve_ir_http
    ir_http = self.registry['ir.http']
              ~~~~~~~~~~~~~^^^^^^^^^^^
  File "/home/deachawat/dev/projects/Odoo/Odoo17/odoo/modules/registry.py", line 209, in __getitem__
    return self.models[model_name]
           ~~~~~~~~~~~^^^^^^^^^^^^
KeyError: 'ir.http'

During handling of the above exception, another exception occurred:

Traceback (most recent call last):
  File "/home/deachawat/dev/projects/Odoo/Odoo17/odoo/http.py", line 2213, in __call__
    response = request._serve_db()
               ^^^^^^^^^^^^^^^^^^^
  File "/home/deachawat/dev/projects/Odoo/Odoo17/odoo/http.py", line 1793, in _serve_db
    exc.error_response = self.registry['ir.http']._handle_error(exc)
                         ~~~~~~~~~~~~~^^^^^^^^^^^
  File "/home/deachawat/dev/projects/Odoo/Odoo17/odoo/modules/registry.py", line 209, in __getitem__
    return self.models[model_name]
           ~~~~~~~~~~~^^^^^^^^^^^^
KeyError: 'ir.http'
2025-07-23 09:26:35,298 286290 INFO odoo_admin werkzeug: 127.0.0.1 - - [23/Jul/2025 09:26:35] "GET /favicon.ico HTTP/1.1" 500 - 1 0.001 0.002
2025-07-23 09:26:36,808 286290 ERROR odoo_admin odoo.http: Exception during request handling. 
Traceback (most recent call last):
  File "/home/deachawat/dev/projects/Odoo/Odoo17/odoo/http.py", line 1788, in _serve_db
    return service_model.retrying(self._serve_ir_http, self.env)
           ^^^^^^^^^^^^^^^^^^^^^^^^^^^^^^^^^^^^^^^^^^^^^^^^^^^^^
  File "/home/deachawat/dev/projects/Odoo/Odoo17/odoo/service/model.py", line 152, in retrying
    result = func()
             ^^^^^^
  File "/home/deachawat/dev/projects/Odoo/Odoo17/odoo/http.py", line 1801, in _serve_ir_http
    ir_http = self.registry['ir.http']
              ~~~~~~~~~~~~~^^^^^^^^^^^
  File "/home/deachawat/dev/projects/Odoo/Odoo17/odoo/modules/registry.py", line 209, in __getitem__
    return self.models[model_name]
           ~~~~~~~~~~~^^^^^^^^^^^^
KeyError: 'ir.http'

During handling of the above exception, another exception occurred:

Traceback (most recent call last):
  File "/home/deachawat/dev/projects/Odoo/Odoo17/odoo/http.py", line 2213, in __call__
    response = request._serve_db()
               ^^^^^^^^^^^^^^^^^^^
  File "/home/deachawat/dev/projects/Odoo/Odoo17/odoo/http.py", line 1793, in _serve_db
    exc.error_response = self.registry['ir.http']._handle_error(exc)
                         ~~~~~~~~~~~~~^^^^^^^^^^^
  File "/home/deachawat/dev/projects/Odoo/Odoo17/odoo/modules/registry.py", line 209, in __getitem__
    return self.models[model_name]
           ~~~~~~~~~~~^^^^^^^^^^^^
KeyError: 'ir.http'
2025-07-23 09:26:36,809 286290 INFO odoo_admin werkzeug: 127.0.0.1 - - [23/Jul/2025 09:26:36] "GET /web/service-worker.js HTTP/1.1" 500 - 1 0.000 0.002
2025-07-23 09:26:40,159 286290 ERROR odoo_admin odoo.http: Exception during request handling. 
Traceback (most recent call last):
  File "/home/deachawat/dev/projects/Odoo/Odoo17/odoo/http.py", line 1788, in _serve_db
    return service_model.retrying(self._serve_ir_http, self.env)
           ^^^^^^^^^^^^^^^^^^^^^^^^^^^^^^^^^^^^^^^^^^^^^^^^^^^^^
  File "/home/deachawat/dev/projects/Odoo/Odoo17/odoo/service/model.py", line 152, in retrying
    result = func()
             ^^^^^^
  File "/home/deachawat/dev/projects/Odoo/Odoo17/odoo/http.py", line 1801, in _serve_ir_http
    ir_http = self.registry['ir.http']
              ~~~~~~~~~~~~~^^^^^^^^^^^
  File "/home/deachawat/dev/projects/Odoo/Odoo17/odoo/modules/registry.py", line 209, in __getitem__
    return self.models[model_name]
           ~~~~~~~~~~~^^^^^^^^^^^^
KeyError: 'ir.http'

During handling of the above exception, another exception occurred:

Traceback (most recent call last):
  File "/home/deachawat/dev/projects/Odoo/Odoo17/odoo/http.py", line 2213, in __call__
    response = request._serve_db()
               ^^^^^^^^^^^^^^^^^^^
  File "/home/deachawat/dev/projects/Odoo/Odoo17/odoo/http.py", line 1793, in _serve_db
    exc.error_response = self.registry['ir.http']._handle_error(exc)
                         ~~~~~~~~~~~~~^^^^^^^^^^^
  File "/home/deachawat/dev/projects/Odoo/Odoo17/odoo/modules/registry.py", line 209, in __getitem__
    return self.models[model_name]
           ~~~~~~~~~~~^^^^^^^^^^^^
KeyError: 'ir.http'
2025-07-23 09:26:40,160 286290 INFO odoo_admin werkzeug: 127.0.0.1 - - [23/Jul/2025 09:26:40] "GET / HTTP/1.1" 500 - 1 0.001 0.003
2025-07-23 09:26:40,219 286290 ERROR odoo_admin odoo.http: Exception during request handling. 
Traceback (most recent call last):
  File "/home/deachawat/dev/projects/Odoo/Odoo17/odoo/http.py", line 1788, in _serve_db
    return service_model.retrying(self._serve_ir_http, self.env)
           ^^^^^^^^^^^^^^^^^^^^^^^^^^^^^^^^^^^^^^^^^^^^^^^^^^^^^
  File "/home/deachawat/dev/projects/Odoo/Odoo17/odoo/service/model.py", line 152, in retrying
    result = func()
             ^^^^^^
  File "/home/deachawat/dev/projects/Odoo/Odoo17/odoo/http.py", line 1801, in _serve_ir_http
    ir_http = self.registry['ir.http']
              ~~~~~~~~~~~~~^^^^^^^^^^^
  File "/home/deachawat/dev/projects/Odoo/Odoo17/odoo/modules/registry.py", line 209, in __getitem__
    return self.models[model_name]
           ~~~~~~~~~~~^^^^^^^^^^^^
KeyError: 'ir.http'

During handling of the above exception, another exception occurred:

Traceback (most recent call last):
  File "/home/deachawat/dev/projects/Odoo/Odoo17/odoo/http.py", line 2213, in __call__
    response = request._serve_db()
               ^^^^^^^^^^^^^^^^^^^
  File "/home/deachawat/dev/projects/Odoo/Odoo17/odoo/http.py", line 1793, in _serve_db
    exc.error_response = self.registry['ir.http']._handle_error(exc)
                         ~~~~~~~~~~~~~^^^^^^^^^^^
  File "/home/deachawat/dev/projects/Odoo/Odoo17/odoo/modules/registry.py", line 209, in __getitem__
    return self.models[model_name]
           ~~~~~~~~~~~^^^^^^^^^^^^
KeyError: 'ir.http'
2025-07-23 09:26:40,220 286290 INFO odoo_admin werkzeug: 127.0.0.1 - - [23/Jul/2025 09:26:40] "GET /favicon.ico HTTP/1.1" 500 - 1 0.001 0.004
2025-07-23 09:27:18,694 286290 ERROR odoo_admin odoo.http: Exception during request handling. 
Traceback (most recent call last):
  File "/home/deachawat/dev/projects/Odoo/Odoo17/odoo/http.py", line 1788, in _serve_db
    return service_model.retrying(self._serve_ir_http, self.env)
           ^^^^^^^^^^^^^^^^^^^^^^^^^^^^^^^^^^^^^^^^^^^^^^^^^^^^^
  File "/home/deachawat/dev/projects/Odoo/Odoo17/odoo/service/model.py", line 152, in retrying
    result = func()
             ^^^^^^
  File "/home/deachawat/dev/projects/Odoo/Odoo17/odoo/http.py", line 1801, in _serve_ir_http
    ir_http = self.registry['ir.http']
              ~~~~~~~~~~~~~^^^^^^^^^^^
  File "/home/deachawat/dev/projects/Odoo/Odoo17/odoo/modules/registry.py", line 209, in __getitem__
    return self.models[model_name]
           ~~~~~~~~~~~^^^^^^^^^^^^
KeyError: 'ir.http'

During handling of the above exception, another exception occurred:

Traceback (most recent call last):
  File "/home/deachawat/dev/projects/Odoo/Odoo17/odoo/http.py", line 2213, in __call__
    response = request._serve_db()
               ^^^^^^^^^^^^^^^^^^^
  File "/home/deachawat/dev/projects/Odoo/Odoo17/odoo/http.py", line 1793, in _serve_db
    exc.error_response = self.registry['ir.http']._handle_error(exc)
                         ~~~~~~~~~~~~~^^^^^^^^^^^
  File "/home/deachawat/dev/projects/Odoo/Odoo17/odoo/modules/registry.py", line 209, in __getitem__
    return self.models[model_name]
           ~~~~~~~~~~~^^^^^^^^^^^^
KeyError: 'ir.http'
2025-07-23 09:27:18,701 286290 INFO odoo_admin werkzeug: 127.0.0.1 - - [23/Jul/2025 09:27:18] "GET /web/database/manager HTTP/1.1" 500 - 1 0.003 0.015
2025-07-23 09:27:21,493 286290 ERROR odoo_admin odoo.sql_db: bad query: 
            SELECT latest_version
            FROM ir_module_module
             WHERE name='base'
        
ERROR: relation "ir_module_module" does not exist
LINE 3:             FROM ir_module_module
                         ^
 
2025-07-23 09:27:21,493 286290 WARNING odoo_admin odoo.addons.base.models.ir_cron: Tried to poll an undefined table on database odoo_admin. 
2025-07-23 09:27:22,459 286290 ERROR odoo_admin odoo.sql_db: bad query: 
            SELECT latest_version
            FROM ir_module_module
             WHERE name='base'
        
ERROR: relation "ir_module_module" does not exist
LINE 3:             FROM ir_module_module
                         ^
 
2025-07-23 09:27:22,460 286290 WARNING odoo_admin odoo.addons.base.models.ir_cron: Tried to poll an undefined table on database odoo_admin. 
2025-07-23 09:27:44,821 286290 INFO odoo_admin odoo.service.server: Initiating shutdown 
2025-07-23 09:27:44,828 286290 INFO odoo_admin odoo.service.server: Hit CTRL-C again or send a second signal to force the shutdown. 
2025-07-23 09:28:34,226 290837 INFO ? odoo: Odoo version 17.0 
2025-07-23 09:28:34,227 290837 INFO ? odoo: Using configuration file at /home/deachawat/dev/projects/Odoo/Odoo17/odoo-dev.conf 
2025-07-23 09:28:34,227 290837 INFO ? odoo: addons paths: ['/home/deachawat/dev/projects/Odoo/Odoo17/odoo/addons', '/home/deachawat/dev/projects/Odoo/Odoo17/data/addons/17.0', '/home/deachawat/dev/projects/Odoo/Odoo17/addons', '/home/deachawat/dev/projects/Odoo/Odoo17/custom_addons'] 
2025-07-23 09:28:34,227 290837 INFO ? odoo: database: admin@localhost:5432 
2025-07-23 09:28:34,856 290837 INFO ? odoo.addons.base.models.ir_actions_report: You need Wkhtmltopdf to print a pdf version of the reports. 
2025-07-23 09:28:35,392 290837 INFO odoo_admin odoo.modules.loading: init db 
2025-07-23 09:28:39,380 290837 INFO odoo_admin odoo.modules.loading: loading 1 modules... 
2025-07-23 09:28:39,380 290837 INFO odoo_admin odoo.modules.loading: Loading module base (1/1) 
2025-07-23 09:28:39,461 290837 INFO odoo_admin odoo.modules.registry: module base: creating or updating database tables 
2025-07-23 09:28:40,807 290837 INFO odoo_admin odoo.models: Prepare computation of ir.module.module.menus_by_module 
2025-07-23 09:28:40,807 290837 INFO odoo_admin odoo.models: Prepare computation of ir.module.module.reports_by_module 
2025-07-23 09:28:40,807 290837 INFO odoo_admin odoo.models: Prepare computation of ir.module.module.views_by_module 
2025-07-23 09:28:41,219 290837 INFO odoo_admin odoo.models: Prepare computation of res.partner.user_id 
2025-07-23 09:28:41,220 290837 INFO odoo_admin odoo.models: Prepare computation of res.partner.commercial_partner_id 
2025-07-23 09:28:41,220 290837 INFO odoo_admin odoo.models: Prepare computation of res.partner.complete_name 
2025-07-23 09:28:41,220 290837 INFO odoo_admin odoo.models: Prepare computation of res.partner.company_registry 
2025-07-23 09:28:41,220 290837 INFO odoo_admin odoo.models: Prepare computation of res.partner.commercial_company_name 
2025-07-23 09:28:41,220 290837 INFO odoo_admin odoo.models: Prepare computation of res.partner.partner_share 
2025-07-23 09:28:41,359 290837 INFO odoo_admin odoo.models: Prepare computation of res.currency.decimal_places 
2025-07-23 09:28:41,498 290837 INFO odoo_admin odoo.models: Prepare computation of res.company.uses_default_logo 
2025-07-23 09:28:41,499 290837 INFO odoo_admin odoo.models: Prepare computation of res.company.logo_web 
2025-07-23 09:28:41,512 290837 INFO odoo_admin odoo.models: Computing parent_path for table res_company... 
2025-07-23 09:28:41,623 290837 INFO odoo_admin odoo.models: Prepare computation of res.users.signature 
2025-07-23 09:28:41,624 290837 INFO odoo_admin odoo.models: Prepare computation of res.users.share 
2025-07-23 09:28:46,402 290837 INFO odoo_admin odoo.modules.loading: loading base/data/res_bank.xml 
2025-07-23 09:28:46,417 290837 INFO odoo_admin odoo.modules.loading: loading base/data/res.lang.csv 
2025-07-23 09:28:46,499 290837 INFO odoo_admin odoo.modules.loading: loading base/data/res_lang_data.xml 
2025-07-23 09:28:46,618 290837 INFO odoo_admin odoo.modules.loading: loading base/data/res_partner_data.xml 
2025-07-23 09:28:46,802 290837 INFO odoo_admin odoo.modules.loading: loading base/data/res_currency_data.xml 
2025-07-23 09:28:48,464 290837 INFO odoo_admin odoo.modules.loading: loading base/data/res_company_data.xml 
2025-07-23 09:28:48,496 290837 INFO odoo_admin odoo.modules.loading: loading base/data/res_users_data.xml 
2025-07-23 09:28:50,973 290837 INFO odoo_admin odoo.modules.loading: loading base/data/report_paperformat_data.xml 
2025-07-23 09:28:51,004 290837 INFO odoo_admin odoo.modules.loading: loading base/data/res_country_data.xml 
2025-07-23 09:28:52,474 290837 INFO odoo_admin odoo.modules.loading: loading base/data/ir_demo_data.xml 
2025-07-23 09:28:52,511 290837 INFO odoo_admin odoo.modules.loading: loading base/security/base_groups.xml 
2025-07-23 09:28:53,751 290837 INFO odoo_admin odoo.modules.loading: loading base/security/base_security.xml 
2025-07-23 09:28:54,252 290837 INFO odoo_admin odoo.modules.loading: loading base/views/base_menus.xml 
2025-07-23 09:28:54,576 290837 INFO odoo_admin odoo.modules.loading: loading base/views/decimal_precision_views.xml 
2025-07-23 09:28:54,644 290837 INFO odoo_admin odoo.modules.loading: loading base/views/res_config_views.xml 
2025-07-23 09:28:54,676 290837 INFO odoo_admin odoo.modules.loading: loading base/data/res.country.state.csv 
2025-07-23 09:28:56,078 290837 INFO odoo_admin odoo.modules.loading: loading base/views/ir_actions_views.xml 
2025-07-23 09:28:56,395 290837 INFO odoo_admin odoo.modules.loading: loading base/views/ir_asset_views.xml 
2025-07-23 09:28:56,440 290837 INFO odoo_admin odoo.modules.loading: loading base/views/ir_config_parameter_views.xml 
2025-07-23 09:28:56,489 290837 INFO odoo_admin odoo.modules.loading: loading base/views/ir_cron_views.xml 
2025-07-23 09:28:56,543 290837 INFO odoo_admin odoo.modules.loading: loading base/views/ir_cron_trigger_views.xml 
2025-07-23 09:28:56,578 290837 INFO odoo_admin odoo.modules.loading: loading base/views/ir_filters_views.xml 
2025-07-23 09:28:56,622 290837 INFO odoo_admin odoo.modules.loading: loading base/views/ir_mail_server_views.xml 
2025-07-23 09:28:56,658 290837 INFO odoo_admin odoo.modules.loading: loading base/views/ir_model_views.xml 
2025-07-23 09:28:57,035 290837 INFO odoo_admin odoo.modules.loading: loading base/views/ir_attachment_views.xml 
2025-07-23 09:28:57,084 290837 INFO odoo_admin odoo.modules.loading: loading base/views/ir_rule_views.xml 
2025-07-23 09:28:57,134 290837 INFO odoo_admin odoo.modules.loading: loading base/views/ir_sequence_views.xml 
2025-07-23 09:28:57,175 290837 INFO odoo_admin odoo.modules.loading: loading base/views/ir_ui_menu_views.xml 
2025-07-23 09:28:57,215 290837 INFO odoo_admin odoo.modules.loading: loading base/views/ir_ui_view_views.xml 
2025-07-23 09:28:57,303 290837 INFO odoo_admin odoo.modules.loading: loading base/views/ir_default_views.xml 
2025-07-23 09:28:57,338 290837 INFO odoo_admin odoo.modules.loading: loading base/data/ir_cron_data.xml 
2025-07-23 09:28:57,357 290837 INFO odoo_admin odoo.modules.loading: loading base/report/ir_model_report.xml 
2025-07-23 09:28:57,366 290837 INFO odoo_admin odoo.modules.loading: loading base/report/ir_model_templates.xml 
2025-07-23 09:28:57,378 290837 INFO odoo_admin odoo.modules.loading: loading base/views/ir_logging_views.xml 
2025-07-23 09:28:57,414 290837 INFO odoo_admin odoo.modules.loading: loading base/views/ir_qweb_widget_templates.xml 
2025-07-23 09:28:57,442 290837 INFO odoo_admin odoo.modules.loading: loading base/views/ir_module_views.xml 
2025-07-23 09:28:57,556 290837 INFO odoo_admin odoo.modules.loading: loading base/data/ir_module_category_data.xml 
2025-07-23 09:28:57,705 290837 INFO odoo_admin odoo.modules.loading: loading base/data/ir_module_module.xml 
2025-07-23 09:28:57,824 290837 INFO odoo_admin odoo.modules.loading: loading base/report/ir_module_reports.xml 
2025-07-23 09:28:57,832 290837 INFO odoo_admin odoo.modules.loading: loading base/report/ir_module_report_templates.xml 
2025-07-23 09:28:57,844 290837 INFO odoo_admin odoo.modules.loading: loading base/wizard/base_module_update_views.xml 
2025-07-23 09:28:57,864 290837 INFO odoo_admin odoo.modules.loading: loading base/wizard/base_language_install_views.xml 
2025-07-23 09:28:57,886 290837 INFO odoo_admin odoo.modules.loading: loading base/wizard/base_import_language_views.xml 
2025-07-23 09:28:57,907 290837 INFO odoo_admin odoo.modules.loading: loading base/wizard/base_module_upgrade_views.xml 
2025-07-23 09:28:57,954 290837 INFO odoo_admin odoo.modules.loading: loading base/wizard/base_module_uninstall_views.xml 
2025-07-23 09:28:57,969 290837 INFO odoo_admin odoo.modules.loading: loading base/wizard/base_export_language_views.xml 
2025-07-23 09:28:57,991 290837 INFO odoo_admin odoo.modules.loading: loading base/wizard/base_partner_merge_views.xml 
2025-07-23 09:28:58,021 290837 INFO odoo_admin odoo.modules.loading: loading base/data/ir_demo_failure_data.xml 
2025-07-23 09:28:58,049 290837 INFO odoo_admin odoo.modules.loading: loading base/views/ir_profile_views.xml 
2025-07-23 09:28:58,094 290837 INFO odoo_admin odoo.modules.loading: loading base/views/res_company_views.xml 
2025-07-23 09:28:58,143 290837 INFO odoo_admin odoo.modules.loading: loading base/views/res_lang_views.xml 
2025-07-23 09:28:58,188 290837 INFO odoo_admin odoo.modules.loading: loading base/views/res_partner_views.xml 
2025-07-23 09:28:58,353 290837 INFO odoo_admin odoo.modules.loading: loading base/views/res_bank_views.xml 
2025-07-23 09:28:58,405 290837 INFO odoo_admin odoo.modules.loading: loading base/views/res_country_views.xml 
2025-07-23 09:28:58,475 290837 INFO odoo_admin odoo.modules.loading: loading base/views/res_currency_views.xml 
2025-07-23 09:28:58,551 290837 INFO odoo_admin odoo.modules.loading: loading base/views/res_users_views.xml 
2025-07-23 09:28:58,724 290837 INFO odoo_admin odoo.modules.loading: loading base/views/res_users_identitycheck_views.xml 
2025-07-23 09:28:58,739 290837 INFO odoo_admin odoo.modules.loading: loading base/views/ir_property_views.xml 
2025-07-23 09:28:58,769 290837 INFO odoo_admin odoo.modules.loading: loading base/views/res_config_settings_views.xml 
2025-07-23 09:28:58,781 290837 INFO odoo_admin odoo.modules.loading: loading base/views/report_paperformat_views.xml 
2025-07-23 09:28:58,817 290837 INFO odoo_admin odoo.modules.loading: loading base/security/ir.model.access.csv 
2025-07-23 09:28:58,997 290837 INFO odoo_admin odoo.modules.loading: Module base: loading demo 
2025-07-23 09:28:58,998 290837 INFO odoo_admin odoo.modules.loading: loading base/data/res_users_demo.xml 
2025-07-23 09:29:01,282 290837 INFO odoo_admin odoo.modules.loading: loading base/data/res_partner_bank_demo.xml 
2025-07-23 09:29:01,295 290837 INFO odoo_admin odoo.modules.loading: loading base/data/res_currency_demo.xml 
2025-07-23 09:29:01,306 290837 INFO odoo_admin odoo.modules.loading: loading base/data/res_currency_rate_demo.xml 
2025-07-23 09:29:01,885 290837 INFO odoo_admin odoo.modules.loading: loading base/data/res_bank_demo.xml 
2025-07-23 09:29:01,899 290837 INFO odoo_admin odoo.modules.loading: loading base/data/res_partner_demo.xml 
2025-07-23 09:29:02,317 290837 INFO odoo_admin odoo.modules.loading: loading base/data/res_partner_image_demo.xml 
2025-07-23 09:29:03,076 290837 INFO odoo_admin odoo.modules.loading: Module base loaded in 23.70s, 9084 queries (+9084 other) 
2025-07-23 09:29:03,077 290837 INFO odoo_admin odoo.modules.loading: 1 modules loaded in 23.70s, 9084 queries (+9084 extra) 
2025-07-23 09:29:03,101 290837 INFO odoo_admin odoo.modules.loading: updating modules list 
2025-07-23 09:29:03,104 290837 INFO odoo_admin odoo.addons.base.models.ir_module: ALLOW access to module.update_list on [] to user __system__ #1 via n/a 
2025-07-23 09:29:04,105 290837 INFO odoo_admin odoo.modules.loading: loading 11 modules... 
2025-07-23 09:29:04,106 290837 INFO odoo_admin odoo.modules.loading: Loading module web (2/11) 
2025-07-23 09:29:04,132 290837 INFO odoo_admin odoo.modules.registry: module web: creating or updating database tables 
2025-07-23 09:29:05,079 290837 INFO odoo_admin odoo.modules.loading: loading web/security/ir.model.access.csv 
2025-07-23 09:29:05,105 290837 INFO odoo_admin odoo.modules.loading: loading web/views/webclient_templates.xml 
2025-07-23 09:29:05,251 290837 INFO odoo_admin odoo.modules.loading: loading web/views/report_templates.xml 
2025-07-23 09:29:05,412 290837 INFO odoo_admin odoo.modules.loading: loading web/views/base_document_layout_views.xml 
2025-07-23 09:29:05,436 290837 INFO odoo_admin odoo.modules.loading: loading web/views/partner_view.xml 
2025-07-23 09:29:05,447 290837 INFO odoo_admin odoo.modules.loading: loading web/views/speedscope_template.xml 
2025-07-23 09:29:05,459 290837 INFO odoo_admin odoo.modules.loading: loading web/views/neutralize_views.xml 
2025-07-23 09:29:05,472 290837 INFO odoo_admin odoo.modules.loading: loading web/data/ir_attachment.xml 
2025-07-23 09:29:05,484 290837 INFO odoo_admin odoo.modules.loading: loading web/data/report_layout.xml 
2025-07-23 09:29:05,582 290837 INFO odoo_admin odoo.modules.loading: Module web loaded in 1.48s, 989 queries (+989 other) 
2025-07-23 09:29:05,583 290837 INFO odoo_admin odoo.modules.loading: Loading module auth_totp (3/11) 
2025-07-23 09:29:05,711 290837 INFO odoo_admin odoo.modules.registry: module auth_totp: creating or updating database tables 
2025-07-23 09:29:05,820 290837 INFO odoo_admin odoo.modules.loading: loading auth_totp/security/security.xml 
2025-07-23 09:29:05,873 290837 INFO odoo_admin odoo.modules.loading: loading auth_totp/security/ir.model.access.csv 
2025-07-23 09:29:05,893 290837 INFO odoo_admin odoo.modules.loading: loading auth_totp/data/ir_action_data.xml 
2025-07-23 09:29:05,907 290837 INFO odoo_admin odoo.modules.loading: loading auth_totp/views/res_users_views.xml 
2025-07-23 09:29:05,957 290837 INFO odoo_admin odoo.modules.loading: loading auth_totp/views/templates.xml 
2025-07-23 09:29:05,968 290837 INFO odoo_admin odoo.modules.loading: loading auth_totp/wizard/auth_totp_wizard_views.xml 
2025-07-23 09:29:06,010 290837 INFO odoo_admin odoo.modules.loading: Module auth_totp loaded in 0.43s, 179 queries (+179 other) 
2025-07-23 09:29:06,010 290837 INFO odoo_admin odoo.modules.loading: Loading module base_import (4/11) 
2025-07-23 09:29:06,069 290837 INFO odoo_admin odoo.modules.registry: module base_import: creating or updating database tables 
2025-07-23 09:29:06,931 290837 INFO odoo_admin odoo.modules.loading: loading base_import/security/ir.model.access.csv 
2025-07-23 09:29:06,978 290837 INFO odoo_admin odoo.modules.loading: Module base_import loaded in 0.97s, 801 queries (+801 other) 
2025-07-23 09:29:06,978 290837 INFO odoo_admin odoo.modules.loading: Loading module base_import_module (5/11) 
2025-07-23 09:29:07,045 290837 INFO odoo_admin odoo.modules.registry: module base_import_module: creating or updating database tables 
2025-07-23 09:29:07,196 290837 INFO odoo_admin odoo.modules.loading: loading base_import_module/security/ir.model.access.csv 
2025-07-23 09:29:07,212 290837 INFO odoo_admin odoo.modules.loading: loading base_import_module/views/base_import_module_view.xml 
2025-07-23 09:29:07,240 290837 INFO odoo_admin odoo.modules.loading: loading base_import_module/views/ir_module_views.xml 
2025-07-23 09:29:07,318 290837 INFO odoo_admin odoo.modules.loading: Module base_import_module loaded in 0.34s, 154 queries (+154 other) 
2025-07-23 09:29:07,319 290837 INFO odoo_admin odoo.modules.loading: Loading module base_setup (6/11) 
2025-07-23 09:29:07,349 290837 INFO odoo_admin odoo.modules.registry: module base_setup: creating or updating database tables 
2025-07-23 09:29:07,423 290837 INFO odoo_admin odoo.modules.loading: loading base_setup/data/base_setup_data.xml 
2025-07-23 09:29:07,431 290837 INFO odoo_admin odoo.modules.loading: loading base_setup/views/res_config_settings_views.xml 
2025-07-23 09:29:07,477 290837 INFO odoo_admin odoo.modules.loading: loading base_setup/views/res_partner_views.xml 
2025-07-23 09:29:07,509 290837 INFO odoo_admin odoo.modules.loading: Module base_setup loaded in 0.19s, 139 queries (+139 other) 
2025-07-23 09:29:07,510 290837 INFO odoo_admin odoo.modules.loading: Loading module bus (7/11) 
2025-07-23 09:29:07,569 290837 INFO odoo_admin odoo.modules.registry: module bus: creating or updating database tables 
2025-07-23 09:29:07,761 290837 INFO odoo_admin odoo.modules.loading: loading bus/security/ir.model.access.csv 
2025-07-23 09:29:07,804 290837 INFO odoo_admin odoo.modules.loading: Module bus loaded in 0.29s, 116 queries (+116 other) 
2025-07-23 09:29:07,804 290837 INFO odoo_admin odoo.modules.loading: Loading module web_tour (8/11) 
2025-07-23 09:29:07,834 290837 INFO odoo_admin odoo.modules.registry: module web_tour: creating or updating database tables 
2025-07-23 09:29:07,885 290837 INFO odoo_admin odoo.modules.loading: loading web_tour/security/ir.model.access.csv 
2025-07-23 09:29:07,905 290837 INFO odoo_admin odoo.modules.loading: loading web_tour/security/ir.rule.csv 
2025-07-23 09:29:07,926 290837 INFO odoo_admin odoo.modules.loading: loading web_tour/views/tour_views.xml 
2025-07-23 09:29:07,984 290837 INFO odoo_admin odoo.modules.loading: Module web_tour loaded in 0.18s, 104 queries (+104 other) 
2025-07-23 09:29:07,985 290837 INFO odoo_admin odoo.modules.loading: Loading module iap (9/11) 
2025-07-23 09:29:08,030 290837 INFO odoo_admin odoo.modules.registry: module iap: creating or updating database tables 
2025-07-23 09:29:08,215 290837 INFO odoo_admin odoo.modules.loading: loading iap/security/ir.model.access.csv 
2025-07-23 09:29:08,238 290837 INFO odoo_admin odoo.modules.loading: loading iap/security/ir_rule.xml 
2025-07-23 09:29:08,258 290837 INFO odoo_admin odoo.modules.loading: loading iap/views/iap_views.xml 
2025-07-23 09:29:08,293 290837 INFO odoo_admin odoo.modules.loading: loading iap/views/res_config_settings.xml 
2025-07-23 09:29:08,341 290837 INFO odoo_admin odoo.modules.loading: Module iap loaded in 0.36s, 151 queries (+151 other) 
2025-07-23 09:29:08,341 290837 INFO odoo_admin odoo.modules.loading: Loading module web_editor (10/11) 
2025-07-23 09:29:08,490 290837 INFO odoo_admin odoo.modules.registry: module web_editor: creating or updating database tables 
2025-07-23 09:29:09,440 290837 INFO odoo_admin odoo.modules.loading: loading web_editor/security/ir.model.access.csv 
2025-07-23 09:29:09,459 290837 INFO odoo_admin odoo.modules.loading: loading web_editor/data/editor_assets.xml 
2025-07-23 09:29:09,469 290837 INFO odoo_admin odoo.modules.loading: loading web_editor/views/editor.xml 
2025-07-23 09:29:09,493 290837 INFO odoo_admin odoo.modules.loading: loading web_editor/views/snippets.xml 
2025-07-23 09:29:09,570 290837 INFO odoo_admin odoo.modules.loading: Module web_editor loaded in 1.23s, 907 queries (+907 other) 
2025-07-23 09:29:09,570 290837 INFO odoo_admin odoo.modules.loading: Loading module web_unsplash (11/11) 
2025-07-23 09:29:09,611 290837 INFO odoo_admin odoo.modules.registry: module web_unsplash: creating or updating database tables 
2025-07-23 09:29:09,704 290837 INFO odoo_admin odoo.modules.loading: loading web_unsplash/views/res_config_settings_view.xml 
2025-07-23 09:29:09,791 290837 INFO odoo_admin odoo.modules.loading: Module web_unsplash loaded in 0.22s, 95 queries (+95 other) 
2025-07-23 09:29:09,791 290837 INFO odoo_admin odoo.modules.loading: 11 modules loaded in 5.69s, 3635 queries (+3635 extra) 
2025-07-23 09:29:10,360 290837 INFO odoo_admin odoo.modules.loading: Modules loaded. 
2025-07-23 09:29:10,365 290837 INFO odoo_admin odoo.modules.registry: Registry loaded in 35.014s 
2025-07-23 09:29:10,366 290837 INFO odoo_admin odoo.service.server: Initiating shutdown 
2025-07-23 09:29:10,366 290837 INFO odoo_admin odoo.service.server: Hit CTRL-C again or send a second signal to force the shutdown. 
2025-07-23 09:29:10,366 290837 INFO odoo_admin odoo.sql_db: ConnectionPool(used=0/count=0/max=32): Closed 1 connections  
2025-07-23 09:30:14,176 294742 INFO ? odoo: Odoo version 17.0 
2025-07-23 09:30:14,177 294742 INFO ? odoo: Using configuration file at /home/deachawat/dev/projects/Odoo/Odoo17/odoo-dev.conf 
2025-07-23 09:30:14,177 294742 INFO ? odoo: addons paths: ['/home/deachawat/dev/projects/Odoo/Odoo17/odoo/addons', '/home/deachawat/dev/projects/Odoo/Odoo17/data/addons/17.0', '/home/deachawat/dev/projects/Odoo/Odoo17/addons', '/home/deachawat/dev/projects/Odoo/Odoo17/custom_addons'] 
2025-07-23 09:30:14,177 294742 INFO ? odoo: database: admin@localhost:5432 
2025-07-23 09:30:14,762 294742 INFO ? odoo.addons.base.models.ir_actions_report: You need Wkhtmltopdf to print a pdf version of the reports. 
2025-07-23 09:30:15,244 294742 INFO ? odoo.service.server: HTTP service (werkzeug) running on NB-DEACHAWAT.NWFTH.COM:8069 
2025-07-23 09:30:15,292 294742 INFO odoo_admin odoo.modules.loading: loading 1 modules... 
2025-07-23 09:30:15,306 294742 INFO odoo_admin odoo.modules.loading: 1 modules loaded in 0.01s, 0 queries (+0 extra) 
2025-07-23 09:30:15,320 294742 INFO odoo_admin odoo.modules.loading: loading 11 modules... 
2025-07-23 09:30:15,428 294742 INFO odoo_admin odoo.modules.loading: 11 modules loaded in 0.11s, 0 queries (+0 extra) 
2025-07-23 09:30:15,498 294742 INFO odoo_admin odoo.modules.loading: Modules loaded. 
2025-07-23 09:30:15,503 294742 INFO odoo_admin odoo.modules.registry: Registry loaded in 0.260s 
2025-07-23 09:30:29,343 294742 INFO odoo_admin odoo.addons.base.models.ir_http: Generating routing map for key None 
2025-07-23 09:30:29,379 294742 INFO odoo_admin werkzeug: 127.0.0.1 - - [23/Jul/2025 09:30:29] "GET / HTTP/1.1" 303 - 5 0.007 0.036
2025-07-23 09:30:35,722 294742 INFO odoo_admin werkzeug: 127.0.0.1 - - [23/Jul/2025 09:30:35] "GET /web/login HTTP/1.1" 200 - 50 0.063 0.189
2025-07-23 09:30:41,198 294742 INFO odoo_admin werkzeug: 127.0.0.1 - - [23/Jul/2025 09:30:41] "GET /web HTTP/1.1" 303 - 1 0.001 0.007
2025-07-23 09:31:09,086 294742 INFO odoo_admin odoo.service.server: Initiating shutdown 
2025-07-23 09:31:09,402 294742 INFO odoo_admin odoo.service.server: Hit CTRL-C again or send a second signal to force the shutdown. 
2025-07-23 09:31:09,785 294742 INFO odoo_admin odoo.sql_db: ConnectionPool(used=0/count=0/max=32): Closed 3 connections  
2025-07-23 10:20:54,978 31901 INFO ? odoo: Odoo version 17.0 
2025-07-23 10:20:54,979 31901 INFO ? odoo: Using configuration file at /home/deachawat/dev/projects/Odoo/Odoo17/odoo-dev.conf 
2025-07-23 10:20:54,979 31901 INFO ? odoo: addons paths: ['/home/deachawat/dev/projects/Odoo/Odoo17/odoo/addons', '/home/deachawat/dev/projects/Odoo/Odoo17/data/addons/17.0', '/home/deachawat/dev/projects/Odoo/Odoo17/addons', '/home/deachawat/dev/projects/Odoo/Odoo17/custom_addons'] 
2025-07-23 10:20:54,979 31901 INFO ? odoo: database: admin@localhost:5432 
2025-07-23 10:20:55,214 31901 INFO ? odoo.addons.base.models.ir_actions_report: You need Wkhtmltopdf to print a pdf version of the reports. 
2025-07-23 10:20:55,420 31901 INFO ? odoo.service.server: HTTP service (werkzeug) running on NB-DEACHAWAT.NWFTH.COM:8069 
2025-07-23 10:20:55,492 31901 INFO odoo_admin odoo.modules.loading: loading 1 modules... 
2025-07-23 10:20:55,496 31901 INFO odoo_admin odoo.modules.loading: 1 modules loaded in 0.00s, 0 queries (+0 extra) 
2025-07-23 10:20:55,513 31901 INFO odoo_admin odoo.modules.loading: loading 11 modules... 
2025-07-23 10:20:55,606 31901 INFO odoo_admin odoo.modules.loading: 11 modules loaded in 0.09s, 0 queries (+0 extra) 
2025-07-23 10:20:55,637 31901 INFO odoo_admin odoo.modules.loading: Modules loaded. 
2025-07-23 10:20:55,644 31901 INFO odoo_admin odoo.modules.registry: Registry loaded in 0.226s 
2025-07-23 10:21:24,651 31901 INFO odoo_admin odoo.addons.base.models.ir_http: Generating routing map for key None 
2025-07-23 10:21:24,765 31901 INFO odoo_admin werkzeug: 127.0.0.1 - - [23/Jul/2025 10:21:24] "GET / HTTP/1.1" 303 - 5 0.047 0.077
2025-07-23 10:21:24,910 31901 INFO odoo_admin werkzeug: 127.0.0.1 - - [23/Jul/2025 10:21:24] "GET /web HTTP/1.1" 303 - 1 0.002 0.009
2025-07-23 10:21:26,517 31901 INFO odoo_admin werkzeug: 127.0.0.1 - - [23/Jul/2025 10:21:26] "GET /web/login HTTP/1.1" 200 - 50 0.571 0.756
2025-07-23 10:21:30,524 31901 INFO odoo_admin werkzeug: 127.0.0.1 - - [23/Jul/2025 10:21:30] "GET /web/binary/company_logo HTTP/1.1" 200 - 2 0.043 3.111
2025-07-23 10:21:33,783 31901 INFO odoo_admin odoo.addons.base.models.assetsbundle: Generating a new asset bundle attachment /web/assets/b4f7a33/web.assets_frontend.min.css (id:200) 
2025-07-23 10:21:33,784 31901 INFO odoo_admin odoo.addons.base.models.assetsbundle: Generating a new asset bundle attachment /web/assets/f6a34db/web.assets_frontend_minimal.min.js (id:199) 
2025-07-23 10:21:33,795 31901 INFO odoo_admin werkzeug: 127.0.0.1 - - [23/Jul/2025 10:21:33] "GET /web/assets/b4f7a33/web.assets_frontend.min.css HTTP/1.1" 200 - 12 0.096 6.722
2025-07-23 10:21:33,797 31901 INFO odoo_admin werkzeug: 127.0.0.1 - - [23/Jul/2025 10:21:33] "GET /web/assets/f6a34db/web.assets_frontend_minimal.min.js HTTP/1.1" 200 - 10 0.077 0.138
2025-07-23 10:21:35,754 31901 INFO odoo_admin werkzeug: 127.0.0.1 - - [23/Jul/2025 10:21:35] "GET /web/service-worker.js HTTP/1.1" 200 - 2 0.014 0.020
2025-07-23 10:21:36,257 31901 INFO odoo_admin werkzeug: 127.0.0.1 - - [23/Jul/2025 10:21:36] "GET /web/offline HTTP/1.1" 200 - 11 0.057 0.086
2025-07-23 10:21:36,650 31901 INFO odoo_admin odoo.addons.base.models.assetsbundle: Generating a new asset bundle attachment /web/assets/b95346d/web.assets_frontend_lazy.min.js (id:201) 
2025-07-23 10:21:36,660 31901 INFO odoo_admin werkzeug: 127.0.0.1 - - [23/Jul/2025 10:21:36] "GET /web/assets/b95346d/web.assets_frontend_lazy.min.js HTTP/1.1" 200 - 9 0.011 2.231
2025-07-23 10:21:37,555 31901 INFO odoo_admin werkzeug: 127.0.0.1 - - [23/Jul/2025 10:21:37] "GET /web/webclient/translations/1753266097212 HTTP/1.1" 200 - 4 0.005 0.012
2025-07-23 10:21:55,737 31901 INFO odoo_admin odoo.addons.base.models.ir_cron: Starting job `Base: Auto-vacuum internal data`. 
2025-07-23 10:21:55,761 31901 INFO odoo_admin odoo.addons.base.models.ir_attachment: filestore gc 59 checked, 0 removed 
2025-07-23 10:21:55,794 31901 INFO odoo_admin odoo.addons.base.models.res_users: GC'd 0 user log entries 
2025-07-23 10:21:55,821 31901 INFO odoo_admin odoo.addons.auth_totp.models.auth_totp: GC'd 0 totp devices entries 
2025-07-23 10:21:55,835 31901 INFO odoo_admin odoo.addons.base.models.ir_cron: Job done: `Base: Auto-vacuum internal data` (0.098s). 
2025-07-23 10:21:55,845 31901 INFO odoo_admin odoo.addons.base.models.ir_cron: Starting job `Base: Portal Users Deletion`. 
2025-07-23 10:21:55,850 31901 INFO odoo_admin odoo.addons.base.models.ir_cron: Job done: `Base: Portal Users Deletion` (0.005s). 
2025-07-23 10:22:08,308 31901 INFO odoo_admin werkzeug: 127.0.0.1 - - [23/Jul/2025 10:22:08] "GET /web/service-worker.js HTTP/1.1" 200 - 2 0.002 0.008
2025-07-23 10:22:19,535 31901 INFO odoo_admin werkzeug: 127.0.0.1 - - [23/Jul/2025 10:22:19] "GET /web/database/manager HTTP/1.1" 200 - 3 0.002 0.050
2025-07-23 10:22:21,176 31901 INFO odoo_admin werkzeug: 127.0.0.1 - - [23/Jul/2025 10:22:21] "GET /web/service-worker.js HTTP/1.1" 200 - 2 0.001 0.006
2025-07-23 10:22:44,622 31901 INFO odoo_admin odoo.service.db: RESTORING DB: NWFTH-ERP-V0.1.1 
2025-07-23 10:22:53,521 31901 INFO odoo_admin odoo.modules.loading: loading 1 modules... 
2025-07-23 10:22:53,530 31901 INFO odoo_admin odoo.modules.loading: 1 modules loaded in 0.01s, 0 queries (+0 extra) 
2025-07-23 10:22:53,535 31901 INFO odoo_admin odoo.modules.loading: loading 41 modules... 
2025-07-23 10:22:54,941 31901 INFO odoo_admin odoo.modules.loading: 41 modules loaded in 1.41s, 0 queries (+0 extra) 
2025-07-23 10:22:55,022 31901 INFO odoo_admin odoo.modules.loading: Modules loaded. 
2025-07-23 10:22:55,026 31901 INFO odoo_admin odoo.modules.registry: Registry loaded in 1.516s 
2025-07-23 10:22:55,067 31901 INFO odoo_admin odoo.service.db: RESTORE DB: NWFTH-ERP-V0.1.1 
2025-07-23 10:22:55,070 31901 INFO odoo_admin werkzeug: 127.0.0.1 - - [23/Jul/2025 10:22:55] "POST /web/database/restore HTTP/1.1" 303 - 42 0.252 10.749
2025-07-23 10:22:55,806 31901 INFO odoo_admin werkzeug: 127.0.0.1 - - [23/Jul/2025 10:22:55] "GET /web/database/manager HTTP/1.1" 200 - 3 0.002 0.727
2025-07-23 10:22:55,989 31901 INFO NWFTH-ERP-V0.1.1 odoo.addons.base.models.ir_cron: Starting job `Base: Auto-vacuum internal data`. 
2025-07-23 10:22:56,033 31901 INFO NWFTH-ERP-V0.1.1 odoo.addons.base.models.ir_attachment: filestore gc 0 checked, 0 removed 
2025-07-23 10:22:56,123 31901 INFO NWFTH-ERP-V0.1.1 odoo.addons.base.models.res_users: GC'd 1 user log entries 
2025-07-23 10:22:56,169 31901 INFO NWFTH-ERP-V0.1.1 odoo.addons.auth_totp.models.auth_totp: GC'd 0 totp devices entries 
2025-07-23 10:22:56,186 31901 INFO NWFTH-ERP-V0.1.1 odoo.models.unlink: User #1 deleted bus.bus records with IDs: [466, 467, 468, 469] 
2025-07-23 10:22:56,207 31901 INFO NWFTH-ERP-V0.1.1 odoo.models.unlink: User #1 deleted bus.presence records with IDs: [12] 
2025-07-23 10:22:56,400 31901 INFO NWFTH-ERP-V0.1.1 odoo.addons.sms.models.sms_sms: GC'd 0 sms marked for deletion 
2025-07-23 10:22:56,448 31901 INFO NWFTH-ERP-V0.1.1 odoo.addons.base.models.ir_cron: Job done: `Base: Auto-vacuum internal data` (0.458s). 
2025-07-23 10:22:56,464 31901 INFO NWFTH-ERP-V0.1.1 odoo.addons.base.models.ir_cron: Starting job `Discuss: channel member unmute`. 
2025-07-23 10:22:56,472 31901 INFO NWFTH-ERP-V0.1.1 odoo.addons.base.models.ir_cron: Job done: `Discuss: channel member unmute` (0.008s). 
2025-07-23 10:22:56,482 31901 INFO NWFTH-ERP-V0.1.1 odoo.addons.base.models.ir_cron: Starting job `Mail: send web push notification`. 
2025-07-23 10:22:56,487 31901 INFO NWFTH-ERP-V0.1.1 odoo.addons.base.models.ir_cron: Job done: `Mail: send web push notification` (0.005s). 
2025-07-23 10:22:56,489 31901 INFO NWFTH-ERP-V0.1.1 odoo.addons.base.models.ir_cron: Starting job `Mail: send web push notification`. 
2025-07-23 10:22:56,490 31901 INFO NWFTH-ERP-V0.1.1 odoo.addons.base.models.ir_cron: Job done: `Mail: send web push notification` (0.001s). 
2025-07-23 10:22:56,492 31901 INFO NWFTH-ERP-V0.1.1 odoo.addons.base.models.ir_cron: Starting job `Mail: send web push notification`. 
2025-07-23 10:22:56,493 31901 INFO NWFTH-ERP-V0.1.1 odoo.addons.base.models.ir_cron: Job done: `Mail: send web push notification` (0.001s). 
2025-07-23 10:22:56,494 31901 INFO NWFTH-ERP-V0.1.1 odoo.addons.base.models.ir_cron: Starting job `Mail: send web push notification`. 
2025-07-23 10:22:56,495 31901 INFO NWFTH-ERP-V0.1.1 odoo.addons.base.models.ir_cron: Job done: `Mail: send web push notification` (0.001s). 
2025-07-23 10:22:56,497 31901 INFO NWFTH-ERP-V0.1.1 odoo.addons.base.models.ir_cron: Starting job `Mail: send web push notification`. 
2025-07-23 10:22:56,499 31901 INFO NWFTH-ERP-V0.1.1 odoo.addons.base.models.ir_cron: Job done: `Mail: send web push notification` (0.001s). 
2025-07-23 10:22:56,501 31901 INFO NWFTH-ERP-V0.1.1 odoo.addons.base.models.ir_cron: Starting job `Mail: send web push notification`. 
2025-07-23 10:22:56,502 31901 INFO NWFTH-ERP-V0.1.1 odoo.addons.base.models.ir_cron: Job done: `Mail: send web push notification` (0.001s). 
2025-07-23 10:22:56,503 31901 INFO NWFTH-ERP-V0.1.1 odoo.addons.base.models.ir_cron: Starting job `Mail: send web push notification`. 
2025-07-23 10:22:56,504 31901 INFO NWFTH-ERP-V0.1.1 odoo.addons.base.models.ir_cron: Job done: `Mail: send web push notification` (0.001s). 
2025-07-23 10:22:56,505 31901 INFO NWFTH-ERP-V0.1.1 odoo.addons.base.models.ir_cron: Starting job `Mail: send web push notification`. 
2025-07-23 10:22:56,506 31901 INFO NWFTH-ERP-V0.1.1 odoo.addons.base.models.ir_cron: Job done: `Mail: send web push notification` (0.001s). 
2025-07-23 10:22:56,518 31901 INFO NWFTH-ERP-V0.1.1 odoo.addons.base.models.ir_cron: Starting job `Partner Autocomplete: Sync with remote DB`. 
2025-07-23 10:22:56,522 31901 INFO NWFTH-ERP-V0.1.1 odoo.addons.base.models.ir_cron: Job done: `Partner Autocomplete: Sync with remote DB` (0.004s). 
2025-07-23 10:22:56,535 31901 INFO NWFTH-ERP-V0.1.1 odoo.addons.base.models.ir_cron: Starting job `SMS: SMS Queue Manager`. 
2025-07-23 10:22:56,541 31901 INFO NWFTH-ERP-V0.1.1 odoo.addons.base.models.ir_cron: Job done: `SMS: SMS Queue Manager` (0.005s). 
2025-07-23 10:22:56,550 31901 INFO NWFTH-ERP-V0.1.1 odoo.addons.base.models.ir_cron: Starting job `Notification: Delete Notifications older than 6 Month`. 
2025-07-23 10:22:56,556 31901 INFO NWFTH-ERP-V0.1.1 odoo.addons.base.models.ir_cron: Job done: `Notification: Delete Notifications older than 6 Month` (0.006s). 
2025-07-23 10:22:56,568 31901 INFO NWFTH-ERP-V0.1.1 odoo.addons.base.models.ir_cron: Starting job `Accrual Time Off: Updates the number of time off`. 
2025-07-23 10:22:56,579 31901 INFO NWFTH-ERP-V0.1.1 odoo.addons.base.models.ir_cron: Job done: `Accrual Time Off: Updates the number of time off` (0.011s). 
2025-07-23 10:22:56,581 31901 INFO NWFTH-ERP-V0.1.1 odoo.addons.base.models.ir_cron: Starting job `Accrual Time Off: Updates the number of time off`. 
2025-07-23 10:22:56,583 31901 INFO NWFTH-ERP-V0.1.1 odoo.addons.base.models.ir_cron: Job done: `Accrual Time Off: Updates the number of time off` (0.002s). 
2025-07-23 10:22:56,585 31901 INFO NWFTH-ERP-V0.1.1 odoo.addons.base.models.ir_cron: Starting job `Accrual Time Off: Updates the number of time off`. 
2025-07-23 10:22:56,587 31901 INFO NWFTH-ERP-V0.1.1 odoo.addons.base.models.ir_cron: Job done: `Accrual Time Off: Updates the number of time off` (0.002s). 
2025-07-23 10:22:56,590 31901 INFO NWFTH-ERP-V0.1.1 odoo.addons.base.models.ir_cron: Starting job `Accrual Time Off: Updates the number of time off`. 
2025-07-23 10:22:56,592 31901 INFO NWFTH-ERP-V0.1.1 odoo.addons.base.models.ir_cron: Job done: `Accrual Time Off: Updates the number of time off` (0.002s). 
2025-07-23 10:22:56,594 31901 INFO NWFTH-ERP-V0.1.1 odoo.addons.base.models.ir_cron: Starting job `Accrual Time Off: Updates the number of time off`. 
2025-07-23 10:22:56,596 31901 INFO NWFTH-ERP-V0.1.1 odoo.addons.base.models.ir_cron: Job done: `Accrual Time Off: Updates the number of time off` (0.002s). 
2025-07-23 10:22:56,598 31901 INFO NWFTH-ERP-V0.1.1 odoo.addons.base.models.ir_cron: Starting job `Accrual Time Off: Updates the number of time off`. 
2025-07-23 10:22:56,599 31901 INFO NWFTH-ERP-V0.1.1 odoo.addons.base.models.ir_cron: Job done: `Accrual Time Off: Updates the number of time off` (0.001s). 
2025-07-23 10:22:56,600 31901 INFO NWFTH-ERP-V0.1.1 odoo.addons.base.models.ir_cron: Starting job `Accrual Time Off: Updates the number of time off`. 
2025-07-23 10:22:56,602 31901 INFO NWFTH-ERP-V0.1.1 odoo.addons.base.models.ir_cron: Job done: `Accrual Time Off: Updates the number of time off` (0.001s). 
2025-07-23 10:22:56,604 31901 INFO NWFTH-ERP-V0.1.1 odoo.addons.base.models.ir_cron: Starting job `Accrual Time Off: Updates the number of time off`. 
2025-07-23 10:22:56,605 31901 INFO NWFTH-ERP-V0.1.1 odoo.addons.base.models.ir_cron: Job done: `Accrual Time Off: Updates the number of time off` (0.001s). 
2025-07-23 10:22:56,613 31901 INFO NWFTH-ERP-V0.1.1 odoo.addons.base.models.ir_cron: Starting job `Base: Portal Users Deletion`. 
2025-07-23 10:22:56,617 31901 INFO NWFTH-ERP-V0.1.1 odoo.addons.base.models.ir_cron: Job done: `Base: Portal Users Deletion` (0.004s). 
2025-07-23 10:22:56,625 31901 INFO NWFTH-ERP-V0.1.1 odoo.addons.base.models.ir_cron: Starting job `Calendar: Event Reminder`. 
2025-07-23 10:22:56,632 31901 INFO NWFTH-ERP-V0.1.1 odoo.addons.base.models.ir_cron: Job done: `Calendar: Event Reminder` (0.007s). 
2025-07-23 10:22:56,644 31901 INFO NWFTH-ERP-V0.1.1 odoo.addons.base.models.ir_cron: Starting job `HR Employee: check work permit validity`. 
2025-07-23 10:22:56,658 31901 INFO NWFTH-ERP-V0.1.1 odoo.addons.base.models.ir_cron: Job done: `HR Employee: check work permit validity` (0.014s). 
2025-07-23 10:22:56,673 31901 INFO NWFTH-ERP-V0.1.1 odoo.addons.base.models.ir_cron: Starting job `Notification: Send scheduled message notifications`. 
2025-07-23 10:22:56,677 31901 INFO NWFTH-ERP-V0.1.1 odoo.addons.base.models.ir_cron: Job done: `Notification: Send scheduled message notifications` (0.004s). 
2025-07-23 10:22:56,690 31901 INFO NWFTH-ERP-V0.1.1 odoo.addons.base.models.ir_cron: Starting job `Mail: Email Queue Manager`. 
2025-07-23 10:22:56,699 31901 INFO NWFTH-ERP-V0.1.1 odoo.addons.base.models.ir_cron: Job done: `Mail: Email Queue Manager` (0.008s). 
2025-07-23 10:22:56,709 31901 INFO NWFTH-ERP-V0.1.1 odoo.addons.base.models.ir_cron: Starting job `Time Off: Cancel invalid leaves`. 
2025-07-23 10:22:56,716 31901 INFO NWFTH-ERP-V0.1.1 odoo.addons.base.models.ir_cron: Job done: `Time Off: Cancel invalid leaves` (0.006s). 
2025-07-23 10:22:56,718 31901 INFO NWFTH-ERP-V0.1.1 odoo.addons.base.models.ir_cron: Starting job `Time Off: Cancel invalid leaves`. 
2025-07-23 10:22:56,720 31901 INFO NWFTH-ERP-V0.1.1 odoo.addons.base.models.ir_cron: Job done: `Time Off: Cancel invalid leaves` (0.002s). 
2025-07-23 10:22:56,722 31901 INFO NWFTH-ERP-V0.1.1 odoo.addons.base.models.ir_cron: Starting job `Time Off: Cancel invalid leaves`. 
2025-07-23 10:22:56,724 31901 INFO NWFTH-ERP-V0.1.1 odoo.addons.base.models.ir_cron: Job done: `Time Off: Cancel invalid leaves` (0.001s). 
2025-07-23 10:22:56,725 31901 INFO NWFTH-ERP-V0.1.1 odoo.addons.base.models.ir_cron: Starting job `Time Off: Cancel invalid leaves`. 
2025-07-23 10:22:56,726 31901 INFO NWFTH-ERP-V0.1.1 odoo.addons.base.models.ir_cron: Job done: `Time Off: Cancel invalid leaves` (0.001s). 
2025-07-23 10:22:56,729 31901 INFO NWFTH-ERP-V0.1.1 odoo.addons.base.models.ir_cron: Starting job `Time Off: Cancel invalid leaves`. 
2025-07-23 10:22:56,732 31901 INFO NWFTH-ERP-V0.1.1 odoo.addons.base.models.ir_cron: Job done: `Time Off: Cancel invalid leaves` (0.002s). 
2025-07-23 10:22:56,734 31901 INFO NWFTH-ERP-V0.1.1 odoo.addons.base.models.ir_cron: Starting job `Time Off: Cancel invalid leaves`. 
2025-07-23 10:22:56,736 31901 INFO NWFTH-ERP-V0.1.1 odoo.addons.base.models.ir_cron: Job done: `Time Off: Cancel invalid leaves` (0.002s). 
2025-07-23 10:22:56,739 31901 INFO NWFTH-ERP-V0.1.1 odoo.addons.base.models.ir_cron: Starting job `Time Off: Cancel invalid leaves`. 
2025-07-23 10:22:56,742 31901 INFO NWFTH-ERP-V0.1.1 odoo.addons.base.models.ir_cron: Job done: `Time Off: Cancel invalid leaves` (0.003s). 
2025-07-23 10:22:56,744 31901 INFO NWFTH-ERP-V0.1.1 odoo.addons.base.models.ir_cron: Starting job `Time Off: Cancel invalid leaves`. 
2025-07-23 10:22:56,746 31901 INFO NWFTH-ERP-V0.1.1 odoo.addons.base.models.ir_cron: Job done: `Time Off: Cancel invalid leaves` (0.002s). 
2025-07-23 10:22:56,758 31901 INFO NWFTH-ERP-V0.1.1 odoo.addons.base.models.ir_cron: Starting job `Snailmail: process letters queue`. 
2025-07-23 10:22:56,765 31901 INFO NWFTH-ERP-V0.1.1 odoo.addons.base.models.ir_cron: Job done: `Snailmail: process letters queue` (0.007s). 
2025-07-23 10:22:56,777 31901 INFO NWFTH-ERP-V0.1.1 odoo.addons.base.models.ir_cron: Starting job `Users: Notify About Unregistered Users`. 
2025-07-23 10:22:56,788 31901 INFO NWFTH-ERP-V0.1.1 odoo.addons.base.models.ir_cron: Job done: `Users: Notify About Unregistered Users` (0.010s). 
2025-07-23 10:22:56,799 31901 INFO NWFTH-ERP-V0.1.1 odoo.addons.base.models.ir_cron: Starting job `Publisher: Update Notification`. 
2025-07-23 10:22:57,390 31901 INFO odoo_admin werkzeug: 127.0.0.1 - - [23/Jul/2025 10:22:57] "GET /.well-known/appspecific/com.chrome.devtools.json HTTP/1.1" 404 - 2 0.002 0.005
2025-07-23 10:22:57,635 31901 INFO odoo_admin werkzeug: 127.0.0.1 - - [23/Jul/2025 10:22:57] "GET /web/static/lib/bootstrap/js/dist/dom/data.js.map HTTP/1.1" 404 - 2 0.006 0.027
2025-07-23 10:22:57,636 31901 INFO odoo_admin werkzeug: 127.0.0.1 - - [23/Jul/2025 10:22:57] "GET /web/static/lib/bootstrap/js/dist/dom/event-handler.js.map HTTP/1.1" 404 - 2 0.003 0.027
2025-07-23 10:22:57,641 31901 INFO odoo_admin werkzeug: 127.0.0.1 - - [23/Jul/2025 10:22:57] "GET /web/static/lib/bootstrap/js/dist/dom/manipulator.js.map HTTP/1.1" 404 - 2 0.005 0.028
2025-07-23 10:22:57,641 31901 INFO odoo_admin werkzeug: 127.0.0.1 - - [23/Jul/2025 10:22:57] "GET /web/static/lib/bootstrap/js/dist/dom/selector-engine.js.map HTTP/1.1" 404 - 2 0.002 0.027
2025-07-23 10:22:57,715 31901 INFO odoo_admin werkzeug: 127.0.0.1 - - [23/Jul/2025 10:22:57] "GET /web/static/lib/bootstrap/js/dist/base-component.js.map HTTP/1.1" 404 - 2 0.002 0.006
2025-07-23 10:22:57,957 31901 INFO odoo_admin werkzeug: 127.0.0.1 - - [23/Jul/2025 10:22:57] "GET /web/static/lib/bootstrap/js/dist/modal.js.map HTTP/1.1" 404 - 2 0.002 0.005
2025-07-23 10:22:57,959 31901 INFO odoo_admin werkzeug: 127.0.0.1 - - [23/Jul/2025 10:22:57] "GET /web/service-worker.js HTTP/1.1" 200 - 2 0.002 0.006
2025-07-23 10:22:58,091 31901 INFO NWFTH-ERP-V0.1.1 odoo.addons.base.models.ir_cron: Job done: `Publisher: Update Notification` (1.292s). 
2025-07-23 10:22:58,165 31901 INFO odoo_admin werkzeug: 127.0.0.1 - - [23/Jul/2025 10:22:58] "GET /web/database/manager HTTP/1.1" 200 - 3 0.002 0.813
2025-07-23 10:22:58,180 31901 INFO ? werkzeug: 127.0.0.1 - - [23/Jul/2025 10:22:58] "GET /web/static/lib/bootstrap/dist/css/bootstrap.css.map HTTP/1.1" 200 - 0 0.000 0.002
2025-07-23 10:33:18,013 31901 INFO odoo_admin werkzeug: 127.0.0.1 - - [23/Jul/2025 10:33:18] "GET /web/database/manager HTTP/1.1" 200 - 3 0.008 1.137
2025-07-23 10:33:18,185 31901 INFO odoo_admin werkzeug: 127.0.0.1 - - [23/Jul/2025 10:33:18] "GET /.well-known/appspecific/com.chrome.devtools.json HTTP/1.1" 404 - 2 0.007 0.033
2025-07-23 10:33:18,236 31901 INFO odoo_admin werkzeug: 127.0.0.1 - - [23/Jul/2025 10:33:18] "GET /web/static/lib/bootstrap/js/dist/dom/data.js.map HTTP/1.1" 404 - 2 0.003 0.020
2025-07-23 10:33:18,771 31901 INFO odoo_admin werkzeug: 127.0.0.1 - - [23/Jul/2025 10:33:18] "GET /web/static/lib/bootstrap/js/dist/dom/manipulator.js.map HTTP/1.1" 404 - 2 0.008 0.192
2025-07-23 10:33:18,772 31901 INFO odoo_admin werkzeug: 127.0.0.1 - - [23/Jul/2025 10:33:18] "GET /web/static/lib/bootstrap/js/dist/dom/event-handler.js.map HTTP/1.1" 404 - 2 0.015 0.191
2025-07-23 10:33:18,773 31901 INFO odoo_admin werkzeug: 127.0.0.1 - - [23/Jul/2025 10:33:18] "GET /web/static/lib/bootstrap/js/dist/base-component.js.map HTTP/1.1" 404 - 2 0.006 0.179
2025-07-23 10:33:18,782 31901 INFO odoo_admin werkzeug: 127.0.0.1 - - [23/Jul/2025 10:33:18] "GET /web/static/lib/bootstrap/js/dist/dom/selector-engine.js.map HTTP/1.1" 404 - 2 0.011 0.191
2025-07-23 10:33:18,787 31901 INFO odoo_admin werkzeug: 127.0.0.1 - - [23/Jul/2025 10:33:18] "GET /web/static/lib/bootstrap/js/dist/modal.js.map HTTP/1.1" 404 - 2 0.007 0.186
2025-07-23 10:33:20,268 31901 INFO odoo_admin werkzeug: 127.0.0.1 - - [23/Jul/2025 10:33:20] "GET /web/service-worker.js HTTP/1.1" 200 - 2 0.003 0.012
2025-07-23 10:33:23,499 31901 INFO odoo_admin odoo.service.server: Initiating shutdown 
2025-07-23 10:33:23,501 31901 INFO odoo_admin odoo.service.server: Hit CTRL-C again or send a second signal to force the shutdown. 
2025-07-23 10:33:30,695 43609 INFO ? odoo: Odoo version 17.0 
2025-07-23 10:33:30,695 43609 INFO ? odoo: Using configuration file at /home/deachawat/dev/projects/Odoo/Odoo17/odoo-dev.conf 
2025-07-23 10:33:30,695 43609 INFO ? odoo: addons paths: ['/home/deachawat/dev/projects/Odoo/Odoo17/odoo/addons', '/home/deachawat/dev/projects/Odoo/Odoo17/data/addons/17.0', '/home/deachawat/dev/projects/Odoo/Odoo17/addons', '/home/deachawat/dev/projects/Odoo/Odoo17/custom_addons'] 
2025-07-23 10:33:30,695 43609 INFO ? odoo: database: admin@localhost:5432 
2025-07-23 10:33:31,081 43609 INFO ? odoo.addons.base.models.ir_actions_report: You need Wkhtmltopdf to print a pdf version of the reports. 
2025-07-23 10:33:31,562 43609 INFO ? odoo.service.server: HTTP service (werkzeug) running on NB-DEACHAWAT.NWFTH.COM:8069 
2025-07-23 10:33:31,606 43609 INFO odoo_admin odoo.modules.loading: loading 1 modules... 
2025-07-23 10:33:31,615 43609 INFO odoo_admin odoo.modules.loading: 1 modules loaded in 0.01s, 0 queries (+0 extra) 
2025-07-23 10:33:31,647 43609 INFO odoo_admin odoo.modules.loading: loading 11 modules... 
2025-07-23 10:33:31,850 43609 INFO odoo_admin odoo.modules.loading: 11 modules loaded in 0.20s, 0 queries (+0 extra) 
2025-07-23 10:33:31,924 43609 INFO odoo_admin odoo.modules.loading: Modules loaded. 
2025-07-23 10:33:31,930 43609 INFO odoo_admin odoo.modules.registry: Registry loaded in 0.369s 
2025-07-23 10:33:42,413 43609 INFO odoo_admin odoo.addons.base.models.ir_http: Generating routing map for key None 
2025-07-23 10:33:42,442 43609 INFO odoo_admin werkzeug: 127.0.0.1 - - [23/Jul/2025 10:33:42] "GET / HTTP/1.1" 303 - 5 0.008 0.031
2025-07-23 10:33:42,461 43609 INFO odoo_admin werkzeug: 127.0.0.1 - - [23/Jul/2025 10:33:42] "GET /web HTTP/1.1" 303 - 1 0.001 0.004
2025-07-23 10:33:43,052 43609 INFO odoo_admin werkzeug: 127.0.0.1 - - [23/Jul/2025 10:33:43] "GET /web/login HTTP/1.1" 200 - 50 0.063 0.337
2025-07-23 10:33:44,867 43609 INFO odoo_admin werkzeug: 127.0.0.1 - - [23/Jul/2025 10:33:44] "GET /web/service-worker.js HTTP/1.1" 200 - 2 0.004 0.010
2025-07-23 10:33:45,157 43609 INFO odoo_admin werkzeug: 127.0.0.1 - - [23/Jul/2025 10:33:45] "GET /.well-known/appspecific/com.chrome.devtools.json HTTP/1.1" 404 - 2 0.003 1.708
2025-07-23 10:33:45,458 43609 INFO odoo_admin werkzeug: 127.0.0.1 - - [23/Jul/2025 10:33:45] "GET /web/database/manager HTTP/1.1" 200 - 3 0.003 0.121
2025-07-23 10:33:45,840 43609 INFO odoo_admin werkzeug: 127.0.0.1 - - [23/Jul/2025 10:33:45] "GET /.well-known/appspecific/com.chrome.devtools.json HTTP/1.1" 404 - 2 0.002 0.005
2025-07-23 10:33:45,908 43609 INFO odoo_admin werkzeug: 127.0.0.1 - - [23/Jul/2025 10:33:45] "GET /web/static/lib/bootstrap/js/dist/dom/data.js.map HTTP/1.1" 404 - 2 0.002 0.004
2025-07-23 10:33:45,983 43609 INFO odoo_admin werkzeug: 127.0.0.1 - - [23/Jul/2025 10:33:45] "GET /web/static/lib/bootstrap/js/dist/dom/selector-engine.js.map HTTP/1.1" 404 - 2 0.003 0.056
2025-07-23 10:33:45,985 43609 INFO odoo_admin werkzeug: 127.0.0.1 - - [23/Jul/2025 10:33:45] "GET /web/static/lib/bootstrap/js/dist/dom/event-handler.js.map HTTP/1.1" 404 - 2 0.005 0.059
2025-07-23 10:33:45,987 43609 INFO odoo_admin werkzeug: 127.0.0.1 - - [23/Jul/2025 10:33:45] "GET /web/static/lib/bootstrap/js/dist/dom/manipulator.js.map HTTP/1.1" 404 - 2 0.006 0.058
2025-07-23 10:33:46,158 43609 INFO odoo_admin werkzeug: 127.0.0.1 - - [23/Jul/2025 10:33:46] "GET /web/static/lib/bootstrap/js/dist/base-component.js.map HTTP/1.1" 404 - 2 0.002 0.004
2025-07-23 10:33:46,246 43609 INFO odoo_admin werkzeug: 127.0.0.1 - - [23/Jul/2025 10:33:46] "GET /web/static/lib/bootstrap/js/dist/modal.js.map HTTP/1.1" 404 - 2 0.002 0.005
2025-07-23 10:33:47,577 43609 INFO odoo_admin werkzeug: 127.0.0.1 - - [23/Jul/2025 10:33:47] "GET /web/service-worker.js HTTP/1.1" 200 - 2 0.002 0.005
2025-07-23 10:34:04,051 43609 INFO odoo_admin odoo.service.db: RESTORING DB: NWFTH-ERP-V1.0 
2025-07-23 10:34:19,276 43609 INFO odoo_admin odoo.modules.loading: loading 1 modules... 
2025-07-23 10:34:19,297 43609 INFO odoo_admin odoo.modules.loading: 1 modules loaded in 0.02s, 0 queries (+0 extra) 
2025-07-23 10:34:19,305 43609 INFO odoo_admin odoo.modules.loading: loading 41 modules... 
2025-07-23 10:34:20,189 43609 INFO odoo_admin odoo.modules.loading: 41 modules loaded in 0.88s, 0 queries (+0 extra) 
2025-07-23 10:34:20,343 43609 INFO odoo_admin odoo.modules.loading: Modules loaded. 
2025-07-23 10:34:20,351 43609 INFO odoo_admin odoo.modules.registry: Registry loaded in 1.094s 
2025-07-23 10:34:20,435 43609 INFO odoo_admin odoo.service.db: RESTORE DB: NWFTH-ERP-V1.0 
2025-07-23 10:34:20,439 43609 INFO odoo_admin werkzeug: 127.0.0.1 - - [23/Jul/2025 10:34:20] "POST /web/database/restore HTTP/1.1" 303 - 42 0.201 16.943
2025-07-23 10:34:21,659 43609 INFO odoo_admin werkzeug: 127.0.0.1 - - [23/Jul/2025 10:34:21] "GET /web/database/manager HTTP/1.1" 200 - 3 0.002 0.878
2025-07-23 10:34:21,721 43609 INFO odoo_admin werkzeug: 127.0.0.1 - - [23/Jul/2025 10:34:21] "GET /.well-known/appspecific/com.chrome.devtools.json HTTP/1.1" 404 - 2 0.002 0.006
2025-07-23 10:34:22,185 43609 INFO odoo_admin werkzeug: 127.0.0.1 - - [23/Jul/2025 10:34:22] "GET /web/static/lib/bootstrap/js/dist/dom/data.js.map HTTP/1.1" 404 - 2 0.004 0.093
2025-07-23 10:34:22,186 43609 INFO odoo_admin werkzeug: 127.0.0.1 - - [23/Jul/2025 10:34:22] "GET /web/static/lib/bootstrap/js/dist/dom/selector-engine.js.map HTTP/1.1" 404 - 2 0.006 0.087
2025-07-23 10:34:22,190 43609 INFO odoo_admin werkzeug: 127.0.0.1 - - [23/Jul/2025 10:34:22] "GET /web/static/lib/bootstrap/js/dist/dom/event-handler.js.map HTTP/1.1" 404 - 2 0.002 0.097
2025-07-23 10:34:22,191 43609 INFO odoo_admin werkzeug: 127.0.0.1 - - [23/Jul/2025 10:34:22] "GET /web/static/lib/bootstrap/js/dist/dom/manipulator.js.map HTTP/1.1" 404 - 2 0.005 0.093
2025-07-23 10:34:22,192 43609 INFO odoo_admin werkzeug: 127.0.0.1 - - [23/Jul/2025 10:34:22] "GET /web/static/lib/bootstrap/js/dist/base-component.js.map HTTP/1.1" 404 - 2 0.005 0.092
2025-07-23 10:34:22,195 43609 INFO odoo_admin werkzeug: 127.0.0.1 - - [23/Jul/2025 10:34:22] "GET /web/static/lib/bootstrap/js/dist/modal.js.map HTTP/1.1" 404 - 2 0.005 0.086
2025-07-23 10:34:23,789 43609 INFO odoo_admin werkzeug: 127.0.0.1 - - [23/Jul/2025 10:34:23] "GET /web/service-worker.js HTTP/1.1" 200 - 2 0.001 0.004
2025-07-23 10:34:32,098 43609 INFO NWFTH-ERP-V1.0 odoo.addons.base.models.ir_cron: Starting job `Base: Auto-vacuum internal data`. 
2025-07-23 10:34:32,135 43609 INFO NWFTH-ERP-V1.0 odoo.addons.base.models.ir_attachment: filestore gc 0 checked, 0 removed 
2025-07-23 10:34:32,209 43609 INFO NWFTH-ERP-V1.0 odoo.addons.base.models.res_users: GC'd 1 user log entries 
2025-07-23 10:34:32,275 43609 INFO NWFTH-ERP-V1.0 odoo.addons.auth_totp.models.auth_totp: GC'd 0 totp devices entries 
2025-07-23 10:34:32,305 43609 INFO NWFTH-ERP-V1.0 odoo.models.unlink: User #1 deleted bus.bus records with IDs: [466, 467, 468, 469] 
2025-07-23 10:34:32,330 43609 INFO NWFTH-ERP-V1.0 odoo.models.unlink: User #1 deleted bus.presence records with IDs: [12] 
2025-07-23 10:34:32,489 43609 INFO NWFTH-ERP-V1.0 odoo.addons.sms.models.sms_sms: GC'd 0 sms marked for deletion 
2025-07-23 10:34:32,525 43609 INFO NWFTH-ERP-V1.0 odoo.addons.base.models.ir_cron: Job done: `Base: Auto-vacuum internal data` (0.426s). 
2025-07-23 10:34:32,536 43609 INFO NWFTH-ERP-V1.0 odoo.addons.base.models.ir_cron: Starting job `Discuss: channel member unmute`. 
2025-07-23 10:34:32,542 43609 INFO NWFTH-ERP-V1.0 odoo.addons.base.models.ir_cron: Job done: `Discuss: channel member unmute` (0.006s). 
2025-07-23 10:34:32,553 43609 INFO NWFTH-ERP-V1.0 odoo.addons.base.models.ir_cron: Starting job `Mail: send web push notification`. 
2025-07-23 10:34:32,558 43609 INFO NWFTH-ERP-V1.0 odoo.addons.base.models.ir_cron: Job done: `Mail: send web push notification` (0.004s). 
2025-07-23 10:34:32,559 43609 INFO NWFTH-ERP-V1.0 odoo.addons.base.models.ir_cron: Starting job `Mail: send web push notification`. 
2025-07-23 10:34:32,561 43609 INFO NWFTH-ERP-V1.0 odoo.addons.base.models.ir_cron: Job done: `Mail: send web push notification` (0.002s). 
2025-07-23 10:34:32,563 43609 INFO NWFTH-ERP-V1.0 odoo.addons.base.models.ir_cron: Starting job `Mail: send web push notification`. 
2025-07-23 10:34:32,564 43609 INFO NWFTH-ERP-V1.0 odoo.addons.base.models.ir_cron: Job done: `Mail: send web push notification` (0.001s). 
2025-07-23 10:34:32,566 43609 INFO NWFTH-ERP-V1.0 odoo.addons.base.models.ir_cron: Starting job `Mail: send web push notification`. 
2025-07-23 10:34:32,567 43609 INFO NWFTH-ERP-V1.0 odoo.addons.base.models.ir_cron: Job done: `Mail: send web push notification` (0.001s). 
2025-07-23 10:34:32,569 43609 INFO NWFTH-ERP-V1.0 odoo.addons.base.models.ir_cron: Starting job `Mail: send web push notification`. 
2025-07-23 10:34:32,570 43609 INFO NWFTH-ERP-V1.0 odoo.addons.base.models.ir_cron: Job done: `Mail: send web push notification` (0.001s). 
2025-07-23 10:34:32,571 43609 INFO NWFTH-ERP-V1.0 odoo.addons.base.models.ir_cron: Starting job `Mail: send web push notification`. 
2025-07-23 10:34:32,572 43609 INFO NWFTH-ERP-V1.0 odoo.addons.base.models.ir_cron: Job done: `Mail: send web push notification` (0.001s). 
2025-07-23 10:34:32,573 43609 INFO NWFTH-ERP-V1.0 odoo.addons.base.models.ir_cron: Starting job `Mail: send web push notification`. 
2025-07-23 10:34:32,574 43609 INFO NWFTH-ERP-V1.0 odoo.addons.base.models.ir_cron: Job done: `Mail: send web push notification` (0.001s). 
2025-07-23 10:34:32,576 43609 INFO NWFTH-ERP-V1.0 odoo.addons.base.models.ir_cron: Starting job `Mail: send web push notification`. 
2025-07-23 10:34:32,577 43609 INFO NWFTH-ERP-V1.0 odoo.addons.base.models.ir_cron: Job done: `Mail: send web push notification` (0.001s). 
2025-07-23 10:34:32,588 43609 INFO NWFTH-ERP-V1.0 odoo.addons.base.models.ir_cron: Starting job `Partner Autocomplete: Sync with remote DB`. 
2025-07-23 10:34:32,593 43609 INFO NWFTH-ERP-V1.0 odoo.addons.base.models.ir_cron: Job done: `Partner Autocomplete: Sync with remote DB` (0.005s). 
2025-07-23 10:34:32,603 43609 INFO NWFTH-ERP-V1.0 odoo.addons.base.models.ir_cron: Starting job `SMS: SMS Queue Manager`. 
2025-07-23 10:34:32,608 43609 INFO NWFTH-ERP-V1.0 odoo.addons.base.models.ir_cron: Job done: `SMS: SMS Queue Manager` (0.005s). 
2025-07-23 10:34:32,619 43609 INFO NWFTH-ERP-V1.0 odoo.addons.base.models.ir_cron: Starting job `Notification: Delete Notifications older than 6 Month`. 
2025-07-23 10:34:32,626 43609 INFO NWFTH-ERP-V1.0 odoo.addons.base.models.ir_cron: Job done: `Notification: Delete Notifications older than 6 Month` (0.007s). 
2025-07-23 10:34:32,636 43609 INFO NWFTH-ERP-V1.0 odoo.addons.base.models.ir_cron: Starting job `Accrual Time Off: Updates the number of time off`. 
2025-07-23 10:34:32,643 43609 INFO NWFTH-ERP-V1.0 odoo.addons.base.models.ir_cron: Job done: `Accrual Time Off: Updates the number of time off` (0.007s). 
2025-07-23 10:34:32,645 43609 INFO NWFTH-ERP-V1.0 odoo.addons.base.models.ir_cron: Starting job `Accrual Time Off: Updates the number of time off`. 
2025-07-23 10:34:32,647 43609 INFO NWFTH-ERP-V1.0 odoo.addons.base.models.ir_cron: Job done: `Accrual Time Off: Updates the number of time off` (0.002s). 
2025-07-23 10:34:32,648 43609 INFO NWFTH-ERP-V1.0 odoo.addons.base.models.ir_cron: Starting job `Accrual Time Off: Updates the number of time off`. 
2025-07-23 10:34:32,650 43609 INFO NWFTH-ERP-V1.0 odoo.addons.base.models.ir_cron: Job done: `Accrual Time Off: Updates the number of time off` (0.001s). 
2025-07-23 10:34:32,651 43609 INFO NWFTH-ERP-V1.0 odoo.addons.base.models.ir_cron: Starting job `Accrual Time Off: Updates the number of time off`. 
2025-07-23 10:34:32,652 43609 INFO NWFTH-ERP-V1.0 odoo.addons.base.models.ir_cron: Job done: `Accrual Time Off: Updates the number of time off` (0.001s). 
2025-07-23 10:34:32,654 43609 INFO NWFTH-ERP-V1.0 odoo.addons.base.models.ir_cron: Starting job `Accrual Time Off: Updates the number of time off`. 
2025-07-23 10:34:32,655 43609 INFO NWFTH-ERP-V1.0 odoo.addons.base.models.ir_cron: Job done: `Accrual Time Off: Updates the number of time off` (0.001s). 
2025-07-23 10:34:32,656 43609 INFO NWFTH-ERP-V1.0 odoo.addons.base.models.ir_cron: Starting job `Accrual Time Off: Updates the number of time off`. 
2025-07-23 10:34:32,658 43609 INFO NWFTH-ERP-V1.0 odoo.addons.base.models.ir_cron: Job done: `Accrual Time Off: Updates the number of time off` (0.001s). 
2025-07-23 10:34:32,659 43609 INFO NWFTH-ERP-V1.0 odoo.addons.base.models.ir_cron: Starting job `Accrual Time Off: Updates the number of time off`. 
2025-07-23 10:34:32,660 43609 INFO NWFTH-ERP-V1.0 odoo.addons.base.models.ir_cron: Job done: `Accrual Time Off: Updates the number of time off` (0.002s). 
2025-07-23 10:34:32,662 43609 INFO NWFTH-ERP-V1.0 odoo.addons.base.models.ir_cron: Starting job `Accrual Time Off: Updates the number of time off`. 
2025-07-23 10:34:32,664 43609 INFO NWFTH-ERP-V1.0 odoo.addons.base.models.ir_cron: Job done: `Accrual Time Off: Updates the number of time off` (0.002s). 
2025-07-23 10:34:32,675 43609 INFO NWFTH-ERP-V1.0 odoo.addons.base.models.ir_cron: Starting job `Base: Portal Users Deletion`. 
2025-07-23 10:34:32,680 43609 INFO NWFTH-ERP-V1.0 odoo.addons.base.models.ir_cron: Job done: `Base: Portal Users Deletion` (0.004s). 
2025-07-23 10:34:32,690 43609 INFO NWFTH-ERP-V1.0 odoo.addons.base.models.ir_cron: Starting job `Calendar: Event Reminder`. 
2025-07-23 10:34:32,695 43609 INFO NWFTH-ERP-V1.0 odoo.addons.base.models.ir_cron: Job done: `Calendar: Event Reminder` (0.005s). 
2025-07-23 10:34:32,704 43609 INFO NWFTH-ERP-V1.0 odoo.addons.base.models.ir_cron: Starting job `HR Employee: check work permit validity`. 
2025-07-23 10:34:32,709 43609 INFO NWFTH-ERP-V1.0 odoo.addons.base.models.ir_cron: Job done: `HR Employee: check work permit validity` (0.005s). 
2025-07-23 10:34:32,719 43609 INFO NWFTH-ERP-V1.0 odoo.addons.base.models.ir_cron: Starting job `Notification: Send scheduled message notifications`. 
2025-07-23 10:34:32,723 43609 INFO NWFTH-ERP-V1.0 odoo.addons.base.models.ir_cron: Job done: `Notification: Send scheduled message notifications` (0.004s). 
2025-07-23 10:34:32,733 43609 INFO NWFTH-ERP-V1.0 odoo.addons.base.models.ir_cron: Starting job `Mail: Email Queue Manager`. 
2025-07-23 10:34:32,738 43609 INFO NWFTH-ERP-V1.0 odoo.addons.base.models.ir_cron: Job done: `Mail: Email Queue Manager` (0.005s). 
2025-07-23 10:34:32,748 43609 INFO NWFTH-ERP-V1.0 odoo.addons.base.models.ir_cron: Starting job `Time Off: Cancel invalid leaves`. 
2025-07-23 10:34:32,752 43609 INFO NWFTH-ERP-V1.0 odoo.addons.base.models.ir_cron: Job done: `Time Off: Cancel invalid leaves` (0.004s). 
2025-07-23 10:34:32,753 43609 INFO NWFTH-ERP-V1.0 odoo.addons.base.models.ir_cron: Starting job `Time Off: Cancel invalid leaves`. 
2025-07-23 10:34:32,755 43609 INFO NWFTH-ERP-V1.0 odoo.addons.base.models.ir_cron: Job done: `Time Off: Cancel invalid leaves` (0.001s). 
2025-07-23 10:34:32,756 43609 INFO NWFTH-ERP-V1.0 odoo.addons.base.models.ir_cron: Starting job `Time Off: Cancel invalid leaves`. 
2025-07-23 10:34:32,757 43609 INFO NWFTH-ERP-V1.0 odoo.addons.base.models.ir_cron: Job done: `Time Off: Cancel invalid leaves` (0.001s). 
2025-07-23 10:34:32,759 43609 INFO NWFTH-ERP-V1.0 odoo.addons.base.models.ir_cron: Starting job `Time Off: Cancel invalid leaves`. 
2025-07-23 10:34:32,760 43609 INFO NWFTH-ERP-V1.0 odoo.addons.base.models.ir_cron: Job done: `Time Off: Cancel invalid leaves` (0.001s). 
2025-07-23 10:34:32,761 43609 INFO NWFTH-ERP-V1.0 odoo.addons.base.models.ir_cron: Starting job `Time Off: Cancel invalid leaves`. 
2025-07-23 10:34:32,762 43609 INFO NWFTH-ERP-V1.0 odoo.addons.base.models.ir_cron: Job done: `Time Off: Cancel invalid leaves` (0.001s). 
2025-07-23 10:34:32,763 43609 INFO NWFTH-ERP-V1.0 odoo.addons.base.models.ir_cron: Starting job `Time Off: Cancel invalid leaves`. 
2025-07-23 10:34:32,765 43609 INFO NWFTH-ERP-V1.0 odoo.addons.base.models.ir_cron: Job done: `Time Off: Cancel invalid leaves` (0.001s). 
2025-07-23 10:34:32,766 43609 INFO NWFTH-ERP-V1.0 odoo.addons.base.models.ir_cron: Starting job `Time Off: Cancel invalid leaves`. 
2025-07-23 10:34:32,768 43609 INFO NWFTH-ERP-V1.0 odoo.addons.base.models.ir_cron: Job done: `Time Off: Cancel invalid leaves` (0.001s). 
2025-07-23 10:34:32,769 43609 INFO NWFTH-ERP-V1.0 odoo.addons.base.models.ir_cron: Starting job `Time Off: Cancel invalid leaves`. 
2025-07-23 10:34:32,770 43609 INFO NWFTH-ERP-V1.0 odoo.addons.base.models.ir_cron: Job done: `Time Off: Cancel invalid leaves` (0.001s). 
2025-07-23 10:34:32,778 43609 INFO NWFTH-ERP-V1.0 odoo.addons.base.models.ir_cron: Starting job `Snailmail: process letters queue`. 
2025-07-23 10:34:32,783 43609 INFO NWFTH-ERP-V1.0 odoo.addons.base.models.ir_cron: Job done: `Snailmail: process letters queue` (0.004s). 
2025-07-23 10:34:32,790 43609 INFO NWFTH-ERP-V1.0 odoo.addons.base.models.ir_cron: Starting job `Users: Notify About Unregistered Users`. 
2025-07-23 10:34:32,797 43609 INFO NWFTH-ERP-V1.0 odoo.addons.base.models.ir_cron: Job done: `Users: Notify About Unregistered Users` (0.006s). 
2025-07-23 10:34:32,805 43609 INFO NWFTH-ERP-V1.0 odoo.addons.base.models.ir_cron: Starting job `Publisher: Update Notification`. 
2025-07-23 10:34:33,542 43609 INFO NWFTH-ERP-V1.0 odoo.addons.base.models.ir_cron: Job done: `Publisher: Update Notification` (0.737s). 
2025-07-23 10:34:49,078 43609 INFO odoo_admin odoo.service.db: RESTORING DB: NWFTH-ERP-V1 
2025-07-23 10:34:58,801 43609 INFO odoo_admin odoo.modules.loading: loading 1 modules... 
2025-07-23 10:34:58,807 43609 INFO odoo_admin odoo.modules.loading: 1 modules loaded in 0.01s, 0 queries (+0 extra) 
2025-07-23 10:34:58,811 43609 INFO odoo_admin odoo.modules.loading: loading 41 modules... 
2025-07-23 10:34:58,835 43609 INFO odoo_admin odoo.modules.loading: 41 modules loaded in 0.02s, 0 queries (+0 extra) 
2025-07-23 10:34:58,916 43609 INFO odoo_admin odoo.modules.loading: Modules loaded. 
2025-07-23 10:34:58,919 43609 INFO odoo_admin odoo.modules.registry: Registry loaded in 0.125s 
2025-07-23 10:34:58,942 43609 INFO odoo_admin odoo.service.db: RESTORE DB: NWFTH-ERP-V1 
2025-07-23 10:34:58,943 43609 INFO odoo_admin werkzeug: 127.0.0.1 - - [23/Jul/2025 10:34:58] "POST /web/database/restore HTTP/1.1" 303 - 42 0.074 10.630
2025-07-23 10:34:59,447 43609 INFO odoo_admin werkzeug: 127.0.0.1 - - [23/Jul/2025 10:34:59] "GET /web/database/manager HTTP/1.1" 200 - 3 0.001 0.493
2025-07-23 10:34:59,802 43609 INFO odoo_admin werkzeug: 127.0.0.1 - - [23/Jul/2025 10:34:59] "GET /.well-known/appspecific/com.chrome.devtools.json HTTP/1.1" 404 - 2 0.001 0.002
2025-07-23 10:34:59,849 43609 INFO odoo_admin werkzeug: 127.0.0.1 - - [23/Jul/2025 10:34:59] "GET /web/static/lib/bootstrap/js/dist/dom/data.js.map HTTP/1.1" 404 - 2 0.002 0.003
2025-07-23 10:34:59,869 43609 INFO odoo_admin werkzeug: 127.0.0.1 - - [23/Jul/2025 10:34:59] "GET /web/static/lib/bootstrap/js/dist/dom/manipulator.js.map HTTP/1.1" 404 - 2 0.002 0.009
2025-07-23 10:34:59,873 43609 INFO odoo_admin werkzeug: 127.0.0.1 - - [23/Jul/2025 10:34:59] "GET /web/static/lib/bootstrap/js/dist/base-component.js.map HTTP/1.1" 404 - 2 0.002 0.012
2025-07-23 10:34:59,875 43609 INFO odoo_admin werkzeug: 127.0.0.1 - - [23/Jul/2025 10:34:59] "GET /web/static/lib/bootstrap/js/dist/dom/event-handler.js.map HTTP/1.1" 404 - 2 0.003 0.015
2025-07-23 10:34:59,876 43609 INFO odoo_admin werkzeug: 127.0.0.1 - - [23/Jul/2025 10:34:59] "GET /web/static/lib/bootstrap/js/dist/dom/selector-engine.js.map HTTP/1.1" 404 - 2 0.005 0.013
2025-07-23 10:35:00,114 43609 INFO odoo_admin werkzeug: 127.0.0.1 - - [23/Jul/2025 10:35:00] "GET /web/static/lib/bootstrap/js/dist/modal.js.map HTTP/1.1" 404 - 2 0.001 0.003
2025-07-23 10:35:01,232 43609 INFO odoo_admin werkzeug: 127.0.0.1 - - [23/Jul/2025 10:35:01] "GET /web/service-worker.js HTTP/1.1" 200 - 2 0.001 0.003
2025-07-23 10:35:33,641 43609 INFO NWFTH-ERP-V1 odoo.addons.base.models.ir_cron: Starting job `Base: Auto-vacuum internal data`. 
2025-07-23 10:35:33,656 43609 INFO NWFTH-ERP-V1 odoo.addons.base.models.ir_attachment: filestore gc 0 checked, 0 removed 
2025-07-23 10:35:33,685 43609 INFO NWFTH-ERP-V1 odoo.addons.base.models.res_users: GC'd 1 user log entries 
2025-07-23 10:35:33,699 43609 INFO NWFTH-ERP-V1 odoo.addons.auth_totp.models.auth_totp: GC'd 0 totp devices entries 
2025-07-23 10:35:33,706 43609 INFO NWFTH-ERP-V1 odoo.models.unlink: User #1 deleted bus.bus records with IDs: [466, 467, 468, 469] 
2025-07-23 10:35:33,715 43609 INFO NWFTH-ERP-V1 odoo.models.unlink: User #1 deleted bus.presence records with IDs: [12] 
2025-07-23 10:35:33,775 43609 INFO NWFTH-ERP-V1 odoo.addons.sms.models.sms_sms: GC'd 0 sms marked for deletion 
2025-07-23 10:35:33,788 43609 INFO NWFTH-ERP-V1 odoo.addons.base.models.ir_cron: Job done: `Base: Auto-vacuum internal data` (0.147s). 
2025-07-23 10:35:33,796 43609 INFO NWFTH-ERP-V1 odoo.addons.base.models.ir_cron: Starting job `Discuss: channel member unmute`. 
2025-07-23 10:35:33,801 43609 INFO NWFTH-ERP-V1 odoo.addons.base.models.ir_cron: Job done: `Discuss: channel member unmute` (0.004s). 
2025-07-23 10:35:33,810 43609 INFO NWFTH-ERP-V1 odoo.addons.base.models.ir_cron: Starting job `Mail: send web push notification`. 
2025-07-23 10:35:33,813 43609 INFO NWFTH-ERP-V1 odoo.addons.base.models.ir_cron: Job done: `Mail: send web push notification` (0.003s). 
2025-07-23 10:35:33,816 43609 INFO NWFTH-ERP-V1 odoo.addons.base.models.ir_cron: Starting job `Mail: send web push notification`. 
2025-07-23 10:35:33,817 43609 INFO NWFTH-ERP-V1 odoo.addons.base.models.ir_cron: Job done: `Mail: send web push notification` (0.001s). 
2025-07-23 10:35:33,823 43609 INFO NWFTH-ERP-V1 odoo.addons.base.models.ir_cron: Starting job `Mail: send web push notification`. 
2025-07-23 10:35:33,824 43609 INFO NWFTH-ERP-V1 odoo.addons.base.models.ir_cron: Job done: `Mail: send web push notification` (0.001s). 
2025-07-23 10:35:33,826 43609 INFO NWFTH-ERP-V1 odoo.addons.base.models.ir_cron: Starting job `Mail: send web push notification`. 
2025-07-23 10:35:33,827 43609 INFO NWFTH-ERP-V1 odoo.addons.base.models.ir_cron: Job done: `Mail: send web push notification` (0.001s). 
2025-07-23 10:35:33,830 43609 INFO NWFTH-ERP-V1 odoo.addons.base.models.ir_cron: Starting job `Mail: send web push notification`. 
2025-07-23 10:35:33,831 43609 INFO NWFTH-ERP-V1 odoo.addons.base.models.ir_cron: Job done: `Mail: send web push notification` (0.001s). 
2025-07-23 10:35:33,831 43609 INFO NWFTH-ERP-V1 odoo.addons.base.models.ir_cron: Starting job `Mail: send web push notification`. 
2025-07-23 10:35:33,832 43609 INFO NWFTH-ERP-V1 odoo.addons.base.models.ir_cron: Job done: `Mail: send web push notification` (0.000s). 
2025-07-23 10:35:33,833 43609 INFO NWFTH-ERP-V1 odoo.addons.base.models.ir_cron: Starting job `Mail: send web push notification`. 
2025-07-23 10:35:33,833 43609 INFO NWFTH-ERP-V1 odoo.addons.base.models.ir_cron: Job done: `Mail: send web push notification` (0.000s). 
2025-07-23 10:35:33,834 43609 INFO NWFTH-ERP-V1 odoo.addons.base.models.ir_cron: Starting job `Mail: send web push notification`. 
2025-07-23 10:35:33,834 43609 INFO NWFTH-ERP-V1 odoo.addons.base.models.ir_cron: Job done: `Mail: send web push notification` (0.000s). 
2025-07-23 10:35:33,847 43609 INFO NWFTH-ERP-V1 odoo.addons.base.models.ir_cron: Starting job `Partner Autocomplete: Sync with remote DB`. 
2025-07-23 10:35:33,851 43609 INFO NWFTH-ERP-V1 odoo.addons.base.models.ir_cron: Job done: `Partner Autocomplete: Sync with remote DB` (0.004s). 
2025-07-23 10:35:33,862 43609 INFO NWFTH-ERP-V1 odoo.addons.base.models.ir_cron: Starting job `SMS: SMS Queue Manager`. 
2025-07-23 10:35:33,866 43609 INFO NWFTH-ERP-V1 odoo.addons.base.models.ir_cron: Job done: `SMS: SMS Queue Manager` (0.003s). 
2025-07-23 10:35:33,877 43609 INFO NWFTH-ERP-V1 odoo.addons.base.models.ir_cron: Starting job `Notification: Delete Notifications older than 6 Month`. 
2025-07-23 10:35:33,880 43609 INFO NWFTH-ERP-V1 odoo.addons.base.models.ir_cron: Job done: `Notification: Delete Notifications older than 6 Month` (0.003s). 
2025-07-23 10:35:33,887 43609 INFO NWFTH-ERP-V1 odoo.addons.base.models.ir_cron: Starting job `Accrual Time Off: Updates the number of time off`. 
2025-07-23 10:35:33,890 43609 INFO NWFTH-ERP-V1 odoo.addons.base.models.ir_cron: Job done: `Accrual Time Off: Updates the number of time off` (0.003s). 
2025-07-23 10:35:33,891 43609 INFO NWFTH-ERP-V1 odoo.addons.base.models.ir_cron: Starting job `Accrual Time Off: Updates the number of time off`. 
2025-07-23 10:35:33,892 43609 INFO NWFTH-ERP-V1 odoo.addons.base.models.ir_cron: Job done: `Accrual Time Off: Updates the number of time off` (0.001s). 
2025-07-23 10:35:33,894 43609 INFO NWFTH-ERP-V1 odoo.addons.base.models.ir_cron: Starting job `Accrual Time Off: Updates the number of time off`. 
2025-07-23 10:35:33,895 43609 INFO NWFTH-ERP-V1 odoo.addons.base.models.ir_cron: Job done: `Accrual Time Off: Updates the number of time off` (0.001s). 
2025-07-23 10:35:33,896 43609 INFO NWFTH-ERP-V1 odoo.addons.base.models.ir_cron: Starting job `Accrual Time Off: Updates the number of time off`. 
2025-07-23 10:35:33,898 43609 INFO NWFTH-ERP-V1 odoo.addons.base.models.ir_cron: Job done: `Accrual Time Off: Updates the number of time off` (0.001s). 
2025-07-23 10:35:33,901 43609 INFO NWFTH-ERP-V1 odoo.addons.base.models.ir_cron: Starting job `Accrual Time Off: Updates the number of time off`. 
2025-07-23 10:35:33,902 43609 INFO NWFTH-ERP-V1 odoo.addons.base.models.ir_cron: Job done: `Accrual Time Off: Updates the number of time off` (0.001s). 
2025-07-23 10:35:33,903 43609 INFO NWFTH-ERP-V1 odoo.addons.base.models.ir_cron: Starting job `Accrual Time Off: Updates the number of time off`. 
2025-07-23 10:35:33,904 43609 INFO NWFTH-ERP-V1 odoo.addons.base.models.ir_cron: Job done: `Accrual Time Off: Updates the number of time off` (0.001s). 
2025-07-23 10:35:33,905 43609 INFO NWFTH-ERP-V1 odoo.addons.base.models.ir_cron: Starting job `Accrual Time Off: Updates the number of time off`. 
2025-07-23 10:35:33,906 43609 INFO NWFTH-ERP-V1 odoo.addons.base.models.ir_cron: Job done: `Accrual Time Off: Updates the number of time off` (0.001s). 
2025-07-23 10:35:33,906 43609 INFO NWFTH-ERP-V1 odoo.addons.base.models.ir_cron: Starting job `Accrual Time Off: Updates the number of time off`. 
2025-07-23 10:35:33,907 43609 INFO NWFTH-ERP-V1 odoo.addons.base.models.ir_cron: Job done: `Accrual Time Off: Updates the number of time off` (0.001s). 
2025-07-23 10:35:33,912 43609 INFO NWFTH-ERP-V1 odoo.addons.base.models.ir_cron: Starting job `Base: Portal Users Deletion`. 
2025-07-23 10:35:33,914 43609 INFO NWFTH-ERP-V1 odoo.addons.base.models.ir_cron: Job done: `Base: Portal Users Deletion` (0.002s). 
2025-07-23 10:35:33,920 43609 INFO NWFTH-ERP-V1 odoo.addons.base.models.ir_cron: Starting job `Calendar: Event Reminder`. 
2025-07-23 10:35:33,928 43609 INFO NWFTH-ERP-V1 odoo.addons.base.models.ir_cron: Job done: `Calendar: Event Reminder` (0.008s). 
2025-07-23 10:35:33,936 43609 INFO NWFTH-ERP-V1 odoo.addons.base.models.ir_cron: Starting job `HR Employee: check work permit validity`. 
2025-07-23 10:35:33,940 43609 INFO NWFTH-ERP-V1 odoo.addons.base.models.ir_cron: Job done: `HR Employee: check work permit validity` (0.004s). 
2025-07-23 10:35:33,953 43609 INFO NWFTH-ERP-V1 odoo.addons.base.models.ir_cron: Starting job `Notification: Send scheduled message notifications`. 
2025-07-23 10:35:33,957 43609 INFO NWFTH-ERP-V1 odoo.addons.base.models.ir_cron: Job done: `Notification: Send scheduled message notifications` (0.004s). 
2025-07-23 10:35:33,963 43609 INFO NWFTH-ERP-V1 odoo.addons.base.models.ir_cron: Starting job `Mail: Email Queue Manager`. 
2025-07-23 10:35:33,966 43609 INFO NWFTH-ERP-V1 odoo.addons.base.models.ir_cron: Job done: `Mail: Email Queue Manager` (0.003s). 
2025-07-23 10:35:33,972 43609 INFO NWFTH-ERP-V1 odoo.addons.base.models.ir_cron: Starting job `Time Off: Cancel invalid leaves`. 
2025-07-23 10:35:33,975 43609 INFO NWFTH-ERP-V1 odoo.addons.base.models.ir_cron: Job done: `Time Off: Cancel invalid leaves` (0.003s). 
2025-07-23 10:35:33,976 43609 INFO NWFTH-ERP-V1 odoo.addons.base.models.ir_cron: Starting job `Time Off: Cancel invalid leaves`. 
2025-07-23 10:35:33,977 43609 INFO NWFTH-ERP-V1 odoo.addons.base.models.ir_cron: Job done: `Time Off: Cancel invalid leaves` (0.001s). 
2025-07-23 10:35:33,978 43609 INFO NWFTH-ERP-V1 odoo.addons.base.models.ir_cron: Starting job `Time Off: Cancel invalid leaves`. 
2025-07-23 10:35:33,978 43609 INFO NWFTH-ERP-V1 odoo.addons.base.models.ir_cron: Job done: `Time Off: Cancel invalid leaves` (0.001s). 
2025-07-23 10:35:33,979 43609 INFO NWFTH-ERP-V1 odoo.addons.base.models.ir_cron: Starting job `Time Off: Cancel invalid leaves`. 
2025-07-23 10:35:33,980 43609 INFO NWFTH-ERP-V1 odoo.addons.base.models.ir_cron: Job done: `Time Off: Cancel invalid leaves` (0.001s). 
2025-07-23 10:35:33,980 43609 INFO NWFTH-ERP-V1 odoo.addons.base.models.ir_cron: Starting job `Time Off: Cancel invalid leaves`. 
2025-07-23 10:35:33,981 43609 INFO NWFTH-ERP-V1 odoo.addons.base.models.ir_cron: Job done: `Time Off: Cancel invalid leaves` (0.001s). 
2025-07-23 10:35:33,981 43609 INFO NWFTH-ERP-V1 odoo.addons.base.models.ir_cron: Starting job `Time Off: Cancel invalid leaves`. 
2025-07-23 10:35:33,982 43609 INFO NWFTH-ERP-V1 odoo.addons.base.models.ir_cron: Job done: `Time Off: Cancel invalid leaves` (0.001s). 
2025-07-23 10:35:33,983 43609 INFO NWFTH-ERP-V1 odoo.addons.base.models.ir_cron: Starting job `Time Off: Cancel invalid leaves`. 
2025-07-23 10:35:33,983 43609 INFO NWFTH-ERP-V1 odoo.addons.base.models.ir_cron: Job done: `Time Off: Cancel invalid leaves` (0.001s). 
2025-07-23 10:35:33,984 43609 INFO NWFTH-ERP-V1 odoo.addons.base.models.ir_cron: Starting job `Time Off: Cancel invalid leaves`. 
2025-07-23 10:35:33,985 43609 INFO NWFTH-ERP-V1 odoo.addons.base.models.ir_cron: Job done: `Time Off: Cancel invalid leaves` (0.001s). 
2025-07-23 10:35:33,990 43609 INFO NWFTH-ERP-V1 odoo.addons.base.models.ir_cron: Starting job `Snailmail: process letters queue`. 
2025-07-23 10:35:33,992 43609 INFO NWFTH-ERP-V1 odoo.addons.base.models.ir_cron: Job done: `Snailmail: process letters queue` (0.003s). 
2025-07-23 10:35:33,997 43609 INFO NWFTH-ERP-V1 odoo.addons.base.models.ir_cron: Starting job `Users: Notify About Unregistered Users`. 
2025-07-23 10:35:34,000 43609 INFO NWFTH-ERP-V1 odoo.addons.base.models.ir_cron: Job done: `Users: Notify About Unregistered Users` (0.003s). 
2025-07-23 10:35:34,005 43609 INFO NWFTH-ERP-V1 odoo.addons.base.models.ir_cron: Starting job `Publisher: Update Notification`. 
2025-07-23 10:35:34,944 43609 INFO NWFTH-ERP-V1 odoo.addons.base.models.ir_cron: Job done: `Publisher: Update Notification` (0.939s). 
2025-07-23 10:36:32,325 43609 INFO odoo_admin odoo.service.server: Initiating shutdown 
2025-07-23 10:36:32,325 43609 INFO odoo_admin odoo.service.server: Hit CTRL-C again or send a second signal to force the shutdown. 
2025-07-23 10:36:35,844 46100 INFO ? odoo: Odoo version 17.0 
2025-07-23 10:36:35,844 46100 INFO ? odoo: Using configuration file at /home/deachawat/dev/projects/Odoo/Odoo17/odoo-dev.conf 
2025-07-23 10:36:35,844 46100 INFO ? odoo: addons paths: ['/home/deachawat/dev/projects/Odoo/Odoo17/odoo/addons', '/home/deachawat/dev/projects/Odoo/Odoo17/data/addons/17.0', '/home/deachawat/dev/projects/Odoo/Odoo17/addons', '/home/deachawat/dev/projects/Odoo/Odoo17/custom_addons'] 
2025-07-23 10:36:35,844 46100 INFO ? odoo: database: admin@localhost:5432 
2025-07-23 10:36:36,012 46100 INFO ? odoo.addons.base.models.ir_actions_report: You need Wkhtmltopdf to print a pdf version of the reports. 
2025-07-23 10:36:36,192 46100 INFO ? odoo.service.server: HTTP service (werkzeug) running on NB-DEACHAWAT.NWFTH.COM:8069 
2025-07-23 10:36:48,517 46100 INFO ? werkzeug: 127.0.0.1 - - [23/Jul/2025 10:36:48] "GET /web/database/manager HTTP/1.1" 200 - 10 0.017 0.190
2025-07-23 10:36:48,563 46100 INFO ? werkzeug: 127.0.0.1 - - [23/Jul/2025 10:36:48] "GET /.well-known/appspecific/com.chrome.devtools.json HTTP/1.1" 404 - 1 0.002 0.017
2025-07-23 10:36:48,595 46100 INFO ? werkzeug: 127.0.0.1 - - [23/Jul/2025 10:36:48] "GET /web/static/lib/bootstrap/js/dist/dom/data.js.map HTTP/1.1" 404 - 1 0.001 0.011
2025-07-23 10:36:48,956 46100 INFO ? werkzeug: 127.0.0.1 - - [23/Jul/2025 10:36:48] "GET /web/static/lib/bootstrap/js/dist/dom/manipulator.js.map HTTP/1.1" 404 - 1 0.002 0.042
2025-07-23 10:36:48,958 46100 INFO ? werkzeug: 127.0.0.1 - - [23/Jul/2025 10:36:48] "GET /web/static/lib/bootstrap/js/dist/base-component.js.map HTTP/1.1" 404 - 1 0.002 0.043
2025-07-23 10:36:48,959 46100 INFO ? werkzeug: 127.0.0.1 - - [23/Jul/2025 10:36:48] "GET /web/static/lib/bootstrap/js/dist/dom/selector-engine.js.map HTTP/1.1" 404 - 1 0.001 0.045
2025-07-23 10:36:48,960 46100 INFO ? werkzeug: 127.0.0.1 - - [23/Jul/2025 10:36:48] "GET /web/static/lib/bootstrap/js/dist/dom/event-handler.js.map HTTP/1.1" 404 - 1 0.002 0.047
2025-07-23 10:36:48,961 46100 INFO ? werkzeug: 127.0.0.1 - - [23/Jul/2025 10:36:48] "GET /web/static/lib/bootstrap/js/dist/modal.js.map HTTP/1.1" 404 - 1 0.002 0.044
2025-07-23 10:36:50,220 46100 INFO ? werkzeug: 127.0.0.1 - - [23/Jul/2025 10:36:50] "GET /web/service-worker.js HTTP/1.1" 404 - 1 0.001 0.010
2025-07-23 10:37:00,159 46100 INFO None odoo.sql_db: ConnectionPool(used=2/count=5/max=32): Closed 1 connections to 'user=admin password=xxx dbname=NWFTH-ERP-V1 host=localhost port=5432 application_name=odoo-46100 sslmode=prefer' 
2025-07-23 10:37:00,498 46100 INFO None odoo.service.db: DROP DB: NWFTH-ERP-V1 
2025-07-23 10:37:00,502 46100 INFO None werkzeug: 127.0.0.1 - - [23/Jul/2025 10:37:00] "POST /web/database/drop HTTP/1.1" 303 - 4 0.333 0.343
2025-07-23 10:37:00,915 46100 INFO ? werkzeug: 127.0.0.1 - - [23/Jul/2025 10:37:00] "GET /web/database/manager HTTP/1.1" 200 - 8 0.012 0.394
2025-07-23 10:37:00,975 46100 INFO ? werkzeug: 127.0.0.1 - - [23/Jul/2025 10:37:00] "GET /.well-known/appspecific/com.chrome.devtools.json HTTP/1.1" 404 - 1 0.003 0.015
2025-07-23 10:37:01,321 46100 INFO ? werkzeug: 127.0.0.1 - - [23/Jul/2025 10:37:01] "GET /web/static/lib/bootstrap/js/dist/dom/data.js.map HTTP/1.1" 404 - 1 0.001 0.010
2025-07-23 10:37:01,374 46100 INFO ? werkzeug: 127.0.0.1 - - [23/Jul/2025 10:37:01] "GET /web/static/lib/bootstrap/js/dist/dom/event-handler.js.map HTTP/1.1" 404 - 1 0.002 0.043
2025-07-23 10:37:01,375 46100 INFO ? werkzeug: 127.0.0.1 - - [23/Jul/2025 10:37:01] "GET /web/static/lib/bootstrap/js/dist/modal.js.map HTTP/1.1" 404 - 1 0.001 0.044
2025-07-23 10:37:01,378 46100 INFO ? werkzeug: 127.0.0.1 - - [23/Jul/2025 10:37:01] "GET /web/static/lib/bootstrap/js/dist/dom/manipulator.js.map HTTP/1.1" 404 - 1 0.003 0.044
2025-07-23 10:37:01,379 46100 INFO ? werkzeug: 127.0.0.1 - - [23/Jul/2025 10:37:01] "GET /web/static/lib/bootstrap/js/dist/base-component.js.map HTTP/1.1" 404 - 1 0.002 0.047
2025-07-23 10:37:01,381 46100 INFO ? werkzeug: 127.0.0.1 - - [23/Jul/2025 10:37:01] "GET /web/static/lib/bootstrap/js/dist/dom/selector-engine.js.map HTTP/1.1" 404 - 1 0.001 0.051
2025-07-23 10:37:02,938 46100 INFO ? werkzeug: 127.0.0.1 - - [23/Jul/2025 10:37:02] "GET /web/service-worker.js HTTP/1.1" 404 - 1 0.001 0.011
2025-07-23 10:37:05,194 46100 INFO None odoo.sql_db: ConnectionPool(used=2/count=4/max=32): Closed 1 connections to 'user=admin password=xxx dbname=NWFTH-ERP-V0.1.1 host=localhost port=5432 application_name=odoo-46100 sslmode=prefer' 
2025-07-23 10:37:05,255 46100 INFO None odoo.service.db: DROP DB: NWFTH-ERP-V0.1.1 
2025-07-23 10:37:05,259 46100 INFO None werkzeug: 127.0.0.1 - - [23/Jul/2025 10:37:05] "POST /web/database/drop HTTP/1.1" 303 - 4 0.054 0.648
2025-07-23 10:37:05,662 46100 INFO ? werkzeug: 127.0.0.1 - - [23/Jul/2025 10:37:05] "GET /web/database/manager HTTP/1.1" 200 - 6 0.004 0.392
2025-07-23 10:37:06,021 46100 INFO ? werkzeug: 127.0.0.1 - - [23/Jul/2025 10:37:06] "GET /.well-known/appspecific/com.chrome.devtools.json HTTP/1.1" 404 - 1 0.001 0.010
2025-07-23 10:37:06,115 46100 INFO ? werkzeug: 127.0.0.1 - - [23/Jul/2025 10:37:06] "GET /web/static/lib/bootstrap/js/dist/dom/data.js.map HTTP/1.1" 404 - 1 0.002 0.047
2025-07-23 10:37:06,117 46100 INFO ? werkzeug: 127.0.0.1 - - [23/Jul/2025 10:37:06] "GET /web/static/lib/bootstrap/js/dist/dom/manipulator.js.map HTTP/1.1" 404 - 1 0.001 0.047
2025-07-23 10:37:06,118 46100 INFO ? werkzeug: 127.0.0.1 - - [23/Jul/2025 10:37:06] "GET /web/static/lib/bootstrap/js/dist/dom/event-handler.js.map HTTP/1.1" 404 - 1 0.001 0.050
2025-07-23 10:37:06,120 46100 INFO ? werkzeug: 127.0.0.1 - - [23/Jul/2025 10:37:06] "GET /web/static/lib/bootstrap/js/dist/base-component.js.map HTTP/1.1" 404 - 1 0.002 0.048
2025-07-23 10:37:06,123 46100 INFO ? werkzeug: 127.0.0.1 - - [23/Jul/2025 10:37:06] "GET /web/static/lib/bootstrap/js/dist/dom/selector-engine.js.map HTTP/1.1" 404 - 1 0.002 0.049
2025-07-23 10:37:06,350 46100 INFO ? werkzeug: 127.0.0.1 - - [23/Jul/2025 10:37:06] "GET /web/static/lib/bootstrap/js/dist/modal.js.map HTTP/1.1" 404 - 1 0.001 0.010
2025-07-23 10:37:06,668 46100 INFO ? werkzeug: 127.0.0.1 - - [23/Jul/2025 10:37:06] "GET /web?db=NWFTH-ERP-V1.0 HTTP/1.1" 302 - 1 0.001 0.012
2025-07-23 10:37:06,965 46100 INFO ? odoo.modules.loading: loading 1 modules... 
2025-07-23 10:37:06,969 46100 INFO ? odoo.modules.loading: 1 modules loaded in 0.00s, 0 queries (+0 extra) 
2025-07-23 10:37:06,973 46100 INFO ? odoo.modules.loading: loading 41 modules... 
2025-07-23 10:37:07,180 46100 INFO ? odoo.modules.loading: 41 modules loaded in 0.21s, 0 queries (+0 extra) 
2025-07-23 10:37:07,283 46100 INFO ? odoo.modules.loading: Modules loaded. 
2025-07-23 10:37:07,286 46100 INFO ? odoo.modules.registry: Registry loaded in 0.328s 
2025-07-23 10:37:07,287 46100 INFO NWFTH-ERP-V1.0 odoo.addons.base.models.ir_http: Generating routing map for key None 
2025-07-23 10:37:07,299 46100 INFO NWFTH-ERP-V1.0 werkzeug: 127.0.0.1 - - [23/Jul/2025 10:37:07] "GET /web?db=NWFTH-ERP-V1.0 HTTP/1.1" 303 - 19 0.011 0.331
2025-07-23 10:37:07,706 46100 INFO NWFTH-ERP-V1.0 werkzeug: 127.0.0.1 - - [23/Jul/2025 10:37:07] "GET /web/service-worker.js HTTP/1.1" 200 - 2 0.003 0.012
2025-07-23 10:37:07,731 46100 INFO NWFTH-ERP-V1.0 werkzeug: 127.0.0.1 - - [23/Jul/2025 10:37:07] "GET /web/login?db=NWFTH-ERP-V1.0 HTTP/1.1" 200 - 60 0.027 0.080
2025-07-23 10:37:08,459 46100 INFO NWFTH-ERP-V1.0 werkzeug: 127.0.0.1 - - [23/Jul/2025 10:37:08] "GET /.well-known/appspecific/com.chrome.devtools.json HTTP/1.1" 404 - 2 0.003 0.027
2025-07-23 10:37:08,459 46100 INFO NWFTH-ERP-V1.0 werkzeug: 127.0.0.1 - - [23/Jul/2025 10:37:08] "GET /web/binary/company_logo?dbname=NWFTH-ERP-V1.0 HTTP/1.1" 200 - 2 0.006 0.028
2025-07-23 10:37:08,469 46100 INFO NWFTH-ERP-V1.0 odoo.addons.base.models.assetsbundle: Generating a new asset bundle attachment /web/assets/69be254/web.assets_frontend.min.css (id:169) 
2025-07-23 10:37:08,470 46100 INFO NWFTH-ERP-V1.0 odoo.addons.base.models.assetsbundle: Deleting attachments [156] (matching /web/assets/_______/web.assets_frontend.min.css) because it was replaced with /web/assets/69be254/web.assets_frontend.min.css 
2025-07-23 10:37:08,490 46100 INFO NWFTH-ERP-V1.0 werkzeug: 127.0.0.1 - - [23/Jul/2025 10:37:08] "GET /web/assets/69be254/web.assets_frontend.min.css HTTP/1.1" 200 - 18 0.019 0.590
2025-07-23 10:37:08,823 46100 INFO NWFTH-ERP-V1.0 odoo.addons.base.models.assetsbundle: Generating a new asset bundle attachment /web/assets/22c1fd3/web.assets_frontend_lazy.min.js (id:170) 
2025-07-23 10:37:08,823 46100 INFO NWFTH-ERP-V1.0 odoo.addons.base.models.assetsbundle: Deleting attachments [157] (matching /web/assets/_______/web.assets_frontend_lazy.min.js) because it was replaced with /web/assets/22c1fd3/web.assets_frontend_lazy.min.js 
2025-07-23 10:37:08,827 46100 INFO NWFTH-ERP-V1.0 werkzeug: 127.0.0.1 - - [23/Jul/2025 10:37:08] "GET /web/assets/22c1fd3/web.assets_frontend_lazy.min.js HTTP/1.1" 200 - 11 0.005 0.275
2025-07-23 10:37:08,866 46100 INFO NWFTH-ERP-V1.0 werkzeug: 127.0.0.1 - - [23/Jul/2025 10:37:08] "GET /web/image/res.company/1/favicon HTTP/1.1" 200 - 12 0.003 0.006
2025-07-23 10:37:09,276 46100 INFO NWFTH-ERP-V1.0 werkzeug: 127.0.0.1 - - [23/Jul/2025 10:37:09] "GET /web/webclient/translations/1753267028960 HTTP/1.1" 200 - 4 0.002 0.007
2025-07-23 10:37:10,164 46100 INFO NWFTH-ERP-V1.0 werkzeug: 127.0.0.1 - - [23/Jul/2025 10:37:10] "GET /web/service-worker.js HTTP/1.1" 200 - 2 0.001 0.004
2025-07-23 10:37:12,979 46100 INFO NWFTH-ERP-V1.0 odoo.addons.base.models.res_users: Login failed for db:NWFTH-ERP-V1.0 login:admin from 127.0.0.1 
2025-07-23 10:37:12,982 46100 INFO NWFTH-ERP-V1.0 werkzeug: 127.0.0.1 - - [23/Jul/2025 10:37:12] "POST /web/login HTTP/1.1" 200 - 12 0.007 0.334
2025-07-23 10:37:13,016 46100 INFO NWFTH-ERP-V1.0 werkzeug: 127.0.0.1 - - [23/Jul/2025 10:37:13] "GET /.well-known/appspecific/com.chrome.devtools.json HTTP/1.1" 404 - 2 0.002 0.004
2025-07-23 10:37:13,019 46100 INFO NWFTH-ERP-V1.0 werkzeug: 127.0.0.1 - - [23/Jul/2025 10:37:13] "GET /web/binary/company_logo?dbname=NWFTH-ERP-V1.0 HTTP/1.1" 304 - 2 0.003 0.004
2025-07-23 10:37:13,653 46100 INFO NWFTH-ERP-V1.0 werkzeug: 127.0.0.1 - - [23/Jul/2025 10:37:13] "GET /web/webclient/translations/1753267033316 HTTP/1.1" 200 - 3 0.002 0.005
2025-07-23 10:37:14,921 46100 INFO NWFTH-ERP-V1.0 werkzeug: 127.0.0.1 - - [23/Jul/2025 10:37:14] "GET /web/service-worker.js HTTP/1.1" 200 - 2 0.001 0.003
2025-07-23 10:37:16,213 46100 INFO NWFTH-ERP-V1.0 odoo.addons.base.models.res_users: Login successful for db:NWFTH-ERP-V1.0 login:admin from 127.0.0.1 
2025-07-23 10:37:16,220 46100 INFO NWFTH-ERP-V1.0 werkzeug: 127.0.0.1 - - [23/Jul/2025 10:37:16] "POST /web/login HTTP/1.1" 303 - 37 0.016 0.345
2025-07-23 10:37:16,333 46100 INFO NWFTH-ERP-V1.0 werkzeug: 127.0.0.1 - - [23/Jul/2025 10:37:16] "GET /web HTTP/1.1" 200 - 75 0.024 0.079
2025-07-23 10:37:16,368 46100 INFO NWFTH-ERP-V1.0 werkzeug: 127.0.0.1 - - [23/Jul/2025 10:37:16] "GET /.well-known/appspecific/com.chrome.devtools.json HTTP/1.1" 404 - 2 0.001 0.003
2025-07-23 10:37:16,712 46100 INFO NWFTH-ERP-V1.0 werkzeug: 127.0.0.1 - - [23/Jul/2025 10:37:16] "GET /web/webclient/load_menus/0f8824cc85ec768dbd4ad82c00e7bb72213754b2eaaac9468a46f9befd43ec21 HTTP/1.1" 200 - 1 0.002 0.004
2025-07-23 10:37:16,720 46100 INFO NWFTH-ERP-V1.0 werkzeug: 127.0.0.1 - - [23/Jul/2025 10:37:16] "GET /web/webclient/translations/79167f59cfef1c211a64698612a278bf24ae0659?lang=en_US HTTP/1.1" 200 - 3 0.005 0.006
2025-07-23 10:37:17,542 46100 INFO NWFTH-ERP-V1.0 odoo.addons.base.models.assetsbundle: Generating a new asset bundle attachment /web/assets/293d851/web.assets_web.min.css (id:171) 
2025-07-23 10:37:17,543 46100 INFO NWFTH-ERP-V1.0 odoo.addons.base.models.assetsbundle: Deleting attachments [158] (matching /web/assets/_______/web.assets_web.min.css) because it was replaced with /web/assets/293d851/web.assets_web.min.css 
2025-07-23 10:37:17,560 46100 INFO NWFTH-ERP-V1.0 werkzeug: 127.0.0.1 - - [23/Jul/2025 10:37:17] "GET /web/assets/293d851/web.assets_web.min.css HTTP/1.1" 200 - 18 0.024 0.860
2025-07-23 10:37:18,304 46100 INFO NWFTH-ERP-V1.0 odoo.addons.base.models.assetsbundle: Generating a new asset bundle attachment /web/assets/ef01935/web.assets_web.min.js (id:172) 
2025-07-23 10:37:18,305 46100 INFO NWFTH-ERP-V1.0 odoo.addons.base.models.assetsbundle: Deleting attachments [159] (matching /web/assets/_______/web.assets_web.min.js) because it was replaced with /web/assets/ef01935/web.assets_web.min.js 
2025-07-23 10:37:18,323 46100 INFO NWFTH-ERP-V1.0 werkzeug: 127.0.0.1 - - [23/Jul/2025 10:37:18] "GET /web/assets/ef01935/web.assets_web.min.js HTTP/1.1" 200 - 13 0.009 1.622
2025-07-23 10:37:19,190 46100 INFO NWFTH-ERP-V1.0 werkzeug: 127.0.0.1 - - [23/Jul/2025 10:37:19] "POST /web/dataset/call_kw/res.users/systray_get_activities HTTP/1.1" 200 - 22 0.015 0.014
2025-07-23 10:37:19,197 46100 INFO NWFTH-ERP-V1.0 werkzeug: 127.0.0.1 - - [23/Jul/2025 10:37:19] "POST /mail/init_messaging HTTP/1.1" 200 - 58 0.031 0.022
2025-07-23 10:37:19,266 46100 INFO NWFTH-ERP-V1.0 werkzeug: 127.0.0.1 - - [23/Jul/2025 10:37:19] "POST /web/action/load HTTP/1.1" 200 - 6 0.002 0.004
2025-07-23 10:37:19,312 46100 INFO NWFTH-ERP-V1.0 werkzeug: 127.0.0.1 - - [23/Jul/2025 10:37:19] "POST /mail/load_message_failures HTTP/1.1" 200 - 3 0.004 0.007
2025-07-23 10:37:19,319 46100 INFO NWFTH-ERP-V1.0 werkzeug: 127.0.0.1 - - [23/Jul/2025 10:37:19] "GET /web/image?model=res.users&field=avatar_128&id=2 HTTP/1.1" 200 - 9 0.009 0.009
2025-07-23 10:37:19,321 46100 INFO NWFTH-ERP-V1.0 werkzeug: 127.0.0.1 - - [23/Jul/2025 10:37:19] "GET /web/image?model=res.company&field=appbar_image&id=1 HTTP/1.1" 200 - 10 0.009 0.010
2025-07-23 10:37:19,511 46100 INFO ? werkzeug: 127.0.0.1 - - [23/Jul/2025 10:37:19] "GET /web/static/lib/odoo_ui_icons/fonts/odoo_ui_icons.woff2 HTTP/1.1" 200 - 0 0.000 0.003
2025-07-23 10:37:19,678 46100 INFO NWFTH-ERP-V1.0 werkzeug: 127.0.0.1 - - [23/Jul/2025 10:37:19] "POST /mail/inbox/messages HTTP/1.1" 200 - 7 0.010 0.009
2025-07-23 10:37:19,680 46100 INFO NWFTH-ERP-V1.0 werkzeug: 127.0.0.1 - - [23/Jul/2025 10:37:19] "GET /discuss/channel/1/avatar_128?unique=2310ba1909611d39567b82aaad79106fdf1592dc1fbfdde6d634a7bb77346f23433800aee405f4beedbe55ae2b9a163e4e4bb23c4b96e150c4aaf968ae434238 HTTP/1.1" 200 - 9 0.011 0.008
2025-07-23 10:37:19,683 46100 INFO NWFTH-ERP-V1.0 werkzeug: 127.0.0.1 - - [23/Jul/2025 10:37:19] "GET /web/image/res.partner/2/avatar_128?unique=2025-04-04%2001:32:08 HTTP/1.1" 200 - 7 0.010 0.010
2025-07-23 10:37:19,696 46100 INFO NWFTH-ERP-V1.0 odoo.addons.base.models.assetsbundle: Generating a new asset bundle attachment /web/assets/b2aecb0/bus.websocket_worker_assets.min.js (id:173) 
2025-07-23 10:37:19,697 46100 INFO NWFTH-ERP-V1.0 odoo.addons.base.models.assetsbundle: Deleting attachments [160] (matching /web/assets/_______/bus.websocket_worker_assets.min.js) because it was replaced with /web/assets/b2aecb0/bus.websocket_worker_assets.min.js 
2025-07-23 10:37:19,701 46100 INFO NWFTH-ERP-V1.0 werkzeug: 127.0.0.1 - - [23/Jul/2025 10:37:19] "GET /bus/websocket_worker_bundle?v=17.0-1 HTTP/1.1" 200 - 10 0.004 0.012
2025-07-23 10:37:19,730 46100 INFO NWFTH-ERP-V1.0 werkzeug: 127.0.0.1 - - [23/Jul/2025 10:37:19] "GET /web/manifest.webmanifest HTTP/1.1" 200 - 9 0.006 0.008
2025-07-23 10:37:20,030 46100 INFO NWFTH-ERP-V1.0 werkzeug: 127.0.0.1 - - [23/Jul/2025 10:37:20] "GET /websocket?version=17.0-1 HTTP/1.1" 101 - 1 0.000 0.002
2025-07-23 10:37:20,040 46100 INFO ? odoo.addons.bus.models.bus: Bus.loop listen imbus on db postgres 
2025-07-23 10:37:20,056 46100 INFO ? werkzeug: 127.0.0.1 - - [23/Jul/2025 10:37:20] "GET /web/static/img/odoo-icon-192x192.png HTTP/1.1" 200 - 0 0.000 0.002
2025-07-23 10:37:21,278 46100 INFO NWFTH-ERP-V1.0 werkzeug: 127.0.0.1 - - [23/Jul/2025 10:37:21] "GET /web/service-worker.js HTTP/1.1" 200 - 1 0.001 0.003
2025-07-23 10:37:21,611 46100 INFO NWFTH-ERP-V1.0 werkzeug: 127.0.0.1 - - [23/Jul/2025 10:37:21] "GET /web/offline HTTP/1.1" 200 - 6 0.002 0.007
2025-07-23 10:37:22,006 46100 INFO NWFTH-ERP-V1.0 werkzeug: 127.0.0.1 - - [23/Jul/2025 10:37:22] "POST /web/action/load HTTP/1.1" 200 - 10 0.003 0.006
2025-07-23 10:37:22,385 46100 INFO NWFTH-ERP-V1.0 werkzeug: 127.0.0.1 - - [23/Jul/2025 10:37:22] "POST /web/dataset/call_kw/hr.leave/get_views HTTP/1.1" 200 - 54 0.018 0.029
2025-07-23 10:37:22,610 46100 INFO NWFTH-ERP-V1.0 werkzeug: 127.0.0.1 - - [23/Jul/2025 10:37:22] "POST /web/dataset/call_kw/hr.leave/check_access_rights HTTP/1.1" 200 - 1 0.000 0.002
2025-07-23 10:37:22,754 46100 INFO NWFTH-ERP-V1.0 werkzeug: 127.0.0.1 - - [23/Jul/2025 10:37:22] "POST /web/dataset/call_kw/hr.leave/get_unusual_days HTTP/1.1" 200 - 14 0.007 0.023
2025-07-23 10:37:22,936 46100 INFO NWFTH-ERP-V1.0 werkzeug: 127.0.0.1 - - [23/Jul/2025 10:37:22] "POST /web/dataset/call_kw/hr.leave/search_read HTTP/1.1" 200 - 14 0.006 0.007
2025-07-23 10:37:23,081 46100 INFO NWFTH-ERP-V1.0 werkzeug: 127.0.0.1 - - [23/Jul/2025 10:37:23] "POST /web/dataset/call_kw/hr.employee/get_mandatory_days HTTP/1.1" 200 - 6 0.003 0.005
2025-07-23 10:37:23,258 46100 INFO ? werkzeug: 127.0.0.1 - - [23/Jul/2025 10:37:23] "GET /web/static/lib/fullcalendar/core/main.css HTTP/1.1" 200 - 0 0.000 0.003
2025-07-23 10:37:23,432 46100 INFO ? werkzeug: 127.0.0.1 - - [23/Jul/2025 10:37:23] "GET /web/static/lib/fullcalendar/daygrid/main.css HTTP/1.1" 200 - 0 0.000 0.002
2025-07-23 10:37:23,432 46100 INFO ? werkzeug: 127.0.0.1 - - [23/Jul/2025 10:37:23] "GET /web/static/lib/fullcalendar/timegrid/main.css HTTP/1.1" 200 - 0 0.000 0.001
2025-07-23 10:37:23,461 46100 INFO ? werkzeug: 127.0.0.1 - - [23/Jul/2025 10:37:23] "GET /web/static/lib/fullcalendar/list/main.css HTTP/1.1" 200 - 0 0.000 0.005
2025-07-23 10:37:23,480 46100 INFO NWFTH-ERP-V1.0 werkzeug: 127.0.0.1 - - [23/Jul/2025 10:37:23] "POST /web/dataset/call_kw/hr.employee/get_special_days_data HTTP/1.1" 200 - 9 0.010 0.010
2025-07-23 10:37:23,482 46100 INFO NWFTH-ERP-V1.0 werkzeug: 127.0.0.1 - - [23/Jul/2025 10:37:23] "POST /web/dataset/call_kw/hr.leave.type/get_allocation_data_request HTTP/1.1" 200 - 12 0.013 0.011
2025-07-23 10:37:23,582 46100 INFO NWFTH-ERP-V1.0 werkzeug: 127.0.0.1 - - [23/Jul/2025 10:37:23] "POST /web/dataset/call_kw/hr.leave.type/has_accrual_allocation HTTP/1.1" 200 - 4 0.002 0.005
2025-07-23 10:37:23,811 46100 INFO ? werkzeug: 127.0.0.1 - - [23/Jul/2025 10:37:23] "GET /web/static/lib/fullcalendar/core/main.js HTTP/1.1" 200 - 0 0.000 0.002
2025-07-23 10:37:24,164 46100 INFO ? werkzeug: 127.0.0.1 - - [23/Jul/2025 10:37:24] "GET /web/static/lib/fullcalendar/interaction/main.js HTTP/1.1" 200 - 0 0.000 0.002
2025-07-23 10:37:24,432 46100 INFO ? werkzeug: 127.0.0.1 - - [23/Jul/2025 10:37:24] "GET /web/static/lib/fullcalendar/daygrid/main.js HTTP/1.1" 200 - 0 0.000 0.003
2025-07-23 10:37:24,510 46100 INFO ? werkzeug: 127.0.0.1 - - [23/Jul/2025 10:37:24] "GET /web/static/lib/fullcalendar/luxon/main.js HTTP/1.1" 200 - 0 0.000 0.002
2025-07-23 10:37:24,748 46100 INFO ? werkzeug: 127.0.0.1 - - [23/Jul/2025 10:37:24] "GET /web/static/lib/fullcalendar/timegrid/main.js HTTP/1.1" 200 - 0 0.000 0.002
2025-07-23 10:37:24,840 46100 INFO ? werkzeug: 127.0.0.1 - - [23/Jul/2025 10:37:24] "GET /web/static/lib/fullcalendar/list/main.js HTTP/1.1" 200 - 0 0.000 0.002
2025-07-23 10:37:25,365 46100 INFO ? werkzeug: 127.0.0.1 - - [23/Jul/2025 10:37:25] "GET /hr_holidays/static/src/img/icons/Paid_Time_Off.svg HTTP/1.1" 200 - 0 0.000 0.002
2025-07-23 10:37:25,680 46100 INFO ? werkzeug: 127.0.0.1 - - [23/Jul/2025 10:37:25] "GET /hr_holidays/static/src/img/icons/Sick_Time_Off_2.svg HTTP/1.1" 200 - 0 0.000 0.003
2025-07-23 10:37:25,682 46100 INFO ? werkzeug: 127.0.0.1 - - [23/Jul/2025 10:37:25] "GET /hr_holidays/static/src/img/icons/Training_Time_Off_2.svg HTTP/1.1" 200 - 0 0.000 0.004
2025-07-23 10:37:25,686 46100 INFO ? werkzeug: 127.0.0.1 - - [23/Jul/2025 10:37:25] "GET /hr/static/src/img/icons/plain.svg HTTP/1.1" 200 - 0 0.000 0.008
2025-07-23 10:37:25,687 46100 INFO ? werkzeug: 127.0.0.1 - - [23/Jul/2025 10:37:25] "GET /hr/static/src/img/icons/line.svg HTTP/1.1" 200 - 0 0.000 0.004
2025-07-23 10:37:25,688 46100 INFO ? werkzeug: 127.0.0.1 - - [23/Jul/2025 10:37:25] "GET /hr/static/src/img/icons/hatched.svg HTTP/1.1" 200 - 0 0.000 0.007
2025-07-23 10:37:25,691 46100 INFO ? werkzeug: 127.0.0.1 - - [23/Jul/2025 10:37:25] "GET /hr_holidays/static/src/img/icons/Small_Unemployement_3.svg HTTP/1.1" 200 - 0 0.000 0.010
2025-07-23 10:37:30,383 46100 INFO NWFTH-ERP-V1.0 werkzeug: 127.0.0.1 - - [23/Jul/2025 10:37:30] "POST /web/action/load HTTP/1.1" 200 - 9 0.002 0.005
2025-07-23 10:37:30,683 46100 INFO NWFTH-ERP-V1.0 werkzeug: 127.0.0.1 - - [23/Jul/2025 10:37:30] "POST /web/dataset/call_kw/hr.employee/get_views HTTP/1.1" 200 - 73 0.017 0.040
2025-07-23 10:37:30,786 46100 INFO NWFTH-ERP-V1.0 werkzeug: 127.0.0.1 - - [23/Jul/2025 10:37:30] "POST /web/dataset/call_kw/hr.employee/search_panel_select_range HTTP/1.1" 200 - 8 0.004 0.006
2025-07-23 10:37:31,037 46100 INFO NWFTH-ERP-V1.0 werkzeug: 127.0.0.1 - - [23/Jul/2025 10:37:31] "POST /web/dataset/call_kw/hr.employee/web_search_read HTTP/1.1" 200 - 30 0.010 0.019
2025-07-23 10:37:31,184 46100 INFO NWFTH-ERP-V1.0 werkzeug: 127.0.0.1 - - [23/Jul/2025 10:37:31] "GET /web/image/res.users/2/avatar_128 HTTP/1.1" 200 - 9 0.006 0.011
2025-07-23 10:37:31,512 46100 INFO NWFTH-ERP-V1.0 werkzeug: 127.0.0.1 - - [23/Jul/2025 10:37:31] "GET /web/image?model=hr.employee&id=3&field=image_1024&unique=1753267051113 HTTP/1.1" 200 - 10 0.013 0.024
2025-07-23 10:37:31,514 46100 INFO NWFTH-ERP-V1.0 werkzeug: 127.0.0.1 - - [23/Jul/2025 10:37:31] "GET /web/image?model=hr.employee&id=4&field=image_1024&unique=1753267051112 HTTP/1.1" 200 - 10 0.014 0.026
2025-07-23 10:37:31,525 46100 INFO NWFTH-ERP-V1.0 werkzeug: 127.0.0.1 - - [23/Jul/2025 10:37:31] "GET /web/image/res.users/8/avatar_128 HTTP/1.1" 200 - 9 0.013 0.032
2025-07-23 10:37:31,528 46100 INFO NWFTH-ERP-V1.0 werkzeug: 127.0.0.1 - - [23/Jul/2025 10:37:31] "GET /web/image/res.users/6/avatar_128 HTTP/1.1" 200 - 9 0.016 0.034
2025-07-23 10:37:31,535 46100 INFO NWFTH-ERP-V1.0 werkzeug: 127.0.0.1 - - [23/Jul/2025 10:37:31] "GET /web/image?model=hr.employee&id=1&field=image_1024&unique=1753267051094 HTTP/1.1" 200 - 5 0.012 0.031
2025-07-23 10:37:31,538 46100 INFO NWFTH-ERP-V1.0 werkzeug: 127.0.0.1 - - [23/Jul/2025 10:37:31] "GET /web/image/res.users/7/avatar_128 HTTP/1.1" 200 - 9 0.019 0.037
2025-07-23 10:37:31,835 46100 INFO NWFTH-ERP-V1.0 werkzeug: 127.0.0.1 - - [23/Jul/2025 10:37:31] "GET /web/image?model=hr.employee&id=5&field=image_1024&unique=1753267051110 HTTP/1.1" 200 - 5 0.003 0.005
2025-07-23 10:37:31,838 46100 INFO NWFTH-ERP-V1.0 werkzeug: 127.0.0.1 - - [23/Jul/2025 10:37:31] "GET /web/image?model=hr.employee&id=2&field=image_1024&unique=1753267051107 HTTP/1.1" 200 - 5 0.004 0.009
2025-07-23 10:37:34,287 46100 INFO NWFTH-ERP-V1.0 werkzeug: 127.0.0.1 - - [23/Jul/2025 10:37:34] "POST /web/action/load HTTP/1.1" 200 - 8 0.003 0.007
2025-07-23 10:37:34,566 46100 INFO NWFTH-ERP-V1.0 werkzeug: 127.0.0.1 - - [23/Jul/2025 10:37:34] "POST /web/dataset/call_kw/res.config.settings/get_views HTTP/1.1" 200 - 15 0.007 0.018
2025-07-23 10:37:34,652 46100 INFO NWFTH-ERP-V1.0 werkzeug: 127.0.0.1 - - [23/Jul/2025 10:37:34] "POST /web/dataset/call_kw/res.config.settings/onchange HTTP/1.1" 200 - 62 0.010 0.019
2025-07-23 10:37:34,888 46100 INFO NWFTH-ERP-V1.0 werkzeug: 127.0.0.1 - - [23/Jul/2025 10:37:34] "POST /base_setup/demo_active HTTP/1.1" 200 - 2 0.001 0.002
2025-07-23 10:37:35,062 46100 INFO NWFTH-ERP-V1.0 werkzeug: 127.0.0.1 - - [23/Jul/2025 10:37:35] "POST /base_setup/data HTTP/1.1" 200 - 6 0.002 0.003
2025-07-23 10:37:35,094 46100 INFO ? werkzeug: 127.0.0.1 - - [23/Jul/2025 10:37:35] "GET /base/static/description/settings.png HTTP/1.1" 200 - 0 0.000 0.002
2025-07-23 10:37:35,416 46100 INFO ? werkzeug: 127.0.0.1 - - [23/Jul/2025 10:37:35] "GET /calendar/static/description/icon.png HTTP/1.1" 200 - 0 0.000 0.003
2025-07-23 10:37:35,418 46100 INFO ? werkzeug: 127.0.0.1 - - [23/Jul/2025 10:37:35] "GET /hr/static/description/icon.png HTTP/1.1" 200 - 0 0.000 0.002
2025-07-23 10:37:35,442 46100 INFO ? werkzeug: 127.0.0.1 - - [23/Jul/2025 10:37:35] "GET /base_setup/static/src/img/google_play.png HTTP/1.1" 200 - 0 0.000 0.004
2025-07-23 10:37:35,442 46100 INFO ? werkzeug: 127.0.0.1 - - [23/Jul/2025 10:37:35] "GET /base_setup/static/src/img/app_store.png HTTP/1.1" 200 - 0 0.000 0.003
2025-07-23 10:37:37,268 46100 INFO NWFTH-ERP-V1.0 werkzeug: 127.0.0.1 - - [23/Jul/2025 10:37:37] "POST /web/dataset/call_kw/res.config.settings/web_save HTTP/1.1" 200 - 37 0.009 0.016
2025-07-23 10:37:37,515 46100 INFO NWFTH-ERP-V1.0 werkzeug: 127.0.0.1 - - [23/Jul/2025 10:37:37] "POST /web/action/load HTTP/1.1" 200 - 11 0.003 0.005
2025-07-23 10:37:37,655 46100 INFO NWFTH-ERP-V1.0 werkzeug: 127.0.0.1 - - [23/Jul/2025 10:37:37] "POST /web/dataset/call_kw/res.users/get_views HTTP/1.1" 200 - 80 0.017 0.045
2025-07-23 10:37:37,845 46100 INFO NWFTH-ERP-V1.0 werkzeug: 127.0.0.1 - - [23/Jul/2025 10:37:37] "POST /web/dataset/call_kw/res.users/web_search_read HTTP/1.1" 200 - 8 0.003 0.006
2025-07-23 10:37:37,981 46100 INFO NWFTH-ERP-V1.0 werkzeug: 127.0.0.1 - - [23/Jul/2025 10:37:37] "POST /web/dataset/call_kw/res.users/has_group HTTP/1.1" 200 - 2 0.001 0.003
2025-07-23 10:37:56,198 46100 INFO NWFTH-ERP-V1.0 werkzeug: 127.0.0.1 - - [23/Jul/2025 10:37:56] "GET /web?debug=1 HTTP/1.1" 200 - 31 0.011 0.028
2025-07-23 10:37:56,478 46100 INFO NWFTH-ERP-V1.0 werkzeug: 127.0.0.1 - - [23/Jul/2025 10:37:56] "GET /web/webclient/load_menus/fa78cff20c1c6c71ac7bcc1a91795323340af184a3ddff818f2969004ef133dd HTTP/1.1" 200 - 1 0.001 0.003
2025-07-23 10:37:57,038 46100 INFO NWFTH-ERP-V1.0 werkzeug: 127.0.0.1 - - [23/Jul/2025 10:37:57] "POST /web/action/load HTTP/1.1" 200 - 11 0.007 0.006
2025-07-23 10:37:57,066 46100 INFO NWFTH-ERP-V1.0 werkzeug: 127.0.0.1 - - [23/Jul/2025 10:37:57] "POST /web/dataset/call_kw/res.users/systray_get_activities HTTP/1.1" 200 - 11 0.007 0.010
2025-07-23 10:37:57,067 46100 INFO NWFTH-ERP-V1.0 werkzeug: 127.0.0.1 - - [23/Jul/2025 10:37:57] "POST /mail/init_messaging HTTP/1.1" 200 - 36 0.024 0.017
2025-07-23 10:37:57,128 46100 INFO NWFTH-ERP-V1.0 werkzeug: 127.0.0.1 - - [23/Jul/2025 10:37:57] "POST /web/dataset/call_kw/res.users/get_views HTTP/1.1" 200 - 20 0.005 0.017
2025-07-23 10:37:57,158 46100 INFO NWFTH-ERP-V1.0 werkzeug: 127.0.0.1 - - [23/Jul/2025 10:37:57] "POST /mail/load_message_failures HTTP/1.1" 200 - 3 0.003 0.004
2025-07-23 10:37:57,164 46100 INFO NWFTH-ERP-V1.0 werkzeug: 127.0.0.1 - - [23/Jul/2025 10:37:57] "POST /web/dataset/call_kw/res.users/web_search_read HTTP/1.1" 200 - 8 0.004 0.007
2025-07-23 10:37:57,376 46100 INFO NWFTH-ERP-V1.0 werkzeug: 127.0.0.1 - - [23/Jul/2025 10:37:57] "POST /web/dataset/call_kw/res.users/has_group HTTP/1.1" 200 - 1 0.000 0.002
2025-07-23 10:37:57,390 46100 INFO NWFTH-ERP-V1.0 werkzeug: 127.0.0.1 - - [23/Jul/2025 10:37:57] "GET /web/image?model=res.users&field=avatar_128&id=2 HTTP/1.1" 304 - 9 0.003 0.007
2025-07-23 10:37:57,463 46100 INFO NWFTH-ERP-V1.0 werkzeug: 127.0.0.1 - - [23/Jul/2025 10:37:57] "GET /bus/websocket_worker_bundle?v=17.0-1 HTTP/1.1" 304 - 3 0.001 0.004
2025-07-23 10:37:57,464 46100 INFO NWFTH-ERP-V1.0 werkzeug: 127.0.0.1 - - [23/Jul/2025 10:37:57] "GET /web/image?model=res.company&field=appbar_image&id=1 HTTP/1.1" 304 - 5 0.003 0.004
2025-07-23 10:37:57,547 46100 INFO NWFTH-ERP-V1.0 werkzeug: 127.0.0.1 - - [23/Jul/2025 10:37:57] "GET /web/manifest.webmanifest HTTP/1.1" 200 - 7 0.002 0.004
2025-07-23 10:37:57,822 46100 INFO NWFTH-ERP-V1.0 werkzeug: 127.0.0.1 - - [23/Jul/2025 10:37:57] "GET /websocket?version=17.0-1 HTTP/1.1" 101 - 1 0.000 0.002
2025-07-23 10:37:59,120 46100 INFO NWFTH-ERP-V1.0 werkzeug: 127.0.0.1 - - [23/Jul/2025 10:37:59] "GET /web/service-worker.js HTTP/1.1" 200 - 1 0.000 0.002
2025-07-23 10:38:02,615 46100 INFO NWFTH-ERP-V1.0 werkzeug: 127.0.0.1 - - [23/Jul/2025 10:38:02] "POST /web/action/load HTTP/1.1" 200 - 10 0.003 0.006
2025-07-23 10:38:02,894 46100 INFO NWFTH-ERP-V1.0 werkzeug: 127.0.0.1 - - [23/Jul/2025 10:38:02] "POST /web/dataset/call_kw/ir.mail_server/get_views HTTP/1.1" 200 - 19 0.006 0.013
2025-07-23 10:38:02,937 46100 INFO NWFTH-ERP-V1.0 werkzeug: 127.0.0.1 - - [23/Jul/2025 10:38:02] "POST /web/dataset/call_kw/ir.mail_server/web_search_read HTTP/1.1" 200 - 3 0.001 0.003
2025-07-23 10:38:03,210 46100 INFO ? werkzeug: 127.0.0.1 - - [23/Jul/2025 10:38:03] "GET /web/static/img/openhand.cur HTTP/1.1" 200 - 0 0.000 0.003
2025-07-23 10:38:04,347 46100 INFO NWFTH-ERP-V1.0 werkzeug: 127.0.0.1 - - [23/Jul/2025 10:38:04] "POST /web/dataset/call_kw/ir.mail_server/web_read HTTP/1.1" 200 - 2 0.002 0.005
2025-07-23 10:38:08,311 46100 INFO NWFTH-ERP-V1.0 werkzeug: 127.0.0.1 - - [23/Jul/2025 10:38:08] "POST /web/dataset/call_kw/ir.mail_server/web_search_read HTTP/1.1" 200 - 2 0.001 0.003
2025-07-23 10:38:09,441 46100 INFO NWFTH-ERP-V1.0 werkzeug: 127.0.0.1 - - [23/Jul/2025 10:38:09] "POST /web/dataset/call_kw/ir.mail_server/web_read HTTP/1.1" 200 - 2 0.001 0.004
2025-07-23 10:38:11,784 46100 WARNING NWFTH-ERP-V1.0 odoo.http: Please configure an email on the current user to simulate sending an email message via this outgoing server 
2025-07-23 10:38:11,784 46100 INFO NWFTH-ERP-V1.0 werkzeug: 127.0.0.1 - - [23/Jul/2025 10:38:11] "POST /web/dataset/call_button HTTP/1.1" 200 - 4 0.003 1.508
2025-07-23 10:38:23,138 46100 INFO NWFTH-ERP-V1.0 werkzeug: 127.0.0.1 - - [23/Jul/2025 10:38:23] "GET /web/session/logout HTTP/1.1" 303 - 1 0.001 0.003
2025-07-23 10:38:23,442 46100 INFO NWFTH-ERP-V1.0 werkzeug: 127.0.0.1 - - [23/Jul/2025 10:38:23] "GET /web HTTP/1.1" 303 - 1 0.000 0.002
2025-07-23 10:38:23,774 46100 INFO NWFTH-ERP-V1.0 werkzeug: 127.0.0.1 - - [23/Jul/2025 10:38:23] "GET /web/login HTTP/1.1" 200 - 4 0.004 0.014
2025-07-23 10:38:24,011 46100 INFO NWFTH-ERP-V1.0 werkzeug: 127.0.0.1 - - [23/Jul/2025 10:38:24] "GET /web/binary/company_logo HTTP/1.1" 304 - 2 0.001 0.003
2025-07-23 10:38:24,109 46100 INFO NWFTH-ERP-V1.0 werkzeug: 127.0.0.1 - - [23/Jul/2025 10:38:24] "GET /web/webclient/translations/1753267104061 HTTP/1.1" 200 - 3 0.001 0.003
2025-07-23 10:38:25,428 46100 INFO NWFTH-ERP-V1.0 werkzeug: 127.0.0.1 - - [23/Jul/2025 10:38:25] "GET /web/service-worker.js HTTP/1.1" 200 - 2 0.001 0.003
2025-07-23 10:38:25,763 46100 INFO NWFTH-ERP-V1.0 werkzeug: 127.0.0.1 - - [23/Jul/2025 10:38:25] "GET /web/offline HTTP/1.1" 200 - 3 0.001 0.003
2025-07-23 10:38:29,884 46100 INFO NWFTH-ERP-V1.0 odoo.addons.base.models.res_users: Login successful for db:NWFTH-ERP-V1.0 login:deachawat9937@gmail.com from 127.0.0.1 
2025-07-23 10:38:29,894 46100 INFO NWFTH-ERP-V1.0 werkzeug: 127.0.0.1 - - [23/Jul/2025 10:38:29] "POST /web/login HTTP/1.1" 303 - 33 0.012 0.345
2025-07-23 10:38:29,929 46100 INFO NWFTH-ERP-V1.0 werkzeug: 127.0.0.1 - - [23/Jul/2025 10:38:29] "GET /web HTTP/1.1" 200 - 32 0.010 0.018
2025-07-23 10:38:30,276 46100 INFO NWFTH-ERP-V1.0 werkzeug: 127.0.0.1 - - [23/Jul/2025 10:38:30] "GET /web/webclient/load_menus/502b0882fe92c698ff98b75adca44fb6e0a53861334a9d14fa6c2fa4567eebd1 HTTP/1.1" 200 - 1 0.001 0.004
2025-07-23 10:38:30,526 46100 INFO NWFTH-ERP-V1.0 werkzeug: 127.0.0.1 - - [23/Jul/2025 10:38:30] "POST /web/dataset/call_kw/res.users/systray_get_activities HTTP/1.1" 200 - 11 0.008 0.012
2025-07-23 10:38:30,540 46100 INFO NWFTH-ERP-V1.0 werkzeug: 127.0.0.1 - - [23/Jul/2025 10:38:30] "POST /web/action/load HTTP/1.1" 200 - 6 0.007 0.011
2025-07-23 10:38:30,544 46100 INFO NWFTH-ERP-V1.0 werkzeug: 127.0.0.1 - - [23/Jul/2025 10:38:30] "GET /web/manifest.webmanifest HTTP/1.1" 200 - 8 0.010 0.008
2025-07-23 10:38:30,545 46100 INFO NWFTH-ERP-V1.0 werkzeug: 127.0.0.1 - - [23/Jul/2025 10:38:30] "POST /mail/init_messaging HTTP/1.1" 200 - 51 0.032 0.022
2025-07-23 10:38:30,662 46100 INFO NWFTH-ERP-V1.0 werkzeug: 127.0.0.1 - - [23/Jul/2025 10:38:30] "POST /mail/load_message_failures HTTP/1.1" 200 - 3 0.002 0.004
2025-07-23 10:38:30,706 46100 INFO NWFTH-ERP-V1.0 werkzeug: 127.0.0.1 - - [23/Jul/2025 10:38:30] "POST /mail/inbox/messages HTTP/1.1" 200 - 6 0.003 0.004
2025-07-23 10:38:30,850 46100 INFO NWFTH-ERP-V1.0 werkzeug: 127.0.0.1 - - [23/Jul/2025 10:38:30] "GET /web/image?model=res.users&field=avatar_128&id=7 HTTP/1.1" 200 - 9 0.003 0.007
2025-07-23 10:38:30,862 46100 INFO NWFTH-ERP-V1.0 werkzeug: 127.0.0.1 - - [23/Jul/2025 10:38:30] "GET /web/image?model=res.company&field=appbar_image&id=1 HTTP/1.1" 304 - 10 0.003 0.005
2025-07-23 10:38:30,946 46100 INFO NWFTH-ERP-V1.0 werkzeug: 127.0.0.1 - - [23/Jul/2025 10:38:30] "GET /bus/websocket_worker_bundle?v=17.0-1 HTTP/1.1" 304 - 3 0.002 0.004
2025-07-23 10:38:31,277 46100 INFO NWFTH-ERP-V1.0 werkzeug: 127.0.0.1 - - [23/Jul/2025 10:38:31] "GET /websocket?version=17.0-1 HTTP/1.1" 101 - 1 0.000 0.003
2025-07-23 10:38:31,997 46100 INFO NWFTH-ERP-V1.0 werkzeug: 127.0.0.1 - - [23/Jul/2025 10:38:31] "POST /web/action/load HTTP/1.1" 200 - 9 0.003 0.005
2025-07-23 10:38:32,304 46100 INFO NWFTH-ERP-V1.0 werkzeug: 127.0.0.1 - - [23/Jul/2025 10:38:32] "POST /web/dataset/call_kw/ir.module.module/get_views HTTP/1.1" 200 - 47 0.021 0.044
2025-07-23 10:38:32,325 46100 INFO NWFTH-ERP-V1.0 werkzeug: 127.0.0.1 - - [23/Jul/2025 10:38:32] "GET /web/service-worker.js HTTP/1.1" 200 - 1 0.001 0.003
2025-07-23 10:38:32,579 46100 INFO NWFTH-ERP-V1.0 werkzeug: 127.0.0.1 - - [23/Jul/2025 10:38:32] "POST /web/dataset/call_kw/ir.module.module/search_panel_select_range HTTP/1.1" 200 - 1 0.000 0.002
2025-07-23 10:38:32,651 46100 INFO NWFTH-ERP-V1.0 werkzeug: 127.0.0.1 - - [23/Jul/2025 10:38:32] "GET /web/offline HTTP/1.1" 200 - 2 0.001 0.008
2025-07-23 10:38:32,679 46100 INFO NWFTH-ERP-V1.0 werkzeug: 127.0.0.1 - - [23/Jul/2025 10:38:32] "POST /web/dataset/call_kw/ir.module.module/search_panel_select_range HTTP/1.1" 200 - 46 0.024 0.016
2025-07-23 10:38:32,698 46100 INFO NWFTH-ERP-V1.0 werkzeug: 127.0.0.1 - - [23/Jul/2025 10:38:32] "POST /web/dataset/call_kw/ir.module.module/web_search_read HTTP/1.1" 200 - 4 0.005 0.052
2025-07-23 10:38:32,875 46100 INFO ? werkzeug: 127.0.0.1 - - [23/Jul/2025 10:38:32] "GET /sale_management/static/description/icon.png HTTP/1.1" 200 - 0 0.000 0.001
2025-07-23 10:38:33,190 46100 INFO ? werkzeug: 127.0.0.1 - - [23/Jul/2025 10:38:33] "GET /base/static/img/icons/knowledge.png HTTP/1.1" 200 - 0 0.000 0.003
2025-07-23 10:38:33,192 46100 INFO ? werkzeug: 127.0.0.1 - - [23/Jul/2025 10:38:33] "GET /base/static/img/icons/account_accountant.png HTTP/1.1" 200 - 0 0.000 0.005
2025-07-23 10:38:33,193 46100 INFO ? werkzeug: 127.0.0.1 - - [23/Jul/2025 10:38:33] "GET /mass_mailing/static/description/icon.png HTTP/1.1" 200 - 0 0.000 0.005
2025-07-23 10:38:33,197 46100 INFO ? werkzeug: 127.0.0.1 - - [23/Jul/2025 10:38:33] "GET /mrp/static/description/icon.png HTTP/1.1" 200 - 0 0.000 0.005
2025-07-23 10:38:33,198 46100 INFO ? werkzeug: 127.0.0.1 - - [23/Jul/2025 10:38:33] "GET /base/static/description/icon.png HTTP/1.1" 200 - 0 0.000 0.009
2025-07-23 10:38:33,199 46100 INFO ? werkzeug: 127.0.0.1 - - [23/Jul/2025 10:38:33] "GET /base/static/img/icons/sale_subscription.png HTTP/1.1" 200 - 0 0.000 0.013
2025-07-23 10:38:33,501 46100 INFO ? werkzeug: 127.0.0.1 - - [23/Jul/2025 10:38:33] "GET /base/static/img/icons/quality_control.png HTTP/1.1" 200 - 0 0.000 0.001
2025-07-23 10:38:33,506 46100 INFO ? werkzeug: 127.0.0.1 - - [23/Jul/2025 10:38:33] "GET /hr_recruitment/static/description/icon.png HTTP/1.1" 200 - 0 0.000 0.003
2025-07-23 10:38:33,507 46100 INFO ? werkzeug: 127.0.0.1 - - [23/Jul/2025 10:38:33] "GET /point_of_sale/static/description/icon.png HTTP/1.1" 200 - 0 0.000 0.002
2025-07-23 10:38:33,515 46100 INFO ? werkzeug: 127.0.0.1 - - [23/Jul/2025 10:38:33] "GET /base/static/img/icons/timesheet_grid.png HTTP/1.1" 200 - 0 0.000 0.002
2025-07-23 10:38:33,517 46100 INFO ? werkzeug: 127.0.0.1 - - [23/Jul/2025 10:38:33] "GET /project/static/description/icon.png HTTP/1.1" 200 - 0 0.000 0.004
2025-07-23 10:38:33,518 46100 INFO ? werkzeug: 127.0.0.1 - - [23/Jul/2025 10:38:33] "GET /data_recycle/static/description/icon.png HTTP/1.1" 200 - 0 0.000 0.006
2025-07-23 10:38:33,826 46100 INFO ? werkzeug: 127.0.0.1 - - [23/Jul/2025 10:38:33] "GET /hr_holidays/static/description/icon.png HTTP/1.1" 200 - 0 0.000 0.002
2025-07-23 10:38:33,831 46100 INFO ? werkzeug: 127.0.0.1 - - [23/Jul/2025 10:38:33] "GET /purchase/static/description/icon.png HTTP/1.1" 200 - 0 0.000 0.004
2025-07-23 10:38:33,833 46100 INFO ? werkzeug: 127.0.0.1 - - [23/Jul/2025 10:38:33] "GET /muk_product/static/description/icon.png HTTP/1.1" 200 - 0 0.000 0.006
2025-07-23 10:38:33,835 46100 INFO ? werkzeug: 127.0.0.1 - - [23/Jul/2025 10:38:33] "GET /base/static/img/icons/industry_fsm.png HTTP/1.1" 200 - 0 0.000 0.003
2025-07-23 10:38:33,837 46100 INFO ? werkzeug: 127.0.0.1 - - [23/Jul/2025 10:38:33] "GET /base/static/img/icons/sign.png HTTP/1.1" 200 - 0 0.000 0.008
2025-07-23 10:38:33,838 46100 INFO ? werkzeug: 127.0.0.1 - - [23/Jul/2025 10:38:33] "GET /base/static/img/icons/web_studio.png HTTP/1.1" 200 - 0 0.000 0.007
2025-07-23 10:38:34,158 46100 INFO ? werkzeug: 127.0.0.1 - - [23/Jul/2025 10:38:34] "GET /base/static/img/icons/helpdesk.png HTTP/1.1" 200 - 0 0.000 0.001
2025-07-23 10:38:34,159 46100 INFO ? werkzeug: 127.0.0.1 - - [23/Jul/2025 10:38:34] "GET /website_sale/static/description/icon.png HTTP/1.1" 200 - 0 0.000 0.001
2025-07-23 10:38:34,160 46100 INFO ? werkzeug: 127.0.0.1 - - [23/Jul/2025 10:38:34] "GET /maintenance/static/description/icon.png HTTP/1.1" 200 - 0 0.000 0.003
2025-07-23 10:38:34,163 46100 INFO ? werkzeug: 127.0.0.1 - - [23/Jul/2025 10:38:34] "GET /hr_expense/static/description/icon.png HTTP/1.1" 200 - 0 0.000 0.002
2025-07-23 10:38:34,166 46100 INFO ? werkzeug: 127.0.0.1 - - [23/Jul/2025 10:38:34] "GET /account/static/description/icon.png HTTP/1.1" 200 - 0 0.000 0.002
2025-07-23 10:38:34,168 46100 INFO ? werkzeug: 127.0.0.1 - - [23/Jul/2025 10:38:34] "GET /pos_restaurant/static/description/icon.png HTTP/1.1" 200 - 0 0.000 0.001
2025-07-23 10:38:34,483 46100 INFO ? werkzeug: 127.0.0.1 - - [23/Jul/2025 10:38:34] "GET /crm/static/description/icon.png HTTP/1.1" 200 - 0 0.000 0.002
2025-07-23 10:38:34,486 46100 INFO ? werkzeug: 127.0.0.1 - - [23/Jul/2025 10:38:34] "GET /website/static/description/icon.png HTTP/1.1" 200 - 0 0.000 0.001
2025-07-23 10:38:34,492 46100 INFO ? werkzeug: 127.0.0.1 - - [23/Jul/2025 10:38:34] "GET /stock/static/description/icon.png HTTP/1.1" 200 - 0 0.000 0.005
2025-07-23 10:38:34,496 46100 INFO ? werkzeug: 127.0.0.1 - - [23/Jul/2025 10:38:34] "GET /base/static/img/icons/mrp_workorder.png HTTP/1.1" 200 - 0 0.000 0.012
2025-07-23 10:38:34,497 46100 INFO ? werkzeug: 127.0.0.1 - - [23/Jul/2025 10:38:34] "GET /base/static/img/icons/planning.png HTTP/1.1" 200 - 0 0.000 0.004
2025-07-23 10:38:34,498 46100 INFO ? werkzeug: 127.0.0.1 - - [23/Jul/2025 10:38:34] "GET /website_slides/static/description/icon.png HTTP/1.1" 200 - 0 0.000 0.010
2025-07-23 10:38:34,812 46100 INFO ? werkzeug: 127.0.0.1 - - [23/Jul/2025 10:38:34] "GET /contacts/static/description/icon.png HTTP/1.1" 200 - 0 0.000 0.001
2025-07-23 10:38:34,815 46100 INFO ? werkzeug: 127.0.0.1 - - [23/Jul/2025 10:38:34] "GET /base/static/img/icons/social.png HTTP/1.1" 200 - 0 0.000 0.002
2025-07-23 10:38:34,817 46100 INFO ? werkzeug: 127.0.0.1 - - [23/Jul/2025 10:38:34] "GET /website_event/static/description/icon.png HTTP/1.1" 200 - 0 0.000 0.007
2025-07-23 10:38:34,818 46100 INFO ? werkzeug: 127.0.0.1 - - [23/Jul/2025 10:38:34] "GET /base/static/img/icons/hr_appraisal.png HTTP/1.1" 200 - 0 0.000 0.003
2025-07-23 10:38:34,819 46100 INFO ? werkzeug: 127.0.0.1 - - [23/Jul/2025 10:38:34] "GET /mail/static/description/icon.png HTTP/1.1" 200 - 0 0.000 0.006
2025-07-23 10:38:34,820 46100 INFO ? werkzeug: 127.0.0.1 - - [23/Jul/2025 10:38:34] "GET /base/static/img/icons/mrp_plm.png HTTP/1.1" 200 - 0 0.000 0.009
2025-07-23 10:38:35,132 46100 INFO ? werkzeug: 127.0.0.1 - - [23/Jul/2025 10:38:35] "GET /fleet/static/description/icon.png HTTP/1.1" 200 - 0 0.000 0.001
2025-07-23 10:38:35,145 46100 INFO ? werkzeug: 127.0.0.1 - - [23/Jul/2025 10:38:35] "GET /base/static/img/icons/marketing_automation.png HTTP/1.1" 200 - 0 0.000 0.004
2025-07-23 10:38:35,146 46100 INFO ? werkzeug: 127.0.0.1 - - [23/Jul/2025 10:38:35] "GET /im_livechat/static/description/icon.png HTTP/1.1" 200 - 0 0.000 0.004
2025-07-23 10:38:35,147 46100 INFO ? werkzeug: 127.0.0.1 - - [23/Jul/2025 10:38:35] "GET /base/static/img/icons/appointment.png HTTP/1.1" 200 - 0 0.000 0.004
2025-07-23 10:38:35,147 46100 INFO ? werkzeug: 127.0.0.1 - - [23/Jul/2025 10:38:35] "GET /base/static/img/icons/web_mobile.png HTTP/1.1" 200 - 0 0.000 0.004
2025-07-23 10:38:35,148 46100 INFO ? werkzeug: 127.0.0.1 - - [23/Jul/2025 10:38:35] "GET /survey/static/description/icon.png HTTP/1.1" 200 - 0 0.000 0.004
2025-07-23 10:38:35,453 46100 INFO ? werkzeug: 127.0.0.1 - - [23/Jul/2025 10:38:35] "GET /repair/static/description/icon.png HTTP/1.1" 200 - 0 0.000 0.002
2025-07-23 10:38:35,461 46100 INFO ? werkzeug: 127.0.0.1 - - [23/Jul/2025 10:38:35] "GET /hr_attendance/static/description/icon.png HTTP/1.1" 200 - 0 0.000 0.003
2025-07-23 10:38:35,463 46100 INFO ? werkzeug: 127.0.0.1 - - [23/Jul/2025 10:38:35] "GET /mass_mailing_sms/static/description/icon.png HTTP/1.1" 200 - 0 0.000 0.003
2025-07-23 10:38:35,470 46100 INFO ? werkzeug: 127.0.0.1 - - [23/Jul/2025 10:38:35] "GET /project_todo/static/description/icon.png HTTP/1.1" 200 - 0 0.000 0.002
2025-07-23 10:38:35,472 46100 INFO ? werkzeug: 127.0.0.1 - - [23/Jul/2025 10:38:35] "GET /base/static/img/icons/stock_barcode.png HTTP/1.1" 200 - 0 0.000 0.004
2025-07-23 10:38:35,474 46100 INFO ? werkzeug: 127.0.0.1 - - [23/Jul/2025 10:38:35] "GET /hr_skills/static/description/icon.png HTTP/1.1" 200 - 0 0.000 0.005
2025-07-23 10:38:35,798 46100 INFO ? werkzeug: 127.0.0.1 - - [23/Jul/2025 10:38:35] "GET /base/static/img/icons/voip.png HTTP/1.1" 200 - 0 0.000 0.004
2025-07-23 10:38:35,799 46100 INFO ? werkzeug: 127.0.0.1 - - [23/Jul/2025 10:38:35] "GET /base/static/img/icons/sale_amazon.png HTTP/1.1" 200 - 0 0.000 0.004
2025-07-23 10:38:35,801 46100 INFO ? werkzeug: 127.0.0.1 - - [23/Jul/2025 10:38:35] "GET /base/static/img/icons/sale_ebay.png HTTP/1.1" 200 - 0 0.000 0.005
2025-07-23 10:38:35,804 46100 INFO ? werkzeug: 127.0.0.1 - - [23/Jul/2025 10:38:35] "GET /lunch/static/description/icon.png HTTP/1.1" 200 - 0 0.000 0.007
2025-07-23 10:38:35,804 46100 INFO ? werkzeug: 127.0.0.1 - - [23/Jul/2025 10:38:35] "GET /website_hr_recruitment/static/description/icon.png HTTP/1.1" 200 - 0 0.000 0.010
2025-07-23 10:38:35,806 46100 INFO ? werkzeug: 127.0.0.1 - - [23/Jul/2025 10:38:35] "GET /hr_contract/static/description/icon.png HTTP/1.1" 200 - 0 0.000 0.003
2025-07-23 10:38:39,200 46100 INFO NWFTH-ERP-V1.0 werkzeug: 127.0.0.1 - - [23/Jul/2025 10:38:39] "POST /web/dataset/call_kw/res.users/action_get HTTP/1.1" 200 - 11 0.003 0.006
2025-07-23 10:38:39,499 46100 INFO NWFTH-ERP-V1.0 werkzeug: 127.0.0.1 - - [23/Jul/2025 10:38:39] "POST /web/dataset/call_kw/res.users/get_views HTTP/1.1" 200 - 37 0.013 0.032
2025-07-23 10:38:39,627 46100 INFO NWFTH-ERP-V1.0 werkzeug: 127.0.0.1 - - [23/Jul/2025 10:38:39] "POST /web/dataset/call_kw/res.users/web_read HTTP/1.1" 200 - 83 0.023 0.062
2025-07-23 10:38:40,091 46100 INFO NWFTH-ERP-V1.0 werkzeug: 127.0.0.1 - - [23/Jul/2025 10:38:40] "GET /web/bundle/web_editor.backend_assets_wysiwyg?lang=en_US&debug=1 HTTP/1.1" 200 - 11 0.003 0.014
2025-07-23 10:38:40,441 46100 INFO NWFTH-ERP-V1.0 odoo.addons.base.models.assetsbundle: Generating a new asset bundle attachment /web/assets/45cac99/web_editor.backend_assets_wysiwyg.min.css (id:174) 
2025-07-23 10:38:40,441 46100 INFO NWFTH-ERP-V1.0 odoo.addons.base.models.assetsbundle: Deleting attachments [162] (matching /web/assets/_______/web_editor.backend_assets_wysiwyg.min.css) because it was replaced with /web/assets/45cac99/web_editor.backend_assets_wysiwyg.min.css 
2025-07-23 10:38:40,449 46100 INFO NWFTH-ERP-V1.0 werkzeug: 127.0.0.1 - - [23/Jul/2025 10:38:40] "GET /web/assets/45cac99/web_editor.backend_assets_wysiwyg.min.css HTTP/1.1" 200 - 14 0.009 0.118
2025-07-23 10:38:40,576 46100 INFO NWFTH-ERP-V1.0 odoo.addons.base.models.assetsbundle: Generating a new asset bundle attachment /web/assets/10ea26a/web_editor.backend_assets_wysiwyg.min.js (id:175) 
2025-07-23 10:38:40,577 46100 INFO NWFTH-ERP-V1.0 odoo.addons.base.models.assetsbundle: Deleting attachments [163] (matching /web/assets/_______/web_editor.backend_assets_wysiwyg.min.js) because it was replaced with /web/assets/10ea26a/web_editor.backend_assets_wysiwyg.min.js 
2025-07-23 10:38:40,581 46100 INFO NWFTH-ERP-V1.0 werkzeug: 127.0.0.1 - - [23/Jul/2025 10:38:40] "GET /web/assets/10ea26a/web_editor.backend_assets_wysiwyg.min.js HTTP/1.1" 200 - 10 0.006 0.151
2025-07-23 10:38:40,664 46100 INFO NWFTH-ERP-V1.0 werkzeug: 127.0.0.1 - - [23/Jul/2025 10:38:40] "POST /web/dataset/call_kw/ir.ui.view/render_public_asset HTTP/1.1" 200 - 8 0.003 0.011
2025-07-23 10:38:41,156 46100 INFO NWFTH-ERP-V1.0 werkzeug: 127.0.0.1 - - [23/Jul/2025 10:38:41] "GET /web/image?model=res.users&id=7&field=avatar_128&unique=1753267119709 HTTP/1.1" 200 - 9 0.004 0.009
2025-07-23 10:38:46,646 46100 INFO NWFTH-ERP-V1.0 werkzeug: 127.0.0.1 - - [23/Jul/2025 10:38:46] "POST /web/dataset/call_kw/ir.module.module/search_panel_select_range HTTP/1.1" 200 - 1 0.001 0.003
2025-07-23 10:38:46,977 46100 INFO NWFTH-ERP-V1.0 werkzeug: 127.0.0.1 - - [23/Jul/2025 10:38:46] "POST /web/dataset/call_kw/ir.module.module/web_search_read HTTP/1.1" 200 - 3 0.003 0.017
2025-07-23 10:38:46,992 46100 INFO NWFTH-ERP-V1.0 werkzeug: 127.0.0.1 - - [23/Jul/2025 10:38:46] "POST /web/dataset/call_kw/ir.module.module/search_panel_select_range HTTP/1.1" 200 - 44 0.023 0.013
2025-07-23 10:38:49,637 46100 INFO NWFTH-ERP-V1.0 werkzeug: 127.0.0.1 - - [23/Jul/2025 10:38:49] "GET /web/session/logout HTTP/1.1" 303 - 1 0.001 0.004
2025-07-23 10:38:49,752 46100 INFO NWFTH-ERP-V1.0 werkzeug: 127.0.0.1 - - [23/Jul/2025 10:38:49] "GET /web HTTP/1.1" 303 - 1 0.000 0.002
2025-07-23 10:38:49,923 46100 INFO NWFTH-ERP-V1.0 werkzeug: 127.0.0.1 - - [23/Jul/2025 10:38:49] "GET /web/login HTTP/1.1" 200 - 4 0.002 0.014
2025-07-23 10:38:50,074 46100 INFO NWFTH-ERP-V1.0 werkzeug: 127.0.0.1 - - [23/Jul/2025 10:38:50] "GET /web/binary/company_logo HTTP/1.1" 304 - 2 0.001 0.002
2025-07-23 10:38:50,253 46100 INFO NWFTH-ERP-V1.0 werkzeug: 127.0.0.1 - - [23/Jul/2025 10:38:50] "GET /web/webclient/translations/1753267130121 HTTP/1.1" 200 - 3 0.002 0.004
2025-07-23 10:38:51,626 46100 INFO NWFTH-ERP-V1.0 werkzeug: 127.0.0.1 - - [23/Jul/2025 10:38:51] "GET /web/service-worker.js HTTP/1.1" 200 - 2 0.001 0.003
2025-07-23 10:38:51,962 46100 INFO NWFTH-ERP-V1.0 werkzeug: 127.0.0.1 - - [23/Jul/2025 10:38:51] "GET /web/offline HTTP/1.1" 200 - 3 0.002 0.004
2025-07-23 10:38:59,448 46100 INFO NWFTH-ERP-V1.0 odoo.addons.base.models.res_users: Login successful for db:NWFTH-ERP-V1.0 login:deachawat@newlywedsfoods.co.th from 127.0.0.1 
2025-07-23 10:38:59,459 46100 INFO NWFTH-ERP-V1.0 werkzeug: 127.0.0.1 - - [23/Jul/2025 10:38:59] "POST /web/login HTTP/1.1" 303 - 36 0.012 0.334
2025-07-23 10:38:59,498 46100 INFO NWFTH-ERP-V1.0 werkzeug: 127.0.0.1 - - [23/Jul/2025 10:38:59] "GET /web HTTP/1.1" 200 - 37 0.010 0.024
2025-07-23 10:39:00,048 46100 INFO NWFTH-ERP-V1.0 werkzeug: 127.0.0.1 - - [23/Jul/2025 10:39:00] "POST /web/dataset/call_kw/res.users/systray_get_activities HTTP/1.1" 200 - 19 0.010 0.010
2025-07-23 10:39:00,065 46100 INFO NWFTH-ERP-V1.0 werkzeug: 127.0.0.1 - - [23/Jul/2025 10:39:00] "POST /mail/init_messaging HTTP/1.1" 200 - 50 0.021 0.022
2025-07-23 10:39:00,083 46100 INFO NWFTH-ERP-V1.0 werkzeug: 127.0.0.1 - - [23/Jul/2025 10:39:00] "POST /web/action/load HTTP/1.1" 200 - 6 0.001 0.004
2025-07-23 10:39:00,135 46100 INFO NWFTH-ERP-V1.0 werkzeug: 127.0.0.1 - - [23/Jul/2025 10:39:00] "POST /mail/inbox/messages HTTP/1.1" 200 - 6 0.008 0.010
2025-07-23 10:39:00,137 46100 INFO NWFTH-ERP-V1.0 werkzeug: 127.0.0.1 - - [23/Jul/2025 10:39:00] "GET /web/image?model=res.company&field=appbar_image&id=1 HTTP/1.1" 304 - 10 0.012 0.012
2025-07-23 10:39:00,141 46100 INFO NWFTH-ERP-V1.0 werkzeug: 127.0.0.1 - - [23/Jul/2025 10:39:00] "POST /mail/load_message_failures HTTP/1.1" 200 - 11 0.014 0.012
2025-07-23 10:39:00,398 46100 INFO NWFTH-ERP-V1.0 werkzeug: 127.0.0.1 - - [23/Jul/2025 10:39:00] "GET /web/image?model=res.users&field=avatar_128&id=6 HTTP/1.1" 200 - 9 0.003 0.007
2025-07-23 10:39:00,413 46100 INFO NWFTH-ERP-V1.0 werkzeug: 127.0.0.1 - - [23/Jul/2025 10:39:00] "GET /bus/websocket_worker_bundle?v=17.0-1 HTTP/1.1" 304 - 3 0.001 0.003
2025-07-23 10:39:00,548 46100 INFO NWFTH-ERP-V1.0 werkzeug: 127.0.0.1 - - [23/Jul/2025 10:39:00] "GET /web/manifest.webmanifest HTTP/1.1" 200 - 8 0.003 0.005
2025-07-23 10:39:00,733 46100 INFO NWFTH-ERP-V1.0 werkzeug: 127.0.0.1 - - [23/Jul/2025 10:39:00] "GET /websocket?version=17.0-1 HTTP/1.1" 101 - 1 0.000 0.002
2025-07-23 10:39:01,054 46100 INFO NWFTH-ERP-V1.0 werkzeug: 127.0.0.1 - - [23/Jul/2025 10:39:01] "POST /web/action/load HTTP/1.1" 200 - 9 0.007 0.006
2025-07-23 10:39:01,398 46100 INFO NWFTH-ERP-V1.0 werkzeug: 127.0.0.1 - - [23/Jul/2025 10:39:01] "POST /web/dataset/call_kw/ir.module.module/get_views HTTP/1.1" 200 - 9 0.003 0.006
2025-07-23 10:39:01,641 46100 INFO NWFTH-ERP-V1.0 werkzeug: 127.0.0.1 - - [23/Jul/2025 10:39:01] "POST /web/dataset/call_kw/ir.module.module/search_panel_select_range HTTP/1.1" 200 - 1 0.001 0.002
2025-07-23 10:39:01,732 46100 INFO NWFTH-ERP-V1.0 werkzeug: 127.0.0.1 - - [23/Jul/2025 10:39:01] "GET /web/service-worker.js HTTP/1.1" 200 - 1 0.001 0.005
2025-07-23 10:39:01,758 46100 INFO NWFTH-ERP-V1.0 werkzeug: 127.0.0.1 - - [23/Jul/2025 10:39:01] "POST /web/dataset/call_kw/ir.module.module/web_search_read HTTP/1.1" 200 - 4 0.004 0.029
2025-07-23 10:39:01,765 46100 INFO NWFTH-ERP-V1.0 werkzeug: 127.0.0.1 - - [23/Jul/2025 10:39:01] "POST /web/dataset/call_kw/ir.module.module/search_panel_select_range HTTP/1.1" 200 - 45 0.025 0.015
2025-07-23 10:39:02,020 46100 INFO NWFTH-ERP-V1.0 werkzeug: 127.0.0.1 - - [23/Jul/2025 10:39:02] "GET /web/offline HTTP/1.1" 200 - 2 0.001 0.003
2025-07-23 10:39:02,071 46100 INFO NWFTH-ERP-V1.0 werkzeug: 127.0.0.1 - - [23/Jul/2025 10:39:02] "POST /web/action/load HTTP/1.1" 200 - 8 0.006 0.010
2025-07-23 10:39:02,366 46100 INFO NWFTH-ERP-V1.0 werkzeug: 127.0.0.1 - - [23/Jul/2025 10:39:02] "POST /web/dataset/call_kw/res.config.settings/get_views HTTP/1.1" 200 - 3 0.002 0.008
2025-07-23 10:39:02,458 46100 INFO NWFTH-ERP-V1.0 werkzeug: 127.0.0.1 - - [23/Jul/2025 10:39:02] "POST /web/dataset/call_kw/res.config.settings/onchange HTTP/1.1" 200 - 28 0.007 0.016
2025-07-23 10:39:02,694 46100 INFO NWFTH-ERP-V1.0 werkzeug: 127.0.0.1 - - [23/Jul/2025 10:39:02] "POST /base_setup/demo_active HTTP/1.1" 200 - 2 0.001 0.004
2025-07-23 10:39:02,861 46100 INFO NWFTH-ERP-V1.0 werkzeug: 127.0.0.1 - - [23/Jul/2025 10:39:02] "POST /base_setup/data HTTP/1.1" 200 - 5 0.002 0.003
2025-07-23 10:39:04,070 46100 INFO NWFTH-ERP-V1.0 werkzeug: 127.0.0.1 - - [23/Jul/2025 10:39:04] "POST /web/dataset/call_kw/res.config.settings/web_save HTTP/1.1" 200 - 30 0.010 0.063
2025-07-23 10:39:04,399 46100 INFO NWFTH-ERP-V1.0 werkzeug: 127.0.0.1 - - [23/Jul/2025 10:39:04] "POST /web/action/load HTTP/1.1" 200 - 11 0.003 0.006
2025-07-23 10:39:04,678 46100 INFO NWFTH-ERP-V1.0 werkzeug: 127.0.0.1 - - [23/Jul/2025 10:39:04] "POST /web/dataset/call_kw/res.users/get_views HTTP/1.1" 200 - 21 0.006 0.018
2025-07-23 10:39:04,730 46100 INFO NWFTH-ERP-V1.0 werkzeug: 127.0.0.1 - - [23/Jul/2025 10:39:04] "POST /web/dataset/call_kw/res.users/web_search_read HTTP/1.1" 200 - 8 0.003 0.006
2025-07-23 10:39:05,012 46100 INFO NWFTH-ERP-V1.0 werkzeug: 127.0.0.1 - - [23/Jul/2025 10:39:05] "POST /web/dataset/call_kw/res.users/has_group HTTP/1.1" 200 - 2 0.001 0.002
2025-07-23 10:39:12,512 46100 INFO NWFTH-ERP-V1.0 werkzeug: 127.0.0.1 - - [23/Jul/2025 10:39:12] "POST /web/dataset/call_kw/ir.module.module/search_panel_select_range HTTP/1.1" 200 - 1 0.001 0.004
2025-07-23 10:39:12,845 46100 INFO NWFTH-ERP-V1.0 werkzeug: 127.0.0.1 - - [23/Jul/2025 10:39:12] "POST /web/dataset/call_kw/ir.module.module/web_search_read HTTP/1.1" 200 - 3 0.003 0.019
2025-07-23 10:39:12,855 46100 INFO NWFTH-ERP-V1.0 werkzeug: 127.0.0.1 - - [23/Jul/2025 10:39:12] "POST /web/dataset/call_kw/ir.module.module/search_panel_select_range HTTP/1.1" 200 - 44 0.021 0.012
2025-07-23 10:39:13,410 46100 INFO NWFTH-ERP-V1.0 werkzeug: 127.0.0.1 - - [23/Jul/2025 10:39:13] "POST /web/dataset/call_kw/res.config.settings/onchange HTTP/1.1" 200 - 21 0.006 0.015
2025-07-23 10:39:15,874 46100 INFO ? werkzeug: 127.0.0.1 - - [23/Jul/2025 10:39:15] "GET /web/static/img/empty_folder.svg HTTP/1.1" 200 - 0 0.000 0.002
2025-07-23 10:39:21,930 46100 INFO NWFTH-ERP-V1.0 werkzeug: 127.0.0.1 - - [23/Jul/2025 10:39:21] "POST /web/dataset/call_kw/res.config.settings/web_save HTTP/1.1" 200 - 27 0.007 0.016
2025-07-23 10:39:22,180 46100 INFO NWFTH-ERP-V1.0 werkzeug: 127.0.0.1 - - [23/Jul/2025 10:39:22] "POST /web/action/load HTTP/1.1" 200 - 8 0.004 0.005
2025-07-23 10:39:22,265 46100 INFO NWFTH-ERP-V1.0 werkzeug: 127.0.0.1 - - [23/Jul/2025 10:39:22] "POST /web/dataset/call_kw/res.company.ldap/get_views HTTP/1.1" 200 - 13 0.003 0.008
2025-07-23 10:39:22,502 46100 INFO NWFTH-ERP-V1.0 werkzeug: 127.0.0.1 - - [23/Jul/2025 10:39:22] "POST /web/dataset/call_kw/res.company.ldap/web_search_read HTTP/1.1" 200 - 3 0.001 0.002
2025-07-23 10:39:24,662 46100 INFO NWFTH-ERP-V1.0 werkzeug: 127.0.0.1 - - [23/Jul/2025 10:39:24] "POST /web/dataset/call_kw/res.config.settings/onchange HTTP/1.1" 200 - 21 0.008 0.019
2025-07-23 10:39:38,859 46100 INFO NWFTH-ERP-V1.0 werkzeug: 127.0.0.1 - - [23/Jul/2025 10:39:38] "POST /web/dataset/call_kw/res.config.settings/onchange HTTP/1.1" 200 - 21 0.005 0.015
2025-07-23 10:39:39,485 46100 INFO NWFTH-ERP-V1.0 werkzeug: 127.0.0.1 - - [23/Jul/2025 10:39:39] "POST /web/dataset/call_kw/ir.module.module/search_panel_select_range HTTP/1.1" 200 - 1 0.001 0.003
2025-07-23 10:39:39,819 46100 INFO NWFTH-ERP-V1.0 werkzeug: 127.0.0.1 - - [23/Jul/2025 10:39:39] "POST /web/dataset/call_kw/ir.module.module/web_search_read HTTP/1.1" 200 - 3 0.003 0.025
2025-07-23 10:39:39,842 46100 INFO NWFTH-ERP-V1.0 werkzeug: 127.0.0.1 - - [23/Jul/2025 10:39:39] "POST /web/dataset/call_kw/ir.module.module/search_panel_select_range HTTP/1.1" 200 - 44 0.032 0.021
2025-07-23 10:39:41,412 46100 INFO NWFTH-ERP-V1.0 werkzeug: 127.0.0.1 - - [23/Jul/2025 10:39:41] "POST /web/dataset/call_kw/res.config.settings/onchange HTTP/1.1" 200 - 21 0.007 0.017
2025-07-23 10:39:45,354 46100 INFO NWFTH-ERP-V1.0 werkzeug: 127.0.0.1 - - [23/Jul/2025 10:39:45] "POST /web/action/load HTTP/1.1" 200 - 10 0.003 0.007
2025-07-23 10:39:45,676 46100 INFO NWFTH-ERP-V1.0 werkzeug: 127.0.0.1 - - [23/Jul/2025 10:39:45] "POST /web/dataset/call_kw/ir.mail_server/get_views HTTP/1.1" 200 - 2 0.001 0.005
2025-07-23 10:39:45,944 46100 INFO NWFTH-ERP-V1.0 werkzeug: 127.0.0.1 - - [23/Jul/2025 10:39:45] "POST /web/dataset/call_kw/ir.mail_server/web_search_read HTTP/1.1" 200 - 3 0.002 0.003
2025-07-23 10:39:47,070 46100 INFO NWFTH-ERP-V1.0 werkzeug: 127.0.0.1 - - [23/Jul/2025 10:39:47] "POST /web/dataset/call_kw/ir.mail_server/web_read HTTP/1.1" 200 - 2 0.001 0.004
2025-07-23 10:39:50,675 46100 INFO NWFTH-ERP-V1.0 werkzeug: 127.0.0.1 - - [23/Jul/2025 10:39:50] "POST /web/dataset/call_button HTTP/1.1" 200 - 4 0.003 2.351
2025-07-23 10:39:54,219 46100 INFO NWFTH-ERP-V1.0 werkzeug: 127.0.0.1 - - [23/Jul/2025 10:39:54] "POST /web/dataset/call_kw/ir.module.module/search_panel_select_range HTTP/1.1" 200 - 1 0.000 0.004
2025-07-23 10:39:54,542 46100 INFO NWFTH-ERP-V1.0 werkzeug: 127.0.0.1 - - [23/Jul/2025 10:39:54] "POST /web/dataset/call_kw/ir.module.module/web_search_read HTTP/1.1" 200 - 3 0.003 0.017
2025-07-23 10:39:54,555 46100 INFO NWFTH-ERP-V1.0 werkzeug: 127.0.0.1 - - [23/Jul/2025 10:39:54] "POST /web/dataset/call_kw/ir.module.module/search_panel_select_range HTTP/1.1" 200 - 44 0.020 0.013
2025-07-23 10:39:55,251 46100 INFO NWFTH-ERP-V1.0 werkzeug: 127.0.0.1 - - [23/Jul/2025 10:39:55] "POST /web/dataset/call_kw/res.config.settings/onchange HTTP/1.1" 200 - 21 0.005 0.015
2025-07-23 10:43:36,535 46100 INFO NWFTH-ERP-V1.0 odoo.addons.base.models.ir_cron: Starting job `Partner Autocomplete: Sync with remote DB`. 
2025-07-23 10:43:36,539 46100 INFO NWFTH-ERP-V1.0 odoo.addons.base.models.ir_cron: Job done: `Partner Autocomplete: Sync with remote DB` (0.004s). 
2025-07-23 10:43:36,549 46100 INFO NWFTH-ERP-V1.0 odoo.addons.base.models.ir_cron: Starting job `SMS: SMS Queue Manager`. 
2025-07-23 10:43:36,553 46100 INFO NWFTH-ERP-V1.0 odoo.addons.base.models.ir_cron: Job done: `SMS: SMS Queue Manager` (0.004s). 
2025-07-23 10:43:36,561 46100 INFO NWFTH-ERP-V1.0 odoo.addons.base.models.ir_cron: Starting job `Notification: Send scheduled message notifications`. 
2025-07-23 10:43:36,565 46100 INFO NWFTH-ERP-V1.0 odoo.addons.base.models.ir_cron: Job done: `Notification: Send scheduled message notifications` (0.004s). 
2025-07-23 10:43:36,573 46100 INFO NWFTH-ERP-V1.0 odoo.addons.base.models.ir_cron: Starting job `Mail: Email Queue Manager`. 
2025-07-23 10:43:36,580 46100 INFO NWFTH-ERP-V1.0 odoo.addons.base.models.ir_cron: Job done: `Mail: Email Queue Manager` (0.007s). 
2025-07-23 10:43:36,587 46100 INFO NWFTH-ERP-V1.0 odoo.addons.base.models.ir_cron: Starting job `Snailmail: process letters queue`. 
2025-07-23 10:43:36,590 46100 INFO NWFTH-ERP-V1.0 odoo.addons.base.models.ir_cron: Job done: `Snailmail: process letters queue` (0.003s). 
2025-07-23 10:52:32,144 46100 INFO NWFTH-ERP-V1.0 werkzeug: 127.0.0.1 - - [23/Jul/2025 10:52:32] "POST /web/dataset/call_kw/ir.module.module/search_panel_select_range HTTP/1.1" 200 - 1 0.024 0.233
2025-07-23 10:52:32,300 46100 INFO NWFTH-ERP-V1.0 werkzeug: 127.0.0.1 - - [23/Jul/2025 10:52:32] "POST /web/dataset/call_kw/ir.module.module/search_panel_select_range HTTP/1.1" 200 - 44 0.147 0.257
2025-07-23 10:52:32,368 46100 INFO NWFTH-ERP-V1.0 werkzeug: 127.0.0.1 - - [23/Jul/2025 10:52:32] "POST /web/dataset/call_kw/ir.module.module/web_search_read HTTP/1.1" 200 - 3 0.066 0.387
2025-07-23 10:52:39,222 46100 INFO NWFTH-ERP-V1.0 werkzeug: 127.0.0.1 - - [23/Jul/2025 10:52:39] "POST /web/dataset/call_button HTTP/1.1" 200 - 1 0.001 0.019
2025-07-23 10:52:39,649 46100 INFO NWFTH-ERP-V1.0 werkzeug: 127.0.0.1 - - [23/Jul/2025 10:52:39] "POST /web/dataset/call_kw/ir.module.module/get_views HTTP/1.1" 200 - 6 0.018 0.092
2025-07-23 10:52:40,144 46100 INFO NWFTH-ERP-V1.0 werkzeug: 127.0.0.1 - - [23/Jul/2025 10:52:40] "POST /web/dataset/call_kw/ir.module.module/web_read HTTP/1.1" 200 - 17 0.051 0.288
2025-07-23 10:52:40,246 46100 INFO NWFTH-ERP-V1.0 werkzeug: 127.0.0.1 - - [23/Jul/2025 10:52:40] "GET /web/bundle/web_editor.backend_assets_wysiwyg?lang=en_US&debug=1 HTTP/1.1" 200 - 1 0.001 0.013
2025-07-23 10:52:40,696 46100 INFO ? werkzeug: 127.0.0.1 - - [23/Jul/2025 10:52:40] "GET /base/static/src/css/description.css HTTP/1.1" 200 - 0 0.000 0.012
2025-07-23 10:52:40,715 46100 INFO NWFTH-ERP-V1.0 werkzeug: 127.0.0.1 - - [23/Jul/2025 10:52:40] "GET /web/image?model=ir.module.module&id=624&field=icon_image&unique=1752111234000 HTTP/1.1" 200 - 3 0.002 0.014
2025-07-23 10:52:44,505 46100 INFO NWFTH-ERP-V1.0 odoo.models.unlink: User #6 deleted ir.model.data records with IDs: [29881] 
2025-07-23 10:52:44,505 46100 INFO NWFTH-ERP-V1.0 odoo.models.unlink: User #6 deleted ir.module.module records with IDs: [624] 
2025-07-23 10:52:44,507 46100 INFO NWFTH-ERP-V1.0 odoo.modules.registry: Caches invalidated, signaling through the database: ['default'] 
2025-07-23 10:52:44,513 46100 INFO NWFTH-ERP-V1.0 werkzeug: 127.0.0.1 - - [23/Jul/2025 10:52:44] "POST /web/dataset/call_kw/ir.module.module/unlink HTTP/1.1" 200 - 21 0.064 0.070
2025-07-23 10:52:44,866 46100 INFO ? werkzeug: 127.0.0.1 - - [23/Jul/2025 10:52:44] "GET /web/static/img/placeholder.png HTTP/1.1" 200 - 0 0.000 0.012
2025-07-23 10:52:44,887 46100 INFO NWFTH-ERP-V1.0 werkzeug: 127.0.0.1 - - [23/Jul/2025 10:52:44] "POST /web/dataset/call_kw/ir.module.module/web_search_read HTTP/1.1" 200 - 12 0.014 0.036
2025-07-23 10:52:47,822 46100 INFO NWFTH-ERP-V1.0 werkzeug: 127.0.0.1 - - [23/Jul/2025 10:52:47] "POST /web/dataset/call_button HTTP/1.1" 200 - 1 0.001 0.003
2025-07-23 10:52:48,181 46100 INFO NWFTH-ERP-V1.0 werkzeug: 127.0.0.1 - - [23/Jul/2025 10:52:48] "POST /web/dataset/call_kw/ir.module.module/web_read HTTP/1.1" 200 - 17 0.012 0.012
2025-07-23 10:52:48,435 46100 INFO NWFTH-ERP-V1.0 werkzeug: 127.0.0.1 - - [23/Jul/2025 10:52:48] "GET /web/image?model=ir.module.module&id=625&field=icon_image&unique=1752111234000 HTTP/1.1" 200 - 5 0.005 0.009
2025-07-23 10:52:51,493 46100 INFO NWFTH-ERP-V1.0 odoo.models.unlink: User #6 deleted ir.model.data records with IDs: [29882] 
2025-07-23 10:52:51,494 46100 INFO NWFTH-ERP-V1.0 odoo.models.unlink: User #6 deleted ir.module.module records with IDs: [625] 
2025-07-23 10:52:51,496 46100 INFO NWFTH-ERP-V1.0 odoo.modules.registry: Caches invalidated, signaling through the database: ['default'] 
2025-07-23 10:52:51,498 46100 INFO NWFTH-ERP-V1.0 werkzeug: 127.0.0.1 - - [23/Jul/2025 10:52:51] "POST /web/dataset/call_kw/ir.module.module/unlink HTTP/1.1" 200 - 21 0.018 0.019
2025-07-23 10:52:51,860 46100 INFO NWFTH-ERP-V1.0 werkzeug: 127.0.0.1 - - [23/Jul/2025 10:52:51] "POST /web/dataset/call_kw/ir.module.module/web_search_read HTTP/1.1" 200 - 12 0.008 0.018
2025-07-23 10:52:54,189 46100 INFO NWFTH-ERP-V1.0 werkzeug: 127.0.0.1 - - [23/Jul/2025 10:52:54] "POST /web/dataset/call_button HTTP/1.1" 200 - 1 0.001 0.003
2025-07-23 10:52:54,546 46100 INFO NWFTH-ERP-V1.0 werkzeug: 127.0.0.1 - - [23/Jul/2025 10:52:54] "POST /web/dataset/call_kw/ir.module.module/web_read HTTP/1.1" 200 - 17 0.013 0.016
2025-07-23 10:52:54,773 46100 INFO NWFTH-ERP-V1.0 werkzeug: 127.0.0.1 - - [23/Jul/2025 10:52:54] "GET /web/image?model=ir.module.module&id=621&field=icon_image&unique=1752111234000 HTTP/1.1" 200 - 5 0.002 0.005
2025-07-23 10:52:57,833 46100 INFO NWFTH-ERP-V1.0 odoo.models.unlink: User #6 deleted ir.model.data records with IDs: [29876] 
2025-07-23 10:52:57,834 46100 INFO NWFTH-ERP-V1.0 odoo.models.unlink: User #6 deleted ir.module.module records with IDs: [621] 
2025-07-23 10:52:57,837 46100 INFO NWFTH-ERP-V1.0 odoo.modules.registry: Caches invalidated, signaling through the database: ['default'] 
2025-07-23 10:52:57,842 46100 INFO NWFTH-ERP-V1.0 werkzeug: 127.0.0.1 - - [23/Jul/2025 10:52:57] "POST /web/dataset/call_kw/ir.module.module/unlink HTTP/1.1" 200 - 21 0.017 0.014
2025-07-23 10:52:58,211 46100 INFO NWFTH-ERP-V1.0 werkzeug: 127.0.0.1 - - [23/Jul/2025 10:52:58] "POST /web/dataset/call_kw/ir.module.module/web_search_read HTTP/1.1" 200 - 12 0.005 0.021
2025-07-23 10:53:05,736 46100 INFO NWFTH-ERP-V1.0 werkzeug: 127.0.0.1 - - [23/Jul/2025 10:53:05] "POST /web/action/load HTTP/1.1" 200 - 11 0.012 0.019
2025-07-23 10:53:06,206 46100 INFO NWFTH-ERP-V1.0 werkzeug: 127.0.0.1 - - [23/Jul/2025 10:53:06] "POST /web/dataset/call_kw/hr.leave/get_views HTTP/1.1" 200 - 46 0.055 0.082
2025-07-23 10:53:06,321 46100 INFO NWFTH-ERP-V1.0 werkzeug: 127.0.0.1 - - [23/Jul/2025 10:53:06] "POST /web/dataset/call_kw/hr.leave/check_access_rights HTTP/1.1" 200 - 1 0.000 0.002
2025-07-23 10:53:06,607 46100 INFO NWFTH-ERP-V1.0 werkzeug: 127.0.0.1 - - [23/Jul/2025 10:53:06] "POST /web/dataset/call_kw/hr.leave/get_unusual_days HTTP/1.1" 200 - 15 0.015 0.060
2025-07-23 10:53:06,687 46100 INFO NWFTH-ERP-V1.0 werkzeug: 127.0.0.1 - - [23/Jul/2025 10:53:06] "POST /web/dataset/call_kw/hr.leave/search_read HTTP/1.1" 200 - 17 0.011 0.042
2025-07-23 10:53:06,932 46100 INFO NWFTH-ERP-V1.0 werkzeug: 127.0.0.1 - - [23/Jul/2025 10:53:06] "POST /web/dataset/call_kw/hr.employee/get_mandatory_days HTTP/1.1" 200 - 6 0.005 0.011
2025-07-23 10:53:07,024 46100 INFO NWFTH-ERP-V1.0 werkzeug: 127.0.0.1 - - [23/Jul/2025 10:53:07] "POST /web/dataset/call_kw/hr.leave.type/get_allocation_data_request HTTP/1.1" 200 - 13 0.009 0.018
2025-07-23 10:53:07,295 46100 INFO NWFTH-ERP-V1.0 werkzeug: 127.0.0.1 - - [23/Jul/2025 10:53:07] "POST /web/dataset/call_kw/hr.employee/get_special_days_data HTTP/1.1" 200 - 9 0.007 0.019
2025-07-23 10:53:07,322 46100 INFO NWFTH-ERP-V1.0 werkzeug: 127.0.0.1 - - [23/Jul/2025 10:53:07] "POST /web/dataset/call_kw/hr.leave.type/has_accrual_allocation HTTP/1.1" 200 - 8 0.036 0.014
2025-07-23 10:53:07,885 46100 INFO ? werkzeug: 127.0.0.1 - - [23/Jul/2025 10:53:07] "GET /hr_holidays/static/src/img/icons/Compensatory_Time_Off.svg HTTP/1.1" 200 - 0 0.000 0.002
2025-07-23 11:10:40,992 46100 INFO NWFTH-ERP-V1.0 werkzeug: 127.0.0.1 - - [23/Jul/2025 11:10:40] "POST /web/action/load HTTP/1.1" 200 - 9 0.085 0.473
2025-07-23 11:10:41,807 46100 INFO NWFTH-ERP-V1.0 werkzeug: 127.0.0.1 - - [23/Jul/2025 11:10:41] "POST /web/dataset/call_kw/hr.employee/get_views HTTP/1.1" 200 - 46 0.096 0.469
2025-07-23 11:10:42,716 46100 INFO NWFTH-ERP-V1.0 werkzeug: 127.0.0.1 - - [23/Jul/2025 11:10:42] "POST /web/dataset/call_kw/hr.employee/search_panel_select_range HTTP/1.1" 200 - 8 0.039 0.512
2025-07-23 11:10:42,789 46100 INFO NWFTH-ERP-V1.0 werkzeug: 127.0.0.1 - - [23/Jul/2025 11:10:42] "POST /web/dataset/call_kw/hr.employee/search_panel_select_range HTTP/1.1" 200 - 8 0.132 0.488
2025-07-23 11:10:43,089 46100 INFO NWFTH-ERP-V1.0 werkzeug: 127.0.0.1 - - [23/Jul/2025 11:10:43] "POST /web/dataset/call_kw/hr.employee/web_search_read HTTP/1.1" 200 - 41 0.252 0.656
2025-07-23 11:10:43,518 46100 INFO NWFTH-ERP-V1.0 werkzeug: 127.0.0.1 - - [23/Jul/2025 11:10:43] "GET /web/image/res.users/2/avatar_128 HTTP/1.1" 304 - 18 0.051 0.144
2025-07-23 11:10:43,934 46100 INFO NWFTH-ERP-V1.0 werkzeug: 127.0.0.1 - - [23/Jul/2025 11:10:43] "GET /web/image/res.users/8/avatar_128 HTTP/1.1" 304 - 9 0.036 0.219
2025-07-23 11:10:43,943 46100 INFO NWFTH-ERP-V1.0 werkzeug: 127.0.0.1 - - [23/Jul/2025 11:10:43] "GET /web/image?model=hr.employee&id=4&field=image_1024&unique=1753269043189 HTTP/1.1" 200 - 10 0.049 0.239
2025-07-23 11:10:43,966 46100 INFO NWFTH-ERP-V1.0 werkzeug: 127.0.0.1 - - [23/Jul/2025 11:10:43] "GET /web/image?model=hr.employee&id=3&field=image_1024&unique=1753269043191 HTTP/1.1" 200 - 10 0.052 0.254
2025-07-23 11:10:43,967 46100 INFO NWFTH-ERP-V1.0 werkzeug: 127.0.0.1 - - [23/Jul/2025 11:10:43] "GET /web/image?model=hr.employee&id=5&field=image_1024&unique=1753269043187 HTTP/1.1" 200 - 5 0.033 0.247
2025-07-23 11:10:44,005 46100 INFO NWFTH-ERP-V1.0 werkzeug: 127.0.0.1 - - [23/Jul/2025 11:10:44] "GET /web/image/res.users/7/avatar_128 HTTP/1.1" 304 - 9 0.046 0.115
2025-07-23 11:10:44,006 46100 INFO NWFTH-ERP-V1.0 werkzeug: 127.0.0.1 - - [23/Jul/2025 11:10:44] "GET /web/image/res.users/6/avatar_128 HTTP/1.1" 304 - 9 0.048 0.292
2025-07-23 11:10:44,293 46100 INFO NWFTH-ERP-V1.0 werkzeug: 127.0.0.1 - - [23/Jul/2025 11:10:44] "GET /web/image?model=hr.employee&id=1&field=image_1024&unique=1753269043165 HTTP/1.1" 200 - 5 0.011 0.022
2025-07-23 11:10:44,384 46100 INFO NWFTH-ERP-V1.0 werkzeug: 127.0.0.1 - - [23/Jul/2025 11:10:44] "GET /web/image?model=hr.employee&id=2&field=image_1024&unique=1753269043180 HTTP/1.1" 200 - 5 0.009 0.096
2025-07-23 11:10:46,581 46100 INFO ? odoo.service.server: Initiating shutdown 
2025-07-23 11:10:46,583 46100 INFO ? odoo.service.server: Hit CTRL-C again or send a second signal to force the shutdown. 
